Start auto log messages stack - Iteration 129.	[MsgId: MMSG-10545]
Starting action Action.	[MsgId: MMSG-15919]
Action.c(4): Notify: Transaction "UC_5_FindFlight" started.	[MsgId: MMSG-16999]
..\\common_lib.h(64): Notify: Transaction "homePage" started.	[MsgId: MMSG-16999]
..\\common_lib.h(66): web_add_auto_header("Upgrade-Insecure-Requests") started  	[MsgId: MMSG-26355]
..\\common_lib.h(66): web_add_auto_header("Upgrade-Insecure-Requests") was successful  	[MsgId: MMSG-26392]
..\\common_lib.h(70): web_reg_save_param_regexp started  	[MsgId: MMSG-26355]
..\\common_lib.h(70): Registering web_reg_save_param_regexp was successful  	[MsgId: MMSG-26390]
..\\common_lib.h(79): web_url("WebTours") started  	[MsgId: MMSG-26355]
..\\common_lib.h(79): Error -27792: Failed to connect to server "localhost:8090": [10061] Connection refused  	[MsgId: MERR-27792]
..\\common_lib.h(79): Error -35049: No match found for the requested parameter "userSession". Check whether the requested regular expression exists in the response data  	[MsgId: MERR-35049]
End auto log messages stack.	[MsgId: MMSG-10544]


Start auto log messages stack - Iteration 130.	[MsgId: MMSG-10545]
Starting action Action.	[MsgId: MMSG-15919]
Action.c(4): Notify: Transaction "UC_5_FindFlight" started.	[MsgId: MMSG-16999]
..\\common_lib.h(64): Notify: Transaction "homePage" started.	[MsgId: MMSG-16999]
..\\common_lib.h(66): web_add_auto_header("Upgrade-Insecure-Requests") started  	[MsgId: MMSG-26355]
..\\common_lib.h(66): web_add_auto_header("Upgrade-Insecure-Requests") was successful  	[MsgId: MMSG-26392]
..\\common_lib.h(70): web_reg_save_param_regexp started  	[MsgId: MMSG-26355]
..\\common_lib.h(70): Registering web_reg_save_param_regexp was successful  	[MsgId: MMSG-26390]
..\\common_lib.h(79): web_url("WebTours") started  	[MsgId: MMSG-26355]
..\\common_lib.h(79): Error -27792: Failed to connect to server "localhost:8090": [10061] Connection refused  	[MsgId: MERR-27792]
..\\common_lib.h(79): Error -35049: No match found for the requested parameter "userSession". Check whether the requested regular expression exists in the response data  	[MsgId: MERR-35049]
End auto log messages stack.	[MsgId: MMSG-10544]


Start auto log messages stack - Iteration 131.	[MsgId: MMSG-10545]
Starting action Action.	[MsgId: MMSG-15919]
Action.c(4): Notify: Transaction "UC_5_FindFlight" started.	[MsgId: MMSG-16999]
..\\common_lib.h(64): Notify: Transaction "homePage" started.	[MsgId: MMSG-16999]
..\\common_lib.h(66): web_add_auto_header("Upgrade-Insecure-Requests") started  	[MsgId: MMSG-26355]
..\\common_lib.h(66): web_add_auto_header("Upgrade-Insecure-Requests") was successful  	[MsgId: MMSG-26392]
..\\common_lib.h(70): web_reg_save_param_regexp started  	[MsgId: MMSG-26355]
..\\common_lib.h(70): Registering web_reg_save_param_regexp was successful  	[MsgId: MMSG-26390]
..\\common_lib.h(79): web_url("WebTours") started  	[MsgId: MMSG-26355]
..\\common_lib.h(79): Error -27792: Failed to connect to server "localhost:8090": [10061] Connection refused  	[MsgId: MERR-27792]
..\\common_lib.h(79): Error -35049: No match found for the requested parameter "userSession". Check whether the requested regular expression exists in the response data  	[MsgId: MERR-35049]
End auto log messages stack.	[MsgId: MMSG-10544]


