..\\common_lib.h(48):     N: none}\n
..\\common_lib.h(48):     \tA:hover{ FONT-WEIGHT: bold; FONT-SIZE: 10pt; COLOR: #993333; FONT-FAMILY: Tahoma;TEXT-DE
..\\common_lib.h(48):     CORATION: underline}\n
..\\common_lib.h(48):     \tTD {font-family: tahoma; font-size : 10pt; color: black}\n
..\\common_lib.h(48):     </style>\n
..\\common_lib.h(48):     <body bgcolor=#e0e7f1>\n
..\\common_lib.h(48):     <BR>\n
..\\common_lib.h(48):     <BR>\n
..\\common_lib.h(48):     <BR>\n
..\\common_lib.h(48):     <br >\n
..\\common_lib.h(48):     <table border=0>\n
..\\common_lib.h(48):     <tr><td></td></tr>\n
..\\common_lib.h(48):     <TR><TD></TD></TR>\n
..\\common_lib.h(48):     <TR><TD>\n
..\\common_lib.h(48):     <blockquote>\n
..\\common_lib.h(48):     <H1><b>Web Tours</b></H1>\n
..\\common_lib.h(48):     Welcome to the Web Tours site.\n
..\\common_lib.h(48):     <br>\n
..\\common_lib.h(48):     To make reservations,please enter your account information to the left.\n
..\\common_lib.h(48):     <br>\n
..\\common_lib.h(48):     If you haven't registered yet, <A href="login.pl?username=&amp;password=&amp;getInfo=true"
..\\common_lib.h(48):      ><B>sign up now</B></A> to get access to all our resources.\n
..\\common_lib.h(48):     <br>\n
..\\common_lib.h(48):     To configure the server options, use <A href="admin.pl" target=body ><b>administration</b>
..\\common_lib.h(48):     </A> link.\n
..\\common_lib.h(48):     <br><br><br><br><br><br>\n
..\\common_lib.h(48):     <br><small>\n
..\\common_lib.h(48):     This product uses parts of the SMT Kernel, Copyright (c) 1991-99 <A href="http://www.imati
..\\common_lib.h(48):     x.com" target=new><B><small>iMatix Corporation</small></B></A> \n
..\\common_lib.h(48):     </small>\n
..\\common_lib.h(48):     </blockquote></TD>\n
..\\common_lib.h(48):     <TD></TD></TR>\n
..\\common_lib.h(48):     </table>\n
..\\common_lib.h(48):     </body>\n
..\\common_lib.h(48):     </html>\n
..\\common_lib.h(48): t=186012ms: Request done "http://localhost:8090/WebTours/welcome.pl?signOff=1"  	[MsgId: MMSG-26000]
..\\common_lib.h(48): t=186012ms: Already connected [1] to localhost:8090  	[MsgId: MMSG-26000]
..\\common_lib.h(48): t=186012ms: 441-byte request headers for "http://localhost:8090/WebTours/nav.pl?in=home" (RelFrameId=1.1, Internal ID=80)
..\\common_lib.h(48):     GET /WebTours/nav.pl?in=home HTTP/1.1\r\n
..\\common_lib.h(48):     Referer: http://localhost:8090/WebTours/welcome.pl?signOff=1\r\n
..\\common_lib.h(48):     Upgrade-Insecure-Requests: 1\r\n
..\\common_lib.h(48):     User-Agent: Mozilla/5.0 (Windows NT 10.0; Win64; x64; rv:105.0) Gecko/20100101 Firefox/105
..\\common_lib.h(48):     .0\r\n
..\\common_lib.h(48):     Accept-Encoding: gzip, deflate\r\n
..\\common_lib.h(48):     Accept-Language: en-US,en;q=0.5\r\n
..\\common_lib.h(48):     Accept: */*\r\n
..\\common_lib.h(48):     Connection: Keep-Alive\r\n
..\\common_lib.h(48):     Host: localhost:8090\r\n
..\\common_lib.h(48):     Cookie: MSO=SID&1665738594&MSO_Comments&on&MSO_ServerErrorsProb&50&MSO_ServerLoadProb&50\r
..\\common_lib.h(48):     \n
..\\common_lib.h(48):     \r\n
..\\common_lib.h(48): t=186225ms: 253-byte response headers for "http://localhost:8090/WebTours/nav.pl?in=home" (RelFrameId=1.1, Internal ID=80)
..\\common_lib.h(48):     HTTP/1.1 200 Ok\r\n
..\\common_lib.h(48):     Server: Xitami\r\n
..\\common_lib.h(48):     Date: Fri, 14 Oct 2022 09:09:54 GMT\r\n
..\\common_lib.h(48):     Cache-control: no-cache\r\n
..\\common_lib.h(48):     Expires: 0\r\n
..\\common_lib.h(48):     Content-length: 2742\r\n
..\\common_lib.h(48):     Content-type: text/html; charset=ISO-8859-1\r\n
..\\common_lib.h(48):     Date: Fri, 14 Oct 2022 09:09:54 GMT\r\n
..\\common_lib.h(48):     Expires: Thu, 13 Oct 2022 09:09:54 GMT\r\n
..\\common_lib.h(48):     \r\n
..\\common_lib.h(48): t=186226ms: 2742-byte response body for "http://localhost:8090/WebTours/nav.pl?in=home" (RelFrameId=1.1, Internal ID=80)
..\\common_lib.h(48):     <!-- Comments option is ON \n
..\\common_lib.h(48):     \n
..\\common_lib.h(48):     These are used to make the automated parsing difficult.\n
..\\common_lib.h(48):     User must try and get the UserSession value.  There are several here, with similar boundar
..\\common_lib.h(48):     ies.\n
..\\common_lib.h(48):     But none are the right value.\n
..\\common_lib.h(48):     \n
..\\common_lib.h(48):     <!DOCTYPE HTML PUBLIC "-//IETF//DTD HTML//EN">\n
..\\common_lib.h(48):     <HTML><HEAD><TITLE>Web Tours Navigation Bar</TITLE>\n
..\\common_lib.h(48):     <style>\n
..\\common_lib.h(48):     \tblockquote {font-family: tahoma; font-size : 10pt}\n
..\\common_lib.h(48):     \tH1 {font-family: tahoma; font-size : 22pt;color: #993333}\n
..\\common_lib.h(48):     \tsmall {font-family: tahoma; font-size : 8pt}\n
..\\common_lib.h(48):     </style>\n
..\\common_lib.h(48):     </HEAD><BODY BGCOLOR="#E0E7F1"><br clear>\n
..\\common_lib.h(48):     <form method=post action=login.pl target=body>\n
..\\common_lib.h(48):     <input type=hidden name=userSession value=5092134932.247387606zQtAfHHptHftVztDptztif>\n
..\\common_lib.h(48):     <form method=post action=error.pl onSubmit='doJSformSubmit1(this)' target=body>\n
..\\common_lib.h(48):     <input type=hidden name=userSession value=1134932.247387606zQtAfHHptHftVztDptztif>\n
..\\common_lib.h(48):     <table border=0>\n
..\\common_lib.h(48):     <tr><td><font face=sans-serif size=2>&nbsp;</font><td><tr>\n
..\\common_lib.h(48):     <tr><td><font face=sans-serif size=2>&nbsp;<b>Username</b></font><td><tr>\n
..\\common_lib.h(48):     <tr><td><input type=text name=username value='' size=18 maxlength=30>\n
..\\common_lib.h(48):     <tr><td><font face=sans-serif size=2>&nbsp;<b>Password</b></font>\n
..\\common_lib.h(48):     <tr><td><input type=password name=password value='' size=18 maxlength=30>\n
..\\common_lib.h(48):     <tr><td><input type=image name=login value=Login alt=Login border=1 src='/WebTours/images/
..\\common_lib.h(48):     mer_login.gif'>\n
..\\common_lib.h(48):     </table></form>\n
..\\common_lib.h(48):     </BODY></HTML>\n
..\\common_lib.h(48):     -->\n
..\\common_lib.h(48):     <!DOCTYPE html\n
..\\common_lib.h(48):     \tPUBLIC "-//W3C//DTD XHTML 1.0 Transitional//EN"\n
..\\common_lib.h(48):     \t "http://www.w3.org/TR/xhtml1/DTD/xhtml1-transitional.dtd">\n
..\\common_lib.h(48):     <html xmlns="http://www.w3.org/1999/xhtml" lang="en-US" xml:lang="en-US">\n
..\\common_lib.h(48):     <head>\n
..\\common_lib.h(48):     <title>Web Tours Navigation Bar</title>\n
..\\common_lib.h(48):     <meta http-equiv="Content-Type" content="text/html; charset=iso-8859-1" />\n
..\\common_lib.h(48):     </head>\n
..\\common_lib.h(48):     <body bgcolor="#F3E2E2" background="images/fonJM.png">\n
..\\common_lib.h(48):     <style>\n
..\\common_lib.h(48):     blockquote {font-family: tahoma; font-size : 10pt}\n
..\\common_lib.h(48):     H1 {font-family: tahoma; font-size : 22pt; color: #993333}\n
..\\common_lib.h(48):     H3 {font-family: tahoma; font-size : 10pt; color: black}\n
..\\common_lib.h(48):     small {font-family: tahoma; font-size : 8pt}\n
..\\common_lib.h(48):     </style>\n
..\\common_lib.h(48):     <form method=post action=login.pl target=body>\n
..\\common_lib.h(48):     <input type=hidden name=userSession value=134932.247387606zQtAfHHptHftVztDptztif>\n
..\\common_lib.h(48):     <table border=0><tr><td>&nbsp;</td>\n
..\\common_lib.h(48):     <td>&nbsp;</td>\n
..\\common_lib.h(48):     <tr><td>&nbsp;</td>\n
..\\common_lib.h(48):     <td>&nbsp;</td></tr>\n
..\\common_lib.h(48):     <tr><td>&nbsp;</td>\n
..\\common_lib.h(48):     <td><small>&nbsp;Username</small></td></tr>\n
..\\common_lib.h(48):     <tr><td>&nbsp;</td>\n
..\\common_lib.h(48):     <td><input type=text name=username value='' size=14 maxlength=14></td></tr>\n
..\\common_lib.h(48):     <tr><td>&nbsp;</td>\n
..\\common_lib.h(48):     <td><small>&nbsp;Password</small></td>\n
..\\common_lib.h(48):     <tr><td>&nbsp;</td>\n
..\\common_lib.h(48):     <td><input type=password name=password value='' size=14 maxlength=14></td></tr>\n
..\\common_lib.h(48):     <tr><td>&nbsp;</td>\n
..\\common_lib.h(48):     <td>&nbsp;<tr><td>\n
..\\common_lib.h(48):     <tr><td>&nbsp;</td>\n
..\\common_lib.h(48):     <td><input type=image name=login value=Login alt=Login border=1 \n
..\\common_lib.h(48):     src='/WebTours/images/mer_login.gif'>\n
..\\common_lib.h(48):     <tr><td>&nbsp;</td>\n
..\\common_lib.h(48):     </table><input type=hidden name=JSFormSubmit value='off'>\n
..\\common_lib.h(48):     </form>\n
..\\common_lib.h(48):     \n
..\\common_lib.h(48):     </body>\n
..\\common_lib.h(48):     </html>\n
..\\common_lib.h(48): Resource "http://localhost:8090/WebTours/images/fonJM.png" is in the cache already and will not be downloaded again  	[MsgId: MMSG-26655]
..\\common_lib.h(48): Resource "http://localhost:8090/WebTours/images/mer_login.gif" is in the cache already and will not be downloaded again  	[MsgId: MMSG-26655]
..\\common_lib.h(48): t=186227ms: Request done "http://localhost:8090/WebTours/nav.pl?in=home"  	[MsgId: MMSG-26000]
..\\common_lib.h(48): web_url("SignOff Button") was successful, 3372 body bytes, 639 header bytes  	[MsgId: MMSG-26386]
..\\common_lib.h(58): Notify: Transaction "logout" ended with a "Pass" status (Duration: 14,4456 Think Time: 14,0033).	[MsgId: MMSG-16872]
Action.c(16): Notify: Transaction "UC_2_DeleteFlight" ended with a "Pass" status (Duration: 34,6779 Think Time: 32,0255 Wasted Time: 0,0008).	[MsgId: MMSG-16870]
Ending action Action.	[MsgId: MMSG-15918]
Action was aborted.	[MsgId: MMSG-10694]
Ending Vuser...	[MsgId: MMSG-15966]
Starting action vuser_end.	[MsgId: MMSG-15919]
Ending action vuser_end.	[MsgId: MMSG-15918]
Vuser Terminated.	[MsgId: MMSG-15963]
t=186228ms: Closed connection [0] to localhost:8090 after completing 9 request(s)  	[MsgId: MMSG-26000]
t=186228ms: Closed connection [1] to localhost:8090 after completing 7 request(s)  	[MsgId: MMSG-26000]
t=186228ms: Closed connection [2] to localhost:8090 after completing 5 request(s)  	[MsgId: MMSG-26000]
t=186228ms: Closed connection [3] to localhost:8090 after completing 3 request(s)  	[MsgId: MMSG-26000]
t=186228ms: Closed connection [4] to localhost:8090 after completing 2 request(s)  	[MsgId: MMSG-26000]
HTML-Mode memory management statistics: Reusable=8, NonReusable=0, CsMemBlockSize=4096, checks disabled  	[MsgId: MMSG-26000]
Vuser 5 (thread 1668), ended OK."	[MsgId: MMSG-10695]
