..\\common_lib.h(280):     lds" value="56"  /><input type="hidden" name=".cgifields" value="45"  /><input type="hidde
..\\common_lib.h(280):     n" name=".cgifields" value="66"  /><input type="hidden" name=".cgifields" value="19"  /><i
..\\common_lib.h(280):     nput type="hidden" name=".cgifields" value="54"  /><input type="hidden" name=".cgifields" 
..\\common_lib.h(280):     value="70"  /><input type="hidden" name=".cgifields" value="68"  /><input type="hidden" na
..\\common_lib.h(280):     me=".cgifields" value="1"  /><input type="hidden" name=".cgifields" value="136"  /><input 
..\\common_lib.h(280):     type="hidden" name=".cgifields" value="88"  /><input type="hidden" name=".cgifields" value
..\\common_lib.h(280):     ="116"  /><input type="hidden" name=".cgifields" value="30"  /><input type="hidden" name="
..\\common_lib.h(280):     .cgifields" value="100"  /><input type="hidden" name=".cgifields" value="25"  /><input typ
..\\common_lib.h(280):     e="hidden" name=".cgifields" value="128"  /><input type="hidden" name=".cgifields" value="
..\\common_lib.h(280):     28"  /><input type="hidden" name=".cgifields" value="120"  /><input type="hidden" name=".c
..\\common_lib.h(280):     gifields" value="134"  /><input type="hidden" name=".cgifields" value="40"  /><input type=
..\\common_lib.h(280):     "hidden" name=".cgifields" value="75"  /><input type="hidden" name=".cgifields" value="83"
..\\common_lib.h(280):       /><input type="hidden" name=".cgifields" value="59"  /><input type="hidden" name=".cgifi
..\\common_lib.h(280):     elds" value="130"  /><input type="hidden" name=".cgifields" value="53"  /><input type="hid
..\\common_lib.h(280):     den" name=".cgifields" value="122"  /><input type="hidden" name=".cgifields" value="42"  /
..\\common_lib.h(280):     ><input type="hidden" name=".cgifields" value="22"  /><input type="hidden" name=".cgifield
..\\common_lib.h(280):     s" value="46"  /><input type="hidden" name=".cgifields" value="13"  /><input type="hidden"
..\\common_lib.h(280):      name=".cgifields" value="105"  /><input type="hidden" name=".cgifields" value="6"  /><inp
..\\common_lib.h(280):     ut type="hidden" name=".cgifields" value="85"  /><input type="hidden" name=".cgifields" va
..\\common_lib.h(280):     lue="36"  /><input type="hidden" name=".cgifields" value="3"  /><input type="hidden" name=
..\\common_lib.h(280):     ".cgifields" value="94"  /><input type="hidden" name=".cgifields" value="51"  /><input typ
..\\common_lib.h(280):     e="hidden" name=".cgifields" value="9"  /><input type="hidden" name=".cgifields" value="11
..\\common_lib.h(280):     1"  /><input type="hidden" name=".cgifields" value="38"  /><input type="hidden" name=".cgi
..\\common_lib.h(280):     fields" value="4"  /><input type="hidden" name=".cgifields" value="34"  /><input type="hid
..\\common_lib.h(280):     den" name=".cgifields" value="132"  /></div></form>\n
..\\common_lib.h(280):     \n
..\\common_lib.h(280):     </center>\n
..\\common_lib.h(280):     \n
..\\common_lib.h(280):     </body>\n
..\\common_lib.h(280):     </html>
..\\common_lib.h(280): t=36221ms: Request done "http://localhost:8090/WebTours/itinerary.pl"  	[MsgId: MMSG-26000]
..\\common_lib.h(280): Registered web_reg_find successful for "Text="flightID" value=1531604-7-wD"  	[MsgId: MMSG-26362]
..\\common_lib.h(280): web_submit_form("itinerary.pl") was successful, 151843 body bytes, 255 header bytes  	[MsgId: MMSG-26386]
..\\common_lib.h(288): Notify: Transaction "deleteFirst" ended with a "Pass" status (Duration: 0,4676 Wasted Time: 0,0003).	[MsgId: MMSG-16871]
Action.c(18): Notify: Transaction "UC_2_DeleteFlight" ended with a "Pass" status (Duration: 12,3199 Think Time: 10,0172 Wasted Time: 0,0011).	[MsgId: MMSG-16870]
Ending action Action.	[MsgId: MMSG-15918]
Action was aborted.	[MsgId: MMSG-10694]
Ending Vuser...	[MsgId: MMSG-15966]
Starting action vuser_end.	[MsgId: MMSG-15919]
Ending action vuser_end.	[MsgId: MMSG-15918]
Vuser Terminated.	[MsgId: MMSG-15963]
t=36222ms: Closed connection [0] to localhost:8090 after completing 8 request(s)  	[MsgId: MMSG-26000]
t=36222ms: Closed connection [1] to localhost:8090 after completing 6 request(s)  	[MsgId: MMSG-26000]
t=36222ms: Closed connection [2] to localhost:8090 after completing 5 request(s)  	[MsgId: MMSG-26000]
t=36222ms: Closed connection [3] to localhost:8090 after completing 3 request(s)  	[MsgId: MMSG-26000]
t=36222ms: Closed connection [4] to localhost:8090 after completing 2 request(s)  	[MsgId: MMSG-26000]
HTML-Mode memory management statistics: Reusable=28, NonReusable=0, CsMemBlockSize=4096, checks disabled  	[MsgId: MMSG-26000]
Vuser 0 (thread 18472), ended OK."	[MsgId: MMSG-10695]
