Virtual User Script started at: 14.10.2022 14:38:17	[MsgId: MMSG-15967]
Starting action vuser_init.	[MsgId: MMSG-15919]
Web Turbo Replay of LoadRunner 2020.0.0 for Windows 10; build 793 (ноя 27 2019 19:51:20)  	[MsgId: MMSG-26983]
Run mode: HTML  	[MsgId: MMSG-26993]
Replay user agent: Mozilla/5.0 (Windows NT 10.0; Win64; x64; rv:105.0) Gecko/20100101 Firefox/105.0  	[MsgId: MMSG-26988]
Runtime Settings file: "C:\Users\Nikitka\AppData\Local\Temp\lr5tmpdir4ux.810\lrcfg3kz.819\cfgNf4.824"  	[MsgId: MMSG-27141]
Ending action vuser_init.	[MsgId: MMSG-15918]
Running Vuser...	[MsgId: MMSG-15964]
Starting iteration 1.	[MsgId: MMSG-15968]
Maximum number of concurrent connections per server: 6  	[MsgId: MMSG-26989]
Starting action Action.	[MsgId: MMSG-15919]
Action.c(4): Notify: Transaction "UC_1_BuyTicket" started.	[MsgId: MMSG-16999]
..\\common_lib.h(64): Notify: Transaction "homePage" started.	[MsgId: MMSG-16999]
..\\common_lib.h(66): web_add_auto_header("Upgrade-Insecure-Requests") started  	[MsgId: MMSG-26355]
..\\common_lib.h(66): web_add_auto_header("Upgrade-Insecure-Requests") was successful  	[MsgId: MMSG-26392]
..\\common_lib.h(70): web_reg_save_param_regexp started  	[MsgId: MMSG-26355]
..\\common_lib.h(70): Registering web_reg_save_param_regexp was successful  	[MsgId: MMSG-26390]
..\\common_lib.h(79): web_url("WebTours") started  	[MsgId: MMSG-26355]
..\\common_lib.h(79): Detected non-resource "http://localhost:8090/WebTours/header.html" in "http://localhost:8090/WebTours/"  	[MsgId: MMSG-26574]
..\\common_lib.h(79): Detected non-resource "http://localhost:8090/WebTours/welcome.pl?signOff=true" in "http://localhost:8090/WebTours/"  	[MsgId: MMSG-26574]
..\\common_lib.h(79): Found resource "http://localhost:8090/WebTours/images/jmeter_logo.png" in HTML "http://localhost:8090/WebTours/header.html"  	[MsgId: MMSG-26659]
..\\common_lib.h(79): Found resource "http://localhost:8090/WebTours/images/webtours.png" in HTML "http://localhost:8090/WebTours/header.html"  	[MsgId: MMSG-26659]
..\\common_lib.h(79): Found resource "http://localhost:8090/WebTours/images/in_home.gif" in HTML "http://localhost:8090/WebTours/header.html"  	[MsgId: MMSG-26659]
..\\common_lib.h(79): Detected non-resource "http://localhost:8090/WebTours/nav.pl?in=home" in "http://localhost:8090/WebTours/welcome.pl?signOff=true"  	[MsgId: MMSG-26574]
..\\common_lib.h(79): Detected non-resource "http://localhost:8090/WebTours/home.html" in "http://localhost:8090/WebTours/welcome.pl?signOff=true"  	[MsgId: MMSG-26574]
..\\common_lib.h(79): Found resource "http://localhost:8090/WebTours/images/fonJM.png" in HTML "http://localhost:8090/WebTours/nav.pl?in=home"  	[MsgId: MMSG-26659]
..\\common_lib.h(79): Found resource "http://localhost:8090/WebTours/images/mer_login.gif" in HTML "http://localhost:8090/WebTours/nav.pl?in=home"  	[MsgId: MMSG-26659]
..\\common_lib.h(79): Notify: Saving Parameter "userSession = 134932.385338194zQtAfitpfHAiDDDDtVztDpfAHtcf".	[MsgId: MMSG-13798]
..\\common_lib.h(79): web_url("WebTours") was successful, 40145 body bytes, 1955 header bytes  	[MsgId: MMSG-26386]
..\\common_lib.h(89): Notify: Transaction "homePage" ended with a "Pass" status (Duration: 1,0303 Wasted Time: 0,0006).	[MsgId: MMSG-16871]
..\\common_lib.h(3): Notify: Transaction "login" started.	[MsgId: MMSG-16999]
..\\common_lib.h(5): web_set_sockets_option started  	[MsgId: MMSG-26355]
..\\common_lib.h(5): web_set_sockets_option was successful  	[MsgId: MMSG-26392]
..\\common_lib.h(7): web_remove_auto_header("Upgrade-Insecure-Requests") started  	[MsgId: MMSG-26355]
..\\common_lib.h(7): Previous automatically added web header for "Upgrade-Insecure-Requests" removed  	[MsgId: MMSG-26587]
..\\common_lib.h(7): web_remove/revert_auto_header("Upgrade-Insecure-Requests") was successful  	[MsgId: MMSG-26392]
..\\common_lib.h(9): web_add_header("Origin") started  	[MsgId: MMSG-26355]
..\\common_lib.h(9): web_add_header("Origin") was successful  	[MsgId: MMSG-26392]
..\\common_lib.h(12): lr_think_time: 7,00 seconds.	[MsgId: MMSG-15948]
Virtual User Script started at: 14.10.2022 14:38:20	[MsgId: MMSG-15967]
Starting action vuser_init.	[MsgId: MMSG-15919]
Web Turbo Replay of LoadRunner 2020.0.0 for Windows 10; build 793 (ноя 27 2019 19:51:20)  	[MsgId: MMSG-26983]
Run mode: HTML  	[MsgId: MMSG-26993]
Replay user agent: Mozilla/5.0 (Windows NT 10.0; Win64; x64; rv:105.0) Gecko/20100101 Firefox/105.0  	[MsgId: MMSG-26988]
Runtime Settings file: "C:\Users\Nikitka\AppData\Local\Temp\lr5tmpdir4ux.810\lrcfg3kz.819\cfgNf4.824"  	[MsgId: MMSG-27141]
Ending action vuser_init.	[MsgId: MMSG-15918]
Running Vuser...	[MsgId: MMSG-15964]
Starting iteration 1.	[MsgId: MMSG-15968]
Maximum number of concurrent connections per server: 6  	[MsgId: MMSG-26989]
Starting action Action.	[MsgId: MMSG-15919]
Action.c(4): Notify: Transaction "UC_1_BuyTicket" started.	[MsgId: MMSG-16999]
..\\common_lib.h(64): Notify: Transaction "homePage" started.	[MsgId: MMSG-16999]
..\\common_lib.h(66): web_add_auto_header("Upgrade-Insecure-Requests") started  	[MsgId: MMSG-26355]
..\\common_lib.h(66): web_add_auto_header("Upgrade-Insecure-Requests") was successful  	[MsgId: MMSG-26392]
..\\common_lib.h(70): web_reg_save_param_regexp started  	[MsgId: MMSG-26355]
..\\common_lib.h(70): Registering web_reg_save_param_regexp was successful  	[MsgId: MMSG-26390]
..\\common_lib.h(79): web_url("WebTours") started  	[MsgId: MMSG-26355]
..\\common_lib.h(79): Detected non-resource "http://localhost:8090/WebTours/header.html" in "http://localhost:8090/WebTours/"  	[MsgId: MMSG-26574]
..\\common_lib.h(79): Detected non-resource "http://localhost:8090/WebTours/welcome.pl?signOff=true" in "http://localhost:8090/WebTours/"  	[MsgId: MMSG-26574]
..\\common_lib.h(79): Found resource "http://localhost:8090/WebTours/images/jmeter_logo.png" in HTML "http://localhost:8090/WebTours/header.html"  	[MsgId: MMSG-26659]
..\\common_lib.h(79): Found resource "http://localhost:8090/WebTours/images/webtours.png" in HTML "http://localhost:8090/WebTours/header.html"  	[MsgId: MMSG-26659]
..\\common_lib.h(79): Found resource "http://localhost:8090/WebTours/images/in_home.gif" in HTML "http://localhost:8090/WebTours/header.html"  	[MsgId: MMSG-26659]
..\\common_lib.h(79): Detected non-resource "http://localhost:8090/WebTours/nav.pl?in=home" in "http://localhost:8090/WebTours/welcome.pl?signOff=true"  	[MsgId: MMSG-26574]
..\\common_lib.h(79): Detected non-resource "http://localhost:8090/WebTours/home.html" in "http://localhost:8090/WebTours/welcome.pl?signOff=true"  	[MsgId: MMSG-26574]
..\\common_lib.h(79): Found resource "http://localhost:8090/WebTours/images/fonJM.png" in HTML "http://localhost:8090/WebTours/nav.pl?in=home"  	[MsgId: MMSG-26659]
..\\common_lib.h(79): Found resource "http://localhost:8090/WebTours/images/mer_login.gif" in HTML "http://localhost:8090/WebTours/nav.pl?in=home"  	[MsgId: MMSG-26659]
..\\common_lib.h(79): Notify: Saving Parameter "userSession = 134932.385581207zQtAfitpfiDDDDDDtVztDpfAHf".	[MsgId: MMSG-13798]
..\\common_lib.h(79): web_url("WebTours") was successful, 40139 body bytes, 1955 header bytes  	[MsgId: MMSG-26386]
..\\common_lib.h(89): Notify: Transaction "homePage" ended with a "Pass" status (Duration: 0,4701 Wasted Time: 0,0004).	[MsgId: MMSG-16871]
..\\common_lib.h(3): Notify: Transaction "login" started.	[MsgId: MMSG-16999]
..\\common_lib.h(5): web_set_sockets_option started  	[MsgId: MMSG-26355]
..\\common_lib.h(5): web_set_sockets_option was successful  	[MsgId: MMSG-26392]
..\\common_lib.h(7): web_remove_auto_header("Upgrade-Insecure-Requests") started  	[MsgId: MMSG-26355]
..\\common_lib.h(7): Previous automatically added web header for "Upgrade-Insecure-Requests" removed  	[MsgId: MMSG-26587]
..\\common_lib.h(7): web_remove/revert_auto_header("Upgrade-Insecure-Requests") was successful  	[MsgId: MMSG-26392]
..\\common_lib.h(9): web_add_header("Origin") started  	[MsgId: MMSG-26355]
..\\common_lib.h(9): web_add_header("Origin") was successful  	[MsgId: MMSG-26392]
..\\common_lib.h(12): lr_think_time: 7,00 seconds.	[MsgId: MMSG-15948]
..\\common_lib.h(14): web_reg_find started  	[MsgId: MMSG-26355]
..\\common_lib.h(14): Notify: Parameter Substitution: parameter "userLogin" =  "Nikita"	[MsgId: MMSG-13992]
..\\common_lib.h(14): Registering web_reg_find was successful  	[MsgId: MMSG-26390]
..\\common_lib.h(17): web_submit_data("login.pl") started  	[MsgId: MMSG-26355]
..\\common_lib.h(17): Notify: Parameter Substitution: parameter "userSession" =  "134932.385338194zQtAfitpfHAiDDDDtVztDpfAHtcf"	[MsgId: MMSG-13992]
..\\common_lib.h(17): Notify: Parameter Substitution: parameter "userLogin" =  "Nikita"	[MsgId: MMSG-13992]
..\\common_lib.h(17): Notify: Next row for parameter userPassword = 1 [table  = userPassword].	[MsgId: MMSG-13876]
..\\common_lib.h(17): Notify: Parameter Substitution: parameter "userPassword" =  "nikita"	[MsgId: MMSG-13992]
..\\common_lib.h(17): Detected non-resource "http://localhost:8090/WebTours/nav.pl?page=menu&in=home" in "http://localhost:8090/WebTours/login.pl"  	[MsgId: MMSG-26574]
..\\common_lib.h(17): Detected non-resource "http://localhost:8090/WebTours/login.pl?intro=true" in "http://localhost:8090/WebTours/login.pl"  	[MsgId: MMSG-26574]
Virtual User Script started at: 14.10.2022 14:38:25	[MsgId: MMSG-15967]
Starting action vuser_init.	[MsgId: MMSG-15919]
Web Turbo Replay of LoadRunner 2020.0.0 for Windows 10; build 793 (ноя 27 2019 19:51:20)  	[MsgId: MMSG-26983]
Run mode: HTML  	[MsgId: MMSG-26993]
Replay user agent: Mozilla/5.0 (Windows NT 10.0; Win64; x64; rv:105.0) Gecko/20100101 Firefox/105.0  	[MsgId: MMSG-26988]
Runtime Settings file: "C:\Users\Nikitka\AppData\Local\Temp\lr5tmpdir4ux.810\lrcfg3kz.819\cfgNf4.824"  	[MsgId: MMSG-27141]
Ending action vuser_init.	[MsgId: MMSG-15918]
Running Vuser...	[MsgId: MMSG-15964]
Starting iteration 1.	[MsgId: MMSG-15968]
Maximum number of concurrent connections per server: 6  	[MsgId: MMSG-26989]
Starting action Action.	[MsgId: MMSG-15919]
Action.c(4): Notify: Transaction "UC_1_BuyTicket" started.	[MsgId: MMSG-16999]
..\\common_lib.h(64): Notify: Transaction "homePage" started.	[MsgId: MMSG-16999]
..\\common_lib.h(66): web_add_auto_header("Upgrade-Insecure-Requests") started  	[MsgId: MMSG-26355]
..\\common_lib.h(66): web_add_auto_header("Upgrade-Insecure-Requests") was successful  	[MsgId: MMSG-26392]
..\\common_lib.h(70): web_reg_save_param_regexp started  	[MsgId: MMSG-26355]
..\\common_lib.h(70): Registering web_reg_save_param_regexp was successful  	[MsgId: MMSG-26390]
..\\common_lib.h(79): web_url("WebTours") started  	[MsgId: MMSG-26355]
..\\common_lib.h(17): Resource "http://localhost:8090/WebTours/images/fonJM.png" is in the cache already and will not be downloaded again  	[MsgId: MMSG-26655]
..\\common_lib.h(17): Found resource "http://localhost:8090/WebTours/images/flights.gif" in HTML "http://localhost:8090/WebTours/nav.pl?page=menu&in=home"  	[MsgId: MMSG-26659]
..\\common_lib.h(17): Found resource "http://localhost:8090/WebTours/images/itinerary.gif" in HTML "http://localhost:8090/WebTours/nav.pl?page=menu&in=home"  	[MsgId: MMSG-26659]
..\\common_lib.h(17): Resource "http://localhost:8090/WebTours/images/in_home.gif" is in the cache already and will not be downloaded again  	[MsgId: MMSG-26655]
..\\common_lib.h(17): Found resource "http://localhost:8090/WebTours/images/signoff.gif" in HTML "http://localhost:8090/WebTours/nav.pl?page=menu&in=home"  	[MsgId: MMSG-26659]
..\\common_lib.h(79): Detected non-resource "http://localhost:8090/WebTours/header.html" in "http://localhost:8090/WebTours/"  	[MsgId: MMSG-26574]
..\\common_lib.h(79): Detected non-resource "http://localhost:8090/WebTours/welcome.pl?signOff=true" in "http://localhost:8090/WebTours/"  	[MsgId: MMSG-26574]
..\\common_lib.h(17): Registered web_reg_find successful for "Text=Welcome, <b>Nikita</b>" (count=1)  	[MsgId: MMSG-26364]
..\\common_lib.h(17): web_submit_data("login.pl") was successful, 5037 body bytes, 1343 header bytes  	[MsgId: MMSG-26386]
..\\common_lib.h(35): Notify: Transaction "login" ended with a "Pass" status (Duration: 7,4669 Think Time: 7,0053 Wasted Time: 0,0000).	[MsgId: MMSG-16870]
..\\common_lib.h(96): Notify: Transaction "goToFlight" started.	[MsgId: MMSG-16999]
..\\common_lib.h(98): web_add_auto_header("Upgrade-Insecure-Requests") started  	[MsgId: MMSG-26355]
..\\common_lib.h(98): web_add_auto_header("Upgrade-Insecure-Requests") was successful  	[MsgId: MMSG-26392]
..\\common_lib.h(100): lr_think_time: 23,00 seconds.	[MsgId: MMSG-15948]
..\\common_lib.h(79): Found resource "http://localhost:8090/WebTours/images/jmeter_logo.png" in HTML "http://localhost:8090/WebTours/header.html"  	[MsgId: MMSG-26659]
..\\common_lib.h(79): Found resource "http://localhost:8090/WebTours/images/webtours.png" in HTML "http://localhost:8090/WebTours/header.html"  	[MsgId: MMSG-26659]
..\\common_lib.h(79): Found resource "http://localhost:8090/WebTours/images/in_home.gif" in HTML "http://localhost:8090/WebTours/header.html"  	[MsgId: MMSG-26659]
..\\common_lib.h(79): Detected non-resource "http://localhost:8090/WebTours/nav.pl?in=home" in "http://localhost:8090/WebTours/welcome.pl?signOff=true"  	[MsgId: MMSG-26574]
..\\common_lib.h(79): Detected non-resource "http://localhost:8090/WebTours/home.html" in "http://localhost:8090/WebTours/welcome.pl?signOff=true"  	[MsgId: MMSG-26574]
..\\common_lib.h(79): Found resource "http://localhost:8090/WebTours/images/fonJM.png" in HTML "http://localhost:8090/WebTours/nav.pl?in=home"  	[MsgId: MMSG-26659]
..\\common_lib.h(79): Found resource "http://localhost:8090/WebTours/images/mer_login.gif" in HTML "http://localhost:8090/WebTours/nav.pl?in=home"  	[MsgId: MMSG-26659]
..\\common_lib.h(79): Notify: Saving Parameter "userSession = 134932.385986229zQtAfitpzAtVzzzHtVztDpfAHzcf".	[MsgId: MMSG-13798]
..\\common_lib.h(79): web_url("WebTours") was successful, 40145 body bytes, 1955 header bytes  	[MsgId: MMSG-26386]
..\\common_lib.h(89): Notify: Transaction "homePage" ended with a "Pass" status (Duration: 0,4464 Wasted Time: 0,0004).	[MsgId: MMSG-16871]
..\\common_lib.h(3): Notify: Transaction "login" started.	[MsgId: MMSG-16999]
..\\common_lib.h(5): web_set_sockets_option started  	[MsgId: MMSG-26355]
..\\common_lib.h(5): web_set_sockets_option was successful  	[MsgId: MMSG-26392]
..\\common_lib.h(7): web_remove_auto_header("Upgrade-Insecure-Requests") started  	[MsgId: MMSG-26355]
..\\common_lib.h(7): Previous automatically added web header for "Upgrade-Insecure-Requests" removed  	[MsgId: MMSG-26587]
..\\common_lib.h(7): web_remove/revert_auto_header("Upgrade-Insecure-Requests") was successful  	[MsgId: MMSG-26392]
..\\common_lib.h(9): web_add_header("Origin") started  	[MsgId: MMSG-26355]
..\\common_lib.h(9): web_add_header("Origin") was successful  	[MsgId: MMSG-26392]
..\\common_lib.h(12): lr_think_time: 7,00 seconds.	[MsgId: MMSG-15948]
..\\common_lib.h(14): web_reg_find started  	[MsgId: MMSG-26355]
..\\common_lib.h(14): Notify: Parameter Substitution: parameter "userLogin" =  "Nikita"	[MsgId: MMSG-13992]
..\\common_lib.h(14): Registering web_reg_find was successful  	[MsgId: MMSG-26390]
..\\common_lib.h(17): web_submit_data("login.pl") started  	[MsgId: MMSG-26355]
..\\common_lib.h(17): Notify: Parameter Substitution: parameter "userSession" =  "134932.385581207zQtAfitpfiDDDDDDtVztDpfAHf"	[MsgId: MMSG-13992]
..\\common_lib.h(17): Notify: Parameter Substitution: parameter "userLogin" =  "Nikita"	[MsgId: MMSG-13992]
..\\common_lib.h(17): Notify: Next row for parameter userPassword = 1 [table  = userPassword].	[MsgId: MMSG-13876]
..\\common_lib.h(17): Notify: Parameter Substitution: parameter "userPassword" =  "nikita"	[MsgId: MMSG-13992]
..\\common_lib.h(17): Detected non-resource "http://localhost:8090/WebTours/nav.pl?page=menu&in=home" in "http://localhost:8090/WebTours/login.pl"  	[MsgId: MMSG-26574]
..\\common_lib.h(17): Detected non-resource "http://localhost:8090/WebTours/login.pl?intro=true" in "http://localhost:8090/WebTours/login.pl"  	[MsgId: MMSG-26574]
..\\common_lib.h(17): Resource "http://localhost:8090/WebTours/images/fonJM.png" is in the cache already and will not be downloaded again  	[MsgId: MMSG-26655]
..\\common_lib.h(17): Found resource "http://localhost:8090/WebTours/images/flights.gif" in HTML "http://localhost:8090/WebTours/nav.pl?page=menu&in=home"  	[MsgId: MMSG-26659]
..\\common_lib.h(17): Found resource "http://localhost:8090/WebTours/images/itinerary.gif" in HTML "http://localhost:8090/WebTours/nav.pl?page=menu&in=home"  	[MsgId: MMSG-26659]
..\\common_lib.h(17): Resource "http://localhost:8090/WebTours/images/in_home.gif" is in the cache already and will not be downloaded again  	[MsgId: MMSG-26655]
..\\common_lib.h(17): Found resource "http://localhost:8090/WebTours/images/signoff.gif" in HTML "http://localhost:8090/WebTours/nav.pl?page=menu&in=home"  	[MsgId: MMSG-26659]
..\\common_lib.h(17): Registered web_reg_find successful for "Text=Welcome, <b>Nikita</b>" (count=1)  	[MsgId: MMSG-26364]
..\\common_lib.h(17): web_submit_data("login.pl") was successful, 5037 body bytes, 1343 header bytes  	[MsgId: MMSG-26386]
..\\common_lib.h(35): Notify: Transaction "login" ended with a "Pass" status (Duration: 7,4583 Think Time: 7,0009 Wasted Time: 0,0000).	[MsgId: MMSG-16870]
..\\common_lib.h(96): Notify: Transaction "goToFlight" started.	[MsgId: MMSG-16999]
..\\common_lib.h(98): web_add_auto_header("Upgrade-Insecure-Requests") started  	[MsgId: MMSG-26355]
..\\common_lib.h(98): web_add_auto_header("Upgrade-Insecure-Requests") was successful  	[MsgId: MMSG-26392]
..\\common_lib.h(100): lr_think_time: 23,00 seconds.	[MsgId: MMSG-15948]
..\\common_lib.h(14): web_reg_find started  	[MsgId: MMSG-26355]
..\\common_lib.h(14): Notify: Parameter Substitution: parameter "userLogin" =  "Nikita"	[MsgId: MMSG-13992]
..\\common_lib.h(14): Registering web_reg_find was successful  	[MsgId: MMSG-26390]
..\\common_lib.h(17): web_submit_data("login.pl") started  	[MsgId: MMSG-26355]
..\\common_lib.h(17): Notify: Parameter Substitution: parameter "userSession" =  "134932.385986229zQtAfitpzAtVzzzHtVztDpfAHzcf"	[MsgId: MMSG-13992]
..\\common_lib.h(17): Notify: Parameter Substitution: parameter "userLogin" =  "Nikita"	[MsgId: MMSG-13992]
..\\common_lib.h(17): Notify: Next row for parameter userPassword = 1 [table  = userPassword].	[MsgId: MMSG-13876]
..\\common_lib.h(17): Notify: Parameter Substitution: parameter "userPassword" =  "nikita"	[MsgId: MMSG-13992]
..\\common_lib.h(17): Detected non-resource "http://localhost:8090/WebTours/nav.pl?page=menu&in=home" in "http://localhost:8090/WebTours/login.pl"  	[MsgId: MMSG-26574]
..\\common_lib.h(17): Detected non-resource "http://localhost:8090/WebTours/login.pl?intro=true" in "http://localhost:8090/WebTours/login.pl"  	[MsgId: MMSG-26574]
..\\common_lib.h(17): Resource "http://localhost:8090/WebTours/images/fonJM.png" is in the cache already and will not be downloaded again  	[MsgId: MMSG-26655]
..\\common_lib.h(17): Found resource "http://localhost:8090/WebTours/images/flights.gif" in HTML "http://localhost:8090/WebTours/nav.pl?page=menu&in=home"  	[MsgId: MMSG-26659]
..\\common_lib.h(17): Found resource "http://localhost:8090/WebTours/images/itinerary.gif" in HTML "http://localhost:8090/WebTours/nav.pl?page=menu&in=home"  	[MsgId: MMSG-26659]
..\\common_lib.h(17): Resource "http://localhost:8090/WebTours/images/in_home.gif" is in the cache already and will not be downloaded again  	[MsgId: MMSG-26655]
..\\common_lib.h(17): Found resource "http://localhost:8090/WebTours/images/signoff.gif" in HTML "http://localhost:8090/WebTours/nav.pl?page=menu&in=home"  	[MsgId: MMSG-26659]
..\\common_lib.h(17): Registered web_reg_find successful for "Text=Welcome, <b>Nikita</b>" (count=1)  	[MsgId: MMSG-26364]
..\\common_lib.h(17): web_submit_data("login.pl") was successful, 5037 body bytes, 1343 header bytes  	[MsgId: MMSG-26386]
..\\common_lib.h(35): Notify: Transaction "login" ended with a "Pass" status (Duration: 7,6523 Think Time: 7,0126 Wasted Time: 0,0000).	[MsgId: MMSG-16870]
..\\common_lib.h(96): Notify: Transaction "goToFlight" started.	[MsgId: MMSG-16999]
..\\common_lib.h(98): web_add_auto_header("Upgrade-Insecure-Requests") started  	[MsgId: MMSG-26355]
..\\common_lib.h(98): web_add_auto_header("Upgrade-Insecure-Requests") was successful  	[MsgId: MMSG-26392]
..\\common_lib.h(100): lr_think_time: 23,00 seconds.	[MsgId: MMSG-15948]
..\\common_lib.h(102): web_url("Search Flights Button") started  	[MsgId: MMSG-26355]
..\\common_lib.h(102): Detected non-resource "http://localhost:8090/WebTours/nav.pl?page=menu&in=flights" in "http://localhost:8090/WebTours/welcome.pl?page=search"  	[MsgId: MMSG-26574]
..\\common_lib.h(102): Detected non-resource "http://localhost:8090/WebTours/reservations.pl?page=welcome" in "http://localhost:8090/WebTours/welcome.pl?page=search"  	[MsgId: MMSG-26574]
..\\common_lib.h(102): Found resource "http://localhost:8090/WebTours/images/button_next.gif" in HTML "http://localhost:8090/WebTours/reservations.pl?page=welcome"  	[MsgId: MMSG-26659]
..\\common_lib.h(102): Resource "http://localhost:8090/WebTours/images/fonJM.png" is in the cache already and will not be downloaded again  	[MsgId: MMSG-26655]
..\\common_lib.h(102): Found resource "http://localhost:8090/WebTours/images/in_flights.gif" in HTML "http://localhost:8090/WebTours/nav.pl?page=menu&in=flights"  	[MsgId: MMSG-26659]
..\\common_lib.h(102): Resource "http://localhost:8090/WebTours/images/itinerary.gif" is in the cache already and will not be downloaded again  	[MsgId: MMSG-26655]
..\\common_lib.h(102): Found resource "http://localhost:8090/WebTours/images/home.gif" in HTML "http://localhost:8090/WebTours/nav.pl?page=menu&in=flights"  	[MsgId: MMSG-26659]
..\\common_lib.h(102): Resource "http://localhost:8090/WebTours/images/signoff.gif" is in the cache already and will not be downloaded again  	[MsgId: MMSG-26655]
..\\common_lib.h(102): web_url("Search Flights Button") was successful, 8390 body bytes, 1173 header bytes  	[MsgId: MMSG-26386]
..\\common_lib.h(112): Notify: Transaction "goToFlight" ended with a "Pass" status (Duration: 23,6679 Think Time: 23,0008).	[MsgId: MMSG-16872]
..\\common_lib.h(118): Notify: Transaction "findFlight" started.	[MsgId: MMSG-16999]
..\\common_lib.h(120): web_add_auto_header("Origin") started  	[MsgId: MMSG-26355]
..\\common_lib.h(120): web_add_auto_header("Origin") was successful  	[MsgId: MMSG-26392]
..\\common_lib.h(123): lr_think_time: 4,00 seconds.	[MsgId: MMSG-15948]
..\\common_lib.h(102): web_url("Search Flights Button") started  	[MsgId: MMSG-26355]
..\\common_lib.h(102): Detected non-resource "http://localhost:8090/WebTours/nav.pl?page=menu&in=flights" in "http://localhost:8090/WebTours/welcome.pl?page=search"  	[MsgId: MMSG-26574]
..\\common_lib.h(102): Detected non-resource "http://localhost:8090/WebTours/reservations.pl?page=welcome" in "http://localhost:8090/WebTours/welcome.pl?page=search"  	[MsgId: MMSG-26574]
..\\common_lib.h(102): Found resource "http://localhost:8090/WebTours/images/button_next.gif" in HTML "http://localhost:8090/WebTours/reservations.pl?page=welcome"  	[MsgId: MMSG-26659]
..\\common_lib.h(102): Resource "http://localhost:8090/WebTours/images/fonJM.png" is in the cache already and will not be downloaded again  	[MsgId: MMSG-26655]
..\\common_lib.h(102): Found resource "http://localhost:8090/WebTours/images/in_flights.gif" in HTML "http://localhost:8090/WebTours/nav.pl?page=menu&in=flights"  	[MsgId: MMSG-26659]
..\\common_lib.h(102): Resource "http://localhost:8090/WebTours/images/itinerary.gif" is in the cache already and will not be downloaded again  	[MsgId: MMSG-26655]
..\\common_lib.h(102): Found resource "http://localhost:8090/WebTours/images/home.gif" in HTML "http://localhost:8090/WebTours/nav.pl?page=menu&in=flights"  	[MsgId: MMSG-26659]
..\\common_lib.h(102): Resource "http://localhost:8090/WebTours/images/signoff.gif" is in the cache already and will not be downloaded again  	[MsgId: MMSG-26655]
..\\common_lib.h(102): web_url("Search Flights Button") was successful, 8390 body bytes, 1173 header bytes  	[MsgId: MMSG-26386]
..\\common_lib.h(112): Notify: Transaction "goToFlight" ended with a "Pass" status (Duration: 23,4807 Think Time: 23,0011).	[MsgId: MMSG-16872]
..\\common_lib.h(118): Notify: Transaction "findFlight" started.	[MsgId: MMSG-16999]
..\\common_lib.h(120): web_add_auto_header("Origin") started  	[MsgId: MMSG-26355]
..\\common_lib.h(120): web_add_auto_header("Origin") was successful  	[MsgId: MMSG-26392]
..\\common_lib.h(123): lr_think_time: 4,00 seconds.	[MsgId: MMSG-15948]
..\\common_lib.h(125): web_reg_save_param_attrib started  	[MsgId: MMSG-26355]
..\\common_lib.h(125): Registering web_reg_save_param_attrib was successful  	[MsgId: MMSG-26390]
..\\common_lib.h(136): web_submit_data("reservations.pl") started  	[MsgId: MMSG-26355]
..\\common_lib.h(136): Notify: Getting new value for parameter 'city': table = '..\DataPool\city.dat' column = '0' row = '1'.	[MsgId: MMSG-13877]
..\\common_lib.h(136): Notify: Parameter Substitution: parameter "city" =  "Frankfurt"	[MsgId: MMSG-13992]
..\\common_lib.h(136): Notify: Parameter Substitution: parameter "departDate" =  "10/14/2022"	[MsgId: MMSG-13992]
..\\common_lib.h(136): Notify: Next row for parameter city = 2 [table  = city].	[MsgId: MMSG-13876]
..\\common_lib.h(136): Notify: Getting new value for parameter 'city': table = '..\DataPool\city.dat' column = '0' row = '2'.	[MsgId: MMSG-13877]
..\\common_lib.h(136): Notify: Parameter Substitution: parameter "city" =  "London"	[MsgId: MMSG-13992]
..\\common_lib.h(136): Notify: Parameter Substitution: parameter "returnDate" =  "10/17/2022"	[MsgId: MMSG-13992]
..\\common_lib.h(136): Notify: Parameter Substitution: parameter "seatPref" =  "None"	[MsgId: MMSG-13992]
..\\common_lib.h(136): Notify: Parameter Substitution: parameter "seatType" =  "Business"	[MsgId: MMSG-13992]
..\\common_lib.h(136): Resource "http://localhost:8090/WebTours/images/button_next.gif" is in the cache already and will not be downloaded again  	[MsgId: MMSG-26655]
..\\common_lib.h(136): Notify: Saving Parameter "outboundFlight_1 = 120;385;10/14/2022".	[MsgId: MMSG-13798]
..\\common_lib.h(136): Notify: Saving Parameter "outboundFlight_2 = 121;343;10/14/2022".	[MsgId: MMSG-13798]
..\\common_lib.h(136): Notify: Saving Parameter "outboundFlight_3 = 122;364;10/14/2022".	[MsgId: MMSG-13798]
..\\common_lib.h(136): Notify: Saving Parameter "outboundFlight_4 = 123;315;10/14/2022".	[MsgId: MMSG-13798]
..\\common_lib.h(136): Notify: Saving Parameter "outboundFlight_count = 4".	[MsgId: MMSG-13798]
..\\common_lib.h(136): web_submit_data("reservations.pl") was successful, 2361 body bytes, 253 header bytes  	[MsgId: MMSG-26386]
..\\common_lib.h(160): lr_think_time: 5,00 seconds.	[MsgId: MMSG-15948]
..\\common_lib.h(125): web_reg_save_param_attrib started  	[MsgId: MMSG-26355]
..\\common_lib.h(125): Registering web_reg_save_param_attrib was successful  	[MsgId: MMSG-26390]
..\\common_lib.h(136): web_submit_data("reservations.pl") started  	[MsgId: MMSG-26355]
..\\common_lib.h(136): Notify: Getting new value for parameter 'city': table = '..\DataPool\city.dat' column = '0' row = '1'.	[MsgId: MMSG-13877]
..\\common_lib.h(136): Notify: Parameter Substitution: parameter "city" =  "Frankfurt"	[MsgId: MMSG-13992]
..\\common_lib.h(136): Notify: Parameter Substitution: parameter "departDate" =  "10/14/2022"	[MsgId: MMSG-13992]
..\\common_lib.h(136): Notify: Next row for parameter city = 2 [table  = city].	[MsgId: MMSG-13876]
..\\common_lib.h(136): Notify: Getting new value for parameter 'city': table = '..\DataPool\city.dat' column = '0' row = '2'.	[MsgId: MMSG-13877]
..\\common_lib.h(136): Notify: Parameter Substitution: parameter "city" =  "London"	[MsgId: MMSG-13992]
..\\common_lib.h(136): Notify: Parameter Substitution: parameter "returnDate" =  "10/17/2022"	[MsgId: MMSG-13992]
..\\common_lib.h(136): Notify: Parameter Substitution: parameter "seatPref" =  "None"	[MsgId: MMSG-13992]
..\\common_lib.h(136): Notify: Parameter Substitution: parameter "seatType" =  "Business"	[MsgId: MMSG-13992]
..\\common_lib.h(136): Resource "http://localhost:8090/WebTours/images/button_next.gif" is in the cache already and will not be downloaded again  	[MsgId: MMSG-26655]
..\\common_lib.h(136): Notify: Saving Parameter "outboundFlight_1 = 120;385;10/14/2022".	[MsgId: MMSG-13798]
..\\common_lib.h(136): Notify: Saving Parameter "outboundFlight_2 = 121;343;10/14/2022".	[MsgId: MMSG-13798]
..\\common_lib.h(136): Notify: Saving Parameter "outboundFlight_3 = 122;364;10/14/2022".	[MsgId: MMSG-13798]
..\\common_lib.h(136): Notify: Saving Parameter "outboundFlight_4 = 123;315;10/14/2022".	[MsgId: MMSG-13798]
..\\common_lib.h(136): Notify: Saving Parameter "outboundFlight_count = 4".	[MsgId: MMSG-13798]
..\\common_lib.h(136): web_submit_data("reservations.pl") was successful, 2361 body bytes, 253 header bytes  	[MsgId: MMSG-26386]
..\\common_lib.h(160): lr_think_time: 5,00 seconds.	[MsgId: MMSG-15948]
..\\common_lib.h(102): web_url("Search Flights Button") started  	[MsgId: MMSG-26355]
..\\common_lib.h(102): Detected non-resource "http://localhost:8090/WebTours/nav.pl?page=menu&in=flights" in "http://localhost:8090/WebTours/welcome.pl?page=search"  	[MsgId: MMSG-26574]
..\\common_lib.h(102): Detected non-resource "http://localhost:8090/WebTours/reservations.pl?page=welcome" in "http://localhost:8090/WebTours/welcome.pl?page=search"  	[MsgId: MMSG-26574]
..\\common_lib.h(102): Found resource "http://localhost:8090/WebTours/images/button_next.gif" in HTML "http://localhost:8090/WebTours/reservations.pl?page=welcome"  	[MsgId: MMSG-26659]
..\\common_lib.h(102): Resource "http://localhost:8090/WebTours/images/fonJM.png" is in the cache already and will not be downloaded again  	[MsgId: MMSG-26655]
..\\common_lib.h(102): Found resource "http://localhost:8090/WebTours/images/in_flights.gif" in HTML "http://localhost:8090/WebTours/nav.pl?page=menu&in=flights"  	[MsgId: MMSG-26659]
..\\common_lib.h(102): Resource "http://localhost:8090/WebTours/images/itinerary.gif" is in the cache already and will not be downloaded again  	[MsgId: MMSG-26655]
..\\common_lib.h(102): Found resource "http://localhost:8090/WebTours/images/home.gif" in HTML "http://localhost:8090/WebTours/nav.pl?page=menu&in=flights"  	[MsgId: MMSG-26659]
..\\common_lib.h(102): Resource "http://localhost:8090/WebTours/images/signoff.gif" is in the cache already and will not be downloaded again  	[MsgId: MMSG-26655]
..\\common_lib.h(102): web_url("Search Flights Button") was successful, 8390 body bytes, 1173 header bytes  	[MsgId: MMSG-26386]
..\\common_lib.h(112): Notify: Transaction "goToFlight" ended with a "Pass" status (Duration: 23,4619 Think Time: 23,0102).	[MsgId: MMSG-16872]
..\\common_lib.h(118): Notify: Transaction "findFlight" started.	[MsgId: MMSG-16999]
..\\common_lib.h(120): web_add_auto_header("Origin") started  	[MsgId: MMSG-26355]
..\\common_lib.h(120): web_add_auto_header("Origin") was successful  	[MsgId: MMSG-26392]
..\\common_lib.h(123): lr_think_time: 4,00 seconds.	[MsgId: MMSG-15948]
..\\common_lib.h(161): Notify: Parameter Substitution: parameter "outboundFlight_count" =  "4"	[MsgId: MMSG-13992]
..\\common_lib.h(161): Notify: Parameter Substitution: parameter "outboundFlight_1" =  "120;385;10/14/2022"	[MsgId: MMSG-13992]
..\\common_lib.h(161): Notify: Saving Parameter "outboundFlight = 120;385;10/14/2022".	[MsgId: MMSG-13798]
..\\common_lib.h(163): Notify: Transaction "findFlight" ended with a "Pass" status (Duration: 9,2309 Think Time: 9,0061 Wasted Time: 0,0151).	[MsgId: MMSG-16870]
..\\common_lib.h(168): Notify: Transaction "choose_flight" started.	[MsgId: MMSG-16999]
..\\common_lib.h(170): web_submit_data("reservations.pl_2") started  	[MsgId: MMSG-26355]
..\\common_lib.h(170): Notify: Parameter Substitution: parameter "outboundFlight" =  "120;385;10/14/2022"	[MsgId: MMSG-13992]
..\\common_lib.h(170): Notify: Parameter Substitution: parameter "seatType" =  "Business"	[MsgId: MMSG-13992]
..\\common_lib.h(170): Notify: Parameter Substitution: parameter "seatPref" =  "None"	[MsgId: MMSG-13992]
..\\common_lib.h(170): Resource "http://localhost:8090/WebTours/images/button_next.gif" is in the cache already and will not be downloaded again  	[MsgId: MMSG-26655]
..\\common_lib.h(170): web_submit_data("reservations.pl_2") was successful, 2700 body bytes, 253 header bytes  	[MsgId: MMSG-26386]
..\\common_lib.h(188): Notify: Transaction "choose_flight" ended with a "Pass" status (Duration: 0,2327).	[MsgId: MMSG-16873]
..\\common_lib.h(195): Notify: Transaction "paymentDetails" started.	[MsgId: MMSG-16999]
..\\common_lib.h(197): web_remove_auto_header("Origin") started  	[MsgId: MMSG-26355]
..\\common_lib.h(197): Previous automatically added web header for "Origin" removed  	[MsgId: MMSG-26587]
..\\common_lib.h(197): web_remove/revert_auto_header("Origin") was successful  	[MsgId: MMSG-26392]
..\\common_lib.h(199): web_remove_auto_header("Upgrade-Insecure-Requests") started  	[MsgId: MMSG-26355]
..\\common_lib.h(199): Previous automatically added web header for "Upgrade-Insecure-Requests" removed  	[MsgId: MMSG-26587]
..\\common_lib.h(199): web_remove/revert_auto_header("Upgrade-Insecure-Requests") was successful  	[MsgId: MMSG-26392]
..\\common_lib.h(201): web_reg_find started  	[MsgId: MMSG-26355]
..\\common_lib.h(201): Registering web_reg_find was successful  	[MsgId: MMSG-26390]
..\\common_lib.h(204): web_add_header("Origin") started  	[MsgId: MMSG-26355]
..\\common_lib.h(204): web_add_header("Origin") was successful  	[MsgId: MMSG-26392]
..\\common_lib.h(207): lr_think_time: 41,00 seconds.	[MsgId: MMSG-15948]
..\\common_lib.h(125): web_reg_save_param_attrib started  	[MsgId: MMSG-26355]
..\\common_lib.h(125): Registering web_reg_save_param_attrib was successful  	[MsgId: MMSG-26390]
..\\common_lib.h(136): web_submit_data("reservations.pl") started  	[MsgId: MMSG-26355]
..\\common_lib.h(136): Notify: Getting new value for parameter 'city': table = '..\DataPool\city.dat' column = '0' row = '1'.	[MsgId: MMSG-13877]
..\\common_lib.h(136): Notify: Parameter Substitution: parameter "city" =  "Frankfurt"	[MsgId: MMSG-13992]
..\\common_lib.h(136): Notify: Parameter Substitution: parameter "departDate" =  "10/14/2022"	[MsgId: MMSG-13992]
..\\common_lib.h(136): Notify: Next row for parameter city = 2 [table  = city].	[MsgId: MMSG-13876]
..\\common_lib.h(136): Notify: Getting new value for parameter 'city': table = '..\DataPool\city.dat' column = '0' row = '2'.	[MsgId: MMSG-13877]
..\\common_lib.h(136): Notify: Parameter Substitution: parameter "city" =  "London"	[MsgId: MMSG-13992]
..\\common_lib.h(136): Notify: Parameter Substitution: parameter "returnDate" =  "10/17/2022"	[MsgId: MMSG-13992]
..\\common_lib.h(136): Notify: Parameter Substitution: parameter "seatPref" =  "Window"	[MsgId: MMSG-13992]
..\\common_lib.h(136): Notify: Parameter Substitution: parameter "seatType" =  "Business"	[MsgId: MMSG-13992]
..\\common_lib.h(136): Resource "http://localhost:8090/WebTours/images/button_next.gif" is in the cache already and will not be downloaded again  	[MsgId: MMSG-26655]
..\\common_lib.h(136): Notify: Saving Parameter "outboundFlight_1 = 120;385;10/14/2022".	[MsgId: MMSG-13798]
..\\common_lib.h(136): Notify: Saving Parameter "outboundFlight_2 = 121;343;10/14/2022".	[MsgId: MMSG-13798]
..\\common_lib.h(136): Notify: Saving Parameter "outboundFlight_3 = 122;364;10/14/2022".	[MsgId: MMSG-13798]
..\\common_lib.h(136): Notify: Saving Parameter "outboundFlight_4 = 123;315;10/14/2022".	[MsgId: MMSG-13798]
..\\common_lib.h(136): Notify: Saving Parameter "outboundFlight_count = 4".	[MsgId: MMSG-13798]
..\\common_lib.h(136): web_submit_data("reservations.pl") was successful, 2363 body bytes, 253 header bytes  	[MsgId: MMSG-26386]
..\\common_lib.h(160): lr_think_time: 5,00 seconds.	[MsgId: MMSG-15948]
..\\common_lib.h(161): Notify: Parameter Substitution: parameter "outboundFlight_count" =  "4"	[MsgId: MMSG-13992]
..\\common_lib.h(161): Notify: Parameter Substitution: parameter "outboundFlight_3" =  "122;364;10/14/2022"	[MsgId: MMSG-13992]
..\\common_lib.h(161): Notify: Saving Parameter "outboundFlight = 122;364;10/14/2022".	[MsgId: MMSG-13798]
..\\common_lib.h(163): Notify: Transaction "findFlight" ended with a "Pass" status (Duration: 9,3980 Think Time: 9,0115 Wasted Time: 0,0008).	[MsgId: MMSG-16870]
..\\common_lib.h(168): Notify: Transaction "choose_flight" started.	[MsgId: MMSG-16999]
..\\common_lib.h(170): web_submit_data("reservations.pl_2") started  	[MsgId: MMSG-26355]
..\\common_lib.h(170): Notify: Parameter Substitution: parameter "outboundFlight" =  "122;364;10/14/2022"	[MsgId: MMSG-13992]
..\\common_lib.h(170): Notify: Parameter Substitution: parameter "seatType" =  "Business"	[MsgId: MMSG-13992]
..\\common_lib.h(170): Notify: Parameter Substitution: parameter "seatPref" =  "None"	[MsgId: MMSG-13992]
..\\common_lib.h(170): Resource "http://localhost:8090/WebTours/images/button_next.gif" is in the cache already and will not be downloaded again  	[MsgId: MMSG-26655]
..\\common_lib.h(170): web_submit_data("reservations.pl_2") was successful, 2700 body bytes, 253 header bytes  	[MsgId: MMSG-26386]
..\\common_lib.h(188): Notify: Transaction "choose_flight" ended with a "Pass" status (Duration: 0,2094).	[MsgId: MMSG-16873]
..\\common_lib.h(195): Notify: Transaction "paymentDetails" started.	[MsgId: MMSG-16999]
..\\common_lib.h(197): web_remove_auto_header("Origin") started  	[MsgId: MMSG-26355]
..\\common_lib.h(197): Previous automatically added web header for "Origin" removed  	[MsgId: MMSG-26587]
..\\common_lib.h(197): web_remove/revert_auto_header("Origin") was successful  	[MsgId: MMSG-26392]
..\\common_lib.h(199): web_remove_auto_header("Upgrade-Insecure-Requests") started  	[MsgId: MMSG-26355]
..\\common_lib.h(199): Previous automatically added web header for "Upgrade-Insecure-Requests" removed  	[MsgId: MMSG-26587]
..\\common_lib.h(199): web_remove/revert_auto_header("Upgrade-Insecure-Requests") was successful  	[MsgId: MMSG-26392]
..\\common_lib.h(201): web_reg_find started  	[MsgId: MMSG-26355]
..\\common_lib.h(201): Registering web_reg_find was successful  	[MsgId: MMSG-26390]
..\\common_lib.h(204): web_add_header("Origin") started  	[MsgId: MMSG-26355]
..\\common_lib.h(204): web_add_header("Origin") was successful  	[MsgId: MMSG-26392]
..\\common_lib.h(207): lr_think_time: 41,00 seconds.	[MsgId: MMSG-15948]
..\\common_lib.h(161): Notify: Parameter Substitution: parameter "outboundFlight_count" =  "4"	[MsgId: MMSG-13992]
..\\common_lib.h(161): Notify: Parameter Substitution: parameter "outboundFlight_3" =  "122;364;10/14/2022"	[MsgId: MMSG-13992]
..\\common_lib.h(161): Notify: Saving Parameter "outboundFlight = 122;364;10/14/2022".	[MsgId: MMSG-13798]
..\\common_lib.h(163): Notify: Transaction "findFlight" ended with a "Pass" status (Duration: 9,2322 Think Time: 9,0224 Wasted Time: 0,0008).	[MsgId: MMSG-16870]
..\\common_lib.h(168): Notify: Transaction "choose_flight" started.	[MsgId: MMSG-16999]
..\\common_lib.h(170): web_submit_data("reservations.pl_2") started  	[MsgId: MMSG-26355]
..\\common_lib.h(170): Notify: Parameter Substitution: parameter "outboundFlight" =  "122;364;10/14/2022"	[MsgId: MMSG-13992]
..\\common_lib.h(170): Notify: Parameter Substitution: parameter "seatType" =  "Business"	[MsgId: MMSG-13992]
..\\common_lib.h(170): Notify: Parameter Substitution: parameter "seatPref" =  "Window"	[MsgId: MMSG-13992]
..\\common_lib.h(170): Resource "http://localhost:8090/WebTours/images/button_next.gif" is in the cache already and will not be downloaded again  	[MsgId: MMSG-26655]
..\\common_lib.h(170): web_submit_data("reservations.pl_2") was successful, 2702 body bytes, 253 header bytes  	[MsgId: MMSG-26386]
..\\common_lib.h(188): Notify: Transaction "choose_flight" ended with a "Pass" status (Duration: 0,2548).	[MsgId: MMSG-16873]
..\\common_lib.h(195): Notify: Transaction "paymentDetails" started.	[MsgId: MMSG-16999]
..\\common_lib.h(197): web_remove_auto_header("Origin") started  	[MsgId: MMSG-26355]
..\\common_lib.h(197): Previous automatically added web header for "Origin" removed  	[MsgId: MMSG-26587]
..\\common_lib.h(197): web_remove/revert_auto_header("Origin") was successful  	[MsgId: MMSG-26392]
..\\common_lib.h(199): web_remove_auto_header("Upgrade-Insecure-Requests") started  	[MsgId: MMSG-26355]
..\\common_lib.h(199): Previous automatically added web header for "Upgrade-Insecure-Requests" removed  	[MsgId: MMSG-26587]
..\\common_lib.h(199): web_remove/revert_auto_header("Upgrade-Insecure-Requests") was successful  	[MsgId: MMSG-26392]
..\\common_lib.h(201): web_reg_find started  	[MsgId: MMSG-26355]
..\\common_lib.h(201): Registering web_reg_find was successful  	[MsgId: MMSG-26390]
..\\common_lib.h(204): web_add_header("Origin") started  	[MsgId: MMSG-26355]
..\\common_lib.h(204): web_add_header("Origin") was successful  	[MsgId: MMSG-26392]
..\\common_lib.h(207): lr_think_time: 41,00 seconds.	[MsgId: MMSG-15948]
..\\common_lib.h(209): web_submit_data("reservations.pl_3") started  	[MsgId: MMSG-26355]
..\\common_lib.h(209): Notify: Next row for parameter firstName = 1 [table  = firstName].	[MsgId: MMSG-13876]
..\\common_lib.h(209): Notify: Parameter Substitution: parameter "firstName" =  "Nick"	[MsgId: MMSG-13992]
..\\common_lib.h(209): Notify: Next row for parameter lastName = 1 [table  = lastName].	[MsgId: MMSG-13876]
..\\common_lib.h(209): Notify: Parameter Substitution: parameter "lastName" =  "Veselkov"	[MsgId: MMSG-13992]
..\\common_lib.h(209): Notify: Next row for parameter streetAdress = 1 [table  = streetAdress].	[MsgId: MMSG-13876]
..\\common_lib.h(209): Notify: Parameter Substitution: parameter "streetAdress" =  "Mira"	[MsgId: MMSG-13992]
..\\common_lib.h(209): Notify: Parameter Substitution: parameter "cityAdress" =  "Berezniki"	[MsgId: MMSG-13992]
..\\common_lib.h(209): Notify: Next row for parameter firstName = 1 [table  = firstName].	[MsgId: MMSG-13876]
..\\common_lib.h(209): Notify: Parameter Substitution: parameter "firstName" =  "Nick"	[MsgId: MMSG-13992]
..\\common_lib.h(209): Notify: Next row for parameter lastName = 1 [table  = lastName].	[MsgId: MMSG-13876]
..\\common_lib.h(209): Notify: Parameter Substitution: parameter "lastName" =  "Veselkov"	[MsgId: MMSG-13992]
..\\common_lib.h(209): Notify: Parameter Substitution: parameter "creditCard" =  "1315467984325"	[MsgId: MMSG-13992]
..\\common_lib.h(209): Notify: Parameter Substitution: parameter "expDate" =  "07/26"	[MsgId: MMSG-13992]
..\\common_lib.h(209): Notify: Parameter Substitution: parameter "seatType" =  "Business"	[MsgId: MMSG-13992]
..\\common_lib.h(209): Notify: Parameter Substitution: parameter "seatPref" =  "None"	[MsgId: MMSG-13992]
..\\common_lib.h(209): Notify: Parameter Substitution: parameter "outboundFlight" =  "120;385;10/14/2022"	[MsgId: MMSG-13992]
..\\common_lib.h(209): Found resource "http://localhost:8090/WebTours/images/bookanother.gif" in HTML "http://localhost:8090/WebTours/reservations.pl"  	[MsgId: MMSG-26659]
..\\common_lib.h(209): Registered web_reg_find successful for "Text=<small><B>Thank you for booking through Web Tours.</B></small>" (count=1)  	[MsgId: MMSG-26364]
..\\common_lib.h(209): web_submit_data("reservations.pl_3") was successful, 3232 body bytes, 541 header bytes  	[MsgId: MMSG-26386]
..\\common_lib.h(238): Notify: Transaction "paymentDetails" ended with a "Pass" status (Duration: 41,2238 Think Time: 41,0112 Wasted Time: 0,0000).	[MsgId: MMSG-16870]
..\\common_lib.h(41): Notify: Transaction "logout" started.	[MsgId: MMSG-16999]
..\\common_lib.h(43): web_add_header("Upgrade-Insecure-Requests") started  	[MsgId: MMSG-26355]
..\\common_lib.h(43): web_add_header("Upgrade-Insecure-Requests") was successful  	[MsgId: MMSG-26392]
..\\common_lib.h(46): lr_think_time: 14,00 seconds.	[MsgId: MMSG-15948]
..\\common_lib.h(209): web_submit_data("reservations.pl_3") started  	[MsgId: MMSG-26355]
..\\common_lib.h(209): Notify: Next row for parameter firstName = 1 [table  = firstName].	[MsgId: MMSG-13876]
..\\common_lib.h(209): Notify: Parameter Substitution: parameter "firstName" =  "Nick"	[MsgId: MMSG-13992]
..\\common_lib.h(209): Notify: Next row for parameter lastName = 1 [table  = lastName].	[MsgId: MMSG-13876]
..\\common_lib.h(209): Notify: Parameter Substitution: parameter "lastName" =  "Veselkov"	[MsgId: MMSG-13992]
..\\common_lib.h(209): Notify: Next row for parameter streetAdress = 1 [table  = streetAdress].	[MsgId: MMSG-13876]
..\\common_lib.h(209): Notify: Parameter Substitution: parameter "streetAdress" =  "Mira"	[MsgId: MMSG-13992]
..\\common_lib.h(209): Notify: Parameter Substitution: parameter "cityAdress" =  "Berezniki"	[MsgId: MMSG-13992]
..\\common_lib.h(209): Notify: Next row for parameter firstName = 1 [table  = firstName].	[MsgId: MMSG-13876]
..\\common_lib.h(209): Notify: Parameter Substitution: parameter "firstName" =  "Nick"	[MsgId: MMSG-13992]
..\\common_lib.h(209): Notify: Next row for parameter lastName = 1 [table  = lastName].	[MsgId: MMSG-13876]
..\\common_lib.h(209): Notify: Parameter Substitution: parameter "lastName" =  "Veselkov"	[MsgId: MMSG-13992]
..\\common_lib.h(209): Notify: Parameter Substitution: parameter "creditCard" =  "1315467984325"	[MsgId: MMSG-13992]
..\\common_lib.h(209): Notify: Parameter Substitution: parameter "expDate" =  "07/26"	[MsgId: MMSG-13992]
..\\common_lib.h(209): Notify: Parameter Substitution: parameter "seatType" =  "Business"	[MsgId: MMSG-13992]
..\\common_lib.h(209): Notify: Parameter Substitution: parameter "seatPref" =  "None"	[MsgId: MMSG-13992]
..\\common_lib.h(209): Notify: Parameter Substitution: parameter "outboundFlight" =  "122;364;10/14/2022"	[MsgId: MMSG-13992]
..\\common_lib.h(209): Found resource "http://localhost:8090/WebTours/images/bookanother.gif" in HTML "http://localhost:8090/WebTours/reservations.pl"  	[MsgId: MMSG-26659]
..\\common_lib.h(209): Registered web_reg_find successful for "Text=<small><B>Thank you for booking through Web Tours.</B></small>" (count=1)  	[MsgId: MMSG-26364]
..\\common_lib.h(209): web_submit_data("reservations.pl_3") was successful, 3232 body bytes, 541 header bytes  	[MsgId: MMSG-26386]
..\\common_lib.h(238): Notify: Transaction "paymentDetails" ended with a "Pass" status (Duration: 41,2247 Think Time: 41,0129 Wasted Time: 0,0000).	[MsgId: MMSG-16870]
..\\common_lib.h(41): Notify: Transaction "logout" started.	[MsgId: MMSG-16999]
..\\common_lib.h(43): web_add_header("Upgrade-Insecure-Requests") started  	[MsgId: MMSG-26355]
..\\common_lib.h(43): web_add_header("Upgrade-Insecure-Requests") was successful  	[MsgId: MMSG-26392]
..\\common_lib.h(46): lr_think_time: 14,00 seconds.	[MsgId: MMSG-15948]
..\\common_lib.h(209): web_submit_data("reservations.pl_3") started  	[MsgId: MMSG-26355]
..\\common_lib.h(209): Notify: Next row for parameter firstName = 1 [table  = firstName].	[MsgId: MMSG-13876]
..\\common_lib.h(209): Notify: Parameter Substitution: parameter "firstName" =  "Nick"	[MsgId: MMSG-13992]
..\\common_lib.h(209): Notify: Next row for parameter lastName = 1 [table  = lastName].	[MsgId: MMSG-13876]
..\\common_lib.h(209): Notify: Parameter Substitution: parameter "lastName" =  "Veselkov"	[MsgId: MMSG-13992]
..\\common_lib.h(209): Notify: Next row for parameter streetAdress = 1 [table  = streetAdress].	[MsgId: MMSG-13876]
..\\common_lib.h(209): Notify: Parameter Substitution: parameter "streetAdress" =  "Mira"	[MsgId: MMSG-13992]
..\\common_lib.h(209): Notify: Parameter Substitution: parameter "cityAdress" =  "Berezniki"	[MsgId: MMSG-13992]
..\\common_lib.h(209): Notify: Next row for parameter firstName = 1 [table  = firstName].	[MsgId: MMSG-13876]
..\\common_lib.h(209): Notify: Parameter Substitution: parameter "firstName" =  "Nick"	[MsgId: MMSG-13992]
..\\common_lib.h(209): Notify: Next row for parameter lastName = 1 [table  = lastName].	[MsgId: MMSG-13876]
..\\common_lib.h(209): Notify: Parameter Substitution: parameter "lastName" =  "Veselkov"	[MsgId: MMSG-13992]
..\\common_lib.h(209): Notify: Parameter Substitution: parameter "creditCard" =  "1315467984325"	[MsgId: MMSG-13992]
..\\common_lib.h(209): Notify: Parameter Substitution: parameter "expDate" =  "07/26"	[MsgId: MMSG-13992]
..\\common_lib.h(209): Notify: Parameter Substitution: parameter "seatType" =  "Business"	[MsgId: MMSG-13992]
..\\common_lib.h(209): Notify: Parameter Substitution: parameter "seatPref" =  "Window"	[MsgId: MMSG-13992]
..\\common_lib.h(209): Notify: Parameter Substitution: parameter "outboundFlight" =  "122;364;10/14/2022"	[MsgId: MMSG-13992]
..\\common_lib.h(209): Found resource "http://localhost:8090/WebTours/images/bookanother.gif" in HTML "http://localhost:8090/WebTours/reservations.pl"  	[MsgId: MMSG-26659]
..\\common_lib.h(209): Registered web_reg_find successful for "Text=<small><B>Thank you for booking through Web Tours.</B></small>" (count=1)  	[MsgId: MMSG-26364]
..\\common_lib.h(209): web_submit_data("reservations.pl_3") was successful, 3232 body bytes, 541 header bytes  	[MsgId: MMSG-26386]
..\\common_lib.h(238): Notify: Transaction "paymentDetails" ended with a "Pass" status (Duration: 41,3052 Think Time: 41,0001 Wasted Time: 0,0000).	[MsgId: MMSG-16870]
..\\common_lib.h(41): Notify: Transaction "logout" started.	[MsgId: MMSG-16999]
..\\common_lib.h(43): web_add_header("Upgrade-Insecure-Requests") started  	[MsgId: MMSG-26355]
..\\common_lib.h(43): web_add_header("Upgrade-Insecure-Requests") was successful  	[MsgId: MMSG-26392]
..\\common_lib.h(46): lr_think_time: 14,00 seconds.	[MsgId: MMSG-15948]
..\\common_lib.h(48): web_url("SignOff Button") started  	[MsgId: MMSG-26355]
..\\common_lib.h(48): Detected non-resource "http://localhost:8090/WebTours/nav.pl?in=home" in "http://localhost:8090/WebTours/welcome.pl?signOff=1"  	[MsgId: MMSG-26574]
..\\common_lib.h(48): Detected non-resource "http://localhost:8090/WebTours/home.html" in "http://localhost:8090/WebTours/welcome.pl?signOff=1"  	[MsgId: MMSG-26574]
..\\common_lib.h(48): Retrieving data from cache for "http://localhost:8090/WebTours/home.html"  	[MsgId: MMSG-26558]
..\\common_lib.h(48): Resource "http://localhost:8090/WebTours/images/fonJM.png" is in the cache already and will not be downloaded again  	[MsgId: MMSG-26655]
..\\common_lib.h(48): Resource "http://localhost:8090/WebTours/images/mer_login.gif" is in the cache already and will not be downloaded again  	[MsgId: MMSG-26655]
..\\common_lib.h(48): web_url("SignOff Button") was successful, 3372 body bytes, 639 header bytes  	[MsgId: MMSG-26386]
..\\common_lib.h(58): Notify: Transaction "logout" ended with a "Pass" status (Duration: 14,4596 Think Time: 14,0150).	[MsgId: MMSG-16872]
Action.c(14): Notify: Transaction "UC_1_BuyTicket" ended with a "Pass" status (Duration: 97,3128 Think Time: 94,0384 Wasted Time: 0,0157).	[MsgId: MMSG-16870]
Ending action Action.	[MsgId: MMSG-15918]
Action was aborted.	[MsgId: MMSG-10694]
Ending Vuser...	[MsgId: MMSG-15966]
Starting action vuser_end.	[MsgId: MMSG-15919]
Ending action vuser_end.	[MsgId: MMSG-15918]
Vuser Terminated.	[MsgId: MMSG-15963]
Vuser 0 (thread 7344), ended OK."	[MsgId: MMSG-10695]
..\\common_lib.h(48): web_url("SignOff Button") started  	[MsgId: MMSG-26355]
..\\common_lib.h(48): Detected non-resource "http://localhost:8090/WebTours/nav.pl?in=home" in "http://localhost:8090/WebTours/welcome.pl?signOff=1"  	[MsgId: MMSG-26574]
..\\common_lib.h(48): Detected non-resource "http://localhost:8090/WebTours/home.html" in "http://localhost:8090/WebTours/welcome.pl?signOff=1"  	[MsgId: MMSG-26574]
..\\common_lib.h(48): Retrieving data from cache for "http://localhost:8090/WebTours/home.html"  	[MsgId: MMSG-26558]
..\\common_lib.h(48): Resource "http://localhost:8090/WebTours/images/fonJM.png" is in the cache already and will not be downloaded again  	[MsgId: MMSG-26655]
..\\common_lib.h(48): Resource "http://localhost:8090/WebTours/images/mer_login.gif" is in the cache already and will not be downloaded again  	[MsgId: MMSG-26655]
..\\common_lib.h(48): web_url("SignOff Button") was successful, 3378 body bytes, 639 header bytes  	[MsgId: MMSG-26386]
..\\common_lib.h(58): Notify: Transaction "logout" ended with a "Pass" status (Duration: 14,4178 Think Time: 14,0050).	[MsgId: MMSG-16872]
Action.c(14): Notify: Transaction "UC_1_BuyTicket" ended with a "Pass" status (Duration: 96,6598 Think Time: 94,0314 Wasted Time: 0,0013).	[MsgId: MMSG-16870]
Ending action Action.	[MsgId: MMSG-15918]
Action was aborted.	[MsgId: MMSG-10694]
Ending Vuser...	[MsgId: MMSG-15966]
Starting action vuser_end.	[MsgId: MMSG-15919]
Ending action vuser_end.	[MsgId: MMSG-15918]
Vuser Terminated.	[MsgId: MMSG-15963]
Vuser 1 (thread 9420), ended OK."	[MsgId: MMSG-10695]
..\\common_lib.h(48): web_url("SignOff Button") started  	[MsgId: MMSG-26355]
..\\common_lib.h(48): Detected non-resource "http://localhost:8090/WebTours/nav.pl?in=home" in "http://localhost:8090/WebTours/welcome.pl?signOff=1"  	[MsgId: MMSG-26574]
..\\common_lib.h(48): Detected non-resource "http://localhost:8090/WebTours/home.html" in "http://localhost:8090/WebTours/welcome.pl?signOff=1"  	[MsgId: MMSG-26574]
..\\common_lib.h(48): Retrieving data from cache for "http://localhost:8090/WebTours/home.html"  	[MsgId: MMSG-26558]
..\\common_lib.h(48): Resource "http://localhost:8090/WebTours/images/fonJM.png" is in the cache already and will not be downloaded again  	[MsgId: MMSG-26655]
..\\common_lib.h(48): Resource "http://localhost:8090/WebTours/images/mer_login.gif" is in the cache already and will not be downloaded again  	[MsgId: MMSG-26655]
..\\common_lib.h(48): web_url("SignOff Button") was successful, 3387 body bytes, 639 header bytes  	[MsgId: MMSG-26386]
..\\common_lib.h(58): Notify: Transaction "logout" ended with a "Pass" status (Duration: 14,4308 Think Time: 14,0029).	[MsgId: MMSG-16872]
Action.c(14): Notify: Transaction "UC_1_BuyTicket" ended with a "Pass" status (Duration: 96,7844 Think Time: 94,0482 Wasted Time: 0,0012).	[MsgId: MMSG-16870]
Ending action Action.	[MsgId: MMSG-15918]
Ending iteration 1.	[MsgId: MMSG-15965]
Starting iteration 2.	[MsgId: MMSG-15968]
Notify: Next row for parameter cityAdress = 2 [table  = cityAdress].	[MsgId: MMSG-13876]
Notify: Getting new value for parameter 'cityAdress': table = '..\DataPool\UserInfo.dat' column = '5' row = '2'.	[MsgId: MMSG-13877]
Notify: Next row for parameter creditCard = 2 [table  = creditCard].	[MsgId: MMSG-13876]
Notify: Getting new value for parameter 'creditCard': table = '..\DataPool\UserInfo.dat' column = '6' row = '2'.	[MsgId: MMSG-13877]
Notify: Next row for parameter seatPref = 4 [table  = seatPref].	[MsgId: MMSG-13876]
Notify: Getting new value for parameter 'seatPref': table = '..\DataPool\seatPref.dat' column = '0' row = '4'.	[MsgId: MMSG-13877]
Notify: Next row for parameter expDate = 2 [table  = expDate].	[MsgId: MMSG-13876]
Notify: Getting new value for parameter 'expDate': table = '..\DataPool\UserInfo.dat' column = '7' row = '2'.	[MsgId: MMSG-13877]
Notify: Next row for parameter seatType = 3 [table  = seatType].	[MsgId: MMSG-13876]
Notify: Getting new value for parameter 'seatType': table = '..\DataPool\seatType.dat' column = '0' row = '3'.	[MsgId: MMSG-13877]
Notify: Next row for parameter userLogin = 2 [table  = userLogin].	[MsgId: MMSG-13876]
Notify: Getting new value for parameter 'userLogin': table = '..\DataPool\UserInfo.dat' column = '0' row = '2'.	[MsgId: MMSG-13877]
Notify: Next row for parameter lastName = 2 [table  = lastName].	[MsgId: MMSG-13876]
Notify: Getting new value for parameter 'lastName': table = '..\DataPool\UserInfo.dat' column = '3' row = '2'.	[MsgId: MMSG-13877]
Notify: Next row for parameter userPassword = 2 [table  = userPassword].	[MsgId: MMSG-13876]
Notify: Getting new value for parameter 'userPassword': table = '..\DataPool\UserInfo.dat' column = '1' row = '2'.	[MsgId: MMSG-13877]
Notify: Next row for parameter streetAdress = 2 [table  = streetAdress].	[MsgId: MMSG-13876]
Notify: Getting new value for parameter 'streetAdress': table = '..\DataPool\UserInfo.dat' column = '4' row = '2'.	[MsgId: MMSG-13877]
Notify: Next row for parameter firstName = 2 [table  = firstName].	[MsgId: MMSG-13876]
Notify: Getting new value for parameter 'firstName': table = '..\DataPool\UserInfo.dat' column = '2' row = '2'.	[MsgId: MMSG-13877]
Starting action Action.	[MsgId: MMSG-15919]
Action.c(4): Notify: Transaction "UC_1_BuyTicket" started.	[MsgId: MMSG-16999]
..\\common_lib.h(64): Notify: Transaction "homePage" started.	[MsgId: MMSG-16999]
..\\common_lib.h(66): web_add_auto_header("Upgrade-Insecure-Requests") started  	[MsgId: MMSG-26355]
..\\common_lib.h(66): web_add_auto_header("Upgrade-Insecure-Requests") was successful  	[MsgId: MMSG-26392]
..\\common_lib.h(70): web_reg_save_param_regexp started  	[MsgId: MMSG-26355]
..\\common_lib.h(70): Registering web_reg_save_param_regexp was successful  	[MsgId: MMSG-26390]
..\\common_lib.h(79): web_url("WebTours") started  	[MsgId: MMSG-26355]
..\\common_lib.h(79): Detected non-resource "http://localhost:8090/WebTours/header.html" in "http://localhost:8090/WebTours/"  	[MsgId: MMSG-26574]
..\\common_lib.h(79): Detected non-resource "http://localhost:8090/WebTours/welcome.pl?signOff=true" in "http://localhost:8090/WebTours/"  	[MsgId: MMSG-26574]
..\\common_lib.h(79): Found resource "http://localhost:8090/WebTours/images/jmeter_logo.png" in HTML "http://localhost:8090/WebTours/header.html"  	[MsgId: MMSG-26659]
..\\common_lib.h(79): Found resource "http://localhost:8090/WebTours/images/webtours.png" in HTML "http://localhost:8090/WebTours/header.html"  	[MsgId: MMSG-26659]
..\\common_lib.h(79): Found resource "http://localhost:8090/WebTours/images/in_home.gif" in HTML "http://localhost:8090/WebTours/header.html"  	[MsgId: MMSG-26659]
..\\common_lib.h(79): Detected non-resource "http://localhost:8090/WebTours/nav.pl?in=home" in "http://localhost:8090/WebTours/welcome.pl?signOff=true"  	[MsgId: MMSG-26574]
..\\common_lib.h(79): Detected non-resource "http://localhost:8090/WebTours/home.html" in "http://localhost:8090/WebTours/welcome.pl?signOff=true"  	[MsgId: MMSG-26574]
..\\common_lib.h(79): Found resource "http://localhost:8090/WebTours/images/fonJM.png" in HTML "http://localhost:8090/WebTours/nav.pl?in=home"  	[MsgId: MMSG-26659]
..\\common_lib.h(79): Found resource "http://localhost:8090/WebTours/images/mer_login.gif" in HTML "http://localhost:8090/WebTours/nav.pl?in=home"  	[MsgId: MMSG-26659]
..\\common_lib.h(79): Notify: Saving Parameter "userSession = 134932.393843661zQtAfifpAAiDDDDDtVztDpfVAAf".	[MsgId: MMSG-13798]
..\\common_lib.h(79): web_url("WebTours") was successful, 40142 body bytes, 1955 header bytes  	[MsgId: MMSG-26386]
..\\common_lib.h(89): Notify: Transaction "homePage" ended with a "Pass" status (Duration: 0,4552 Wasted Time: 0,0004).	[MsgId: MMSG-16871]
..\\common_lib.h(3): Notify: Transaction "login" started.	[MsgId: MMSG-16999]
..\\common_lib.h(5): web_set_sockets_option started  	[MsgId: MMSG-26355]
..\\common_lib.h(5): web_set_sockets_option was successful  	[MsgId: MMSG-26392]
..\\common_lib.h(7): web_remove_auto_header("Upgrade-Insecure-Requests") started  	[MsgId: MMSG-26355]
..\\common_lib.h(7): Previous automatically added web header for "Upgrade-Insecure-Requests" removed  	[MsgId: MMSG-26587]
..\\common_lib.h(7): web_remove/revert_auto_header("Upgrade-Insecure-Requests") was successful  	[MsgId: MMSG-26392]
..\\common_lib.h(9): web_add_header("Origin") started  	[MsgId: MMSG-26355]
..\\common_lib.h(9): web_add_header("Origin") was successful  	[MsgId: MMSG-26392]
..\\common_lib.h(12): lr_think_time: 7,00 seconds.	[MsgId: MMSG-15948]
..\\common_lib.h(14): web_reg_find started  	[MsgId: MMSG-26355]
..\\common_lib.h(14): Notify: Parameter Substitution: parameter "userLogin" =  "UaJyNVEK"	[MsgId: MMSG-13992]
..\\common_lib.h(14): Registering web_reg_find was successful  	[MsgId: MMSG-26390]
..\\common_lib.h(17): web_submit_data("login.pl") started  	[MsgId: MMSG-26355]
..\\common_lib.h(17): Notify: Parameter Substitution: parameter "userSession" =  "134932.393843661zQtAfifpAAiDDDDDtVztDpfVAAf"	[MsgId: MMSG-13992]
..\\common_lib.h(17): Notify: Parameter Substitution: parameter "userLogin" =  "UaJyNVEK"	[MsgId: MMSG-13992]
..\\common_lib.h(17): Notify: Next row for parameter userPassword = 2 [table  = userPassword].	[MsgId: MMSG-13876]
..\\common_lib.h(17): Notify: Parameter Substitution: parameter "userPassword" =  "hTrarBcj"	[MsgId: MMSG-13992]
..\\common_lib.h(17): Detected non-resource "http://localhost:8090/WebTours/nav.pl?page=menu&in=home" in "http://localhost:8090/WebTours/login.pl"  	[MsgId: MMSG-26574]
..\\common_lib.h(17): Detected non-resource "http://localhost:8090/WebTours/login.pl?intro=true" in "http://localhost:8090/WebTours/login.pl"  	[MsgId: MMSG-26574]
..\\common_lib.h(17): Resource "http://localhost:8090/WebTours/images/fonJM.png" is in the cache already and will not be downloaded again  	[MsgId: MMSG-26655]
..\\common_lib.h(17): Found resource "http://localhost:8090/WebTours/images/flights.gif" in HTML "http://localhost:8090/WebTours/nav.pl?page=menu&in=home"  	[MsgId: MMSG-26659]
..\\common_lib.h(17): Found resource "http://localhost:8090/WebTours/images/itinerary.gif" in HTML "http://localhost:8090/WebTours/nav.pl?page=menu&in=home"  	[MsgId: MMSG-26659]
..\\common_lib.h(17): Resource "http://localhost:8090/WebTours/images/in_home.gif" is in the cache already and will not be downloaded again  	[MsgId: MMSG-26655]
..\\common_lib.h(17): Found resource "http://localhost:8090/WebTours/images/signoff.gif" in HTML "http://localhost:8090/WebTours/nav.pl?page=menu&in=home"  	[MsgId: MMSG-26659]
..\\common_lib.h(17): Registered web_reg_find successful for "Text=Welcome, <b>UaJyNVEK</b>" (count=1)  	[MsgId: MMSG-26364]
..\\common_lib.h(17): web_submit_data("login.pl") was successful, 5039 body bytes, 1354 header bytes  	[MsgId: MMSG-26386]
..\\common_lib.h(35): Notify: Transaction "login" ended with a "Pass" status (Duration: 7,6444 Think Time: 7,0043 Wasted Time: 0,0000).	[MsgId: MMSG-16870]
..\\common_lib.h(96): Notify: Transaction "goToFlight" started.	[MsgId: MMSG-16999]
..\\common_lib.h(98): web_add_auto_header("Upgrade-Insecure-Requests") started  	[MsgId: MMSG-26355]
..\\common_lib.h(98): web_add_auto_header("Upgrade-Insecure-Requests") was successful  	[MsgId: MMSG-26392]
..\\common_lib.h(100): lr_think_time: 23,00 seconds.	[MsgId: MMSG-15948]
..\\common_lib.h(102): web_url("Search Flights Button") started  	[MsgId: MMSG-26355]
..\\common_lib.h(102): Detected non-resource "http://localhost:8090/WebTours/nav.pl?page=menu&in=flights" in "http://localhost:8090/WebTours/welcome.pl?page=search"  	[MsgId: MMSG-26574]
..\\common_lib.h(102): Detected non-resource "http://localhost:8090/WebTours/reservations.pl?page=welcome" in "http://localhost:8090/WebTours/welcome.pl?page=search"  	[MsgId: MMSG-26574]
..\\common_lib.h(102): Found resource "http://localhost:8090/WebTours/images/button_next.gif" in HTML "http://localhost:8090/WebTours/reservations.pl?page=welcome"  	[MsgId: MMSG-26659]
..\\common_lib.h(102): Resource "http://localhost:8090/WebTours/images/fonJM.png" is in the cache already and will not be downloaded again  	[MsgId: MMSG-26655]
..\\common_lib.h(102): Found resource "http://localhost:8090/WebTours/images/in_flights.gif" in HTML "http://localhost:8090/WebTours/nav.pl?page=menu&in=flights"  	[MsgId: MMSG-26659]
..\\common_lib.h(102): Resource "http://localhost:8090/WebTours/images/itinerary.gif" is in the cache already and will not be downloaded again  	[MsgId: MMSG-26655]
..\\common_lib.h(102): Found resource "http://localhost:8090/WebTours/images/home.gif" in HTML "http://localhost:8090/WebTours/nav.pl?page=menu&in=flights"  	[MsgId: MMSG-26659]
..\\common_lib.h(102): Resource "http://localhost:8090/WebTours/images/signoff.gif" is in the cache already and will not be downloaded again  	[MsgId: MMSG-26655]
..\\common_lib.h(102): web_url("Search Flights Button") was successful, 8390 body bytes, 1173 header bytes  	[MsgId: MMSG-26386]
..\\common_lib.h(112): Notify: Transaction "goToFlight" ended with a "Pass" status (Duration: 23,4369 Think Time: 23,0049).	[MsgId: MMSG-16872]
..\\common_lib.h(118): Notify: Transaction "findFlight" started.	[MsgId: MMSG-16999]
..\\common_lib.h(120): web_add_auto_header("Origin") started  	[MsgId: MMSG-26355]
..\\common_lib.h(120): web_add_auto_header("Origin") was successful  	[MsgId: MMSG-26392]
..\\common_lib.h(123): lr_think_time: 4,00 seconds.	[MsgId: MMSG-15948]
..\\common_lib.h(125): web_reg_save_param_attrib started  	[MsgId: MMSG-26355]
..\\common_lib.h(125): Registering web_reg_save_param_attrib was successful  	[MsgId: MMSG-26390]
..\\common_lib.h(136): web_submit_data("reservations.pl") started  	[MsgId: MMSG-26355]
..\\common_lib.h(136): Notify: Next row for parameter city = 3 [table  = city].	[MsgId: MMSG-13876]
..\\common_lib.h(136): Notify: Getting new value for parameter 'city': table = '..\DataPool\city.dat' column = '0' row = '3'.	[MsgId: MMSG-13877]
..\\common_lib.h(136): Notify: Parameter Substitution: parameter "city" =  "Los Angeles"	[MsgId: MMSG-13992]
..\\common_lib.h(136): Notify: Parameter Substitution: parameter "departDate" =  "10/14/2022"	[MsgId: MMSG-13992]
..\\common_lib.h(136): Notify: Next row for parameter city = 4 [table  = city].	[MsgId: MMSG-13876]
..\\common_lib.h(136): Notify: Getting new value for parameter 'city': table = '..\DataPool\city.dat' column = '0' row = '4'.	[MsgId: MMSG-13877]
..\\common_lib.h(136): Notify: Parameter Substitution: parameter "city" =  "Paris"	[MsgId: MMSG-13992]
..\\common_lib.h(136): Notify: Parameter Substitution: parameter "returnDate" =  "10/17/2022"	[MsgId: MMSG-13992]
..\\common_lib.h(136): Notify: Parameter Substitution: parameter "seatPref" =  ""	[MsgId: MMSG-13992]
..\\common_lib.h(136): Notify: Parameter Substitution: parameter "seatType" =  "Coach"	[MsgId: MMSG-13992]
..\\common_lib.h(136): Resource "http://localhost:8090/WebTours/images/button_next.gif" is in the cache already and will not be downloaded again  	[MsgId: MMSG-26655]
..\\common_lib.h(136): Notify: Saving Parameter "outboundFlight_1 = 340;438;10/14/2022".	[MsgId: MMSG-13798]
..\\common_lib.h(136): Notify: Saving Parameter "outboundFlight_2 = 341;391;10/14/2022".	[MsgId: MMSG-13798]
..\\common_lib.h(136): Notify: Saving Parameter "outboundFlight_3 = 342;414;10/14/2022".	[MsgId: MMSG-13798]
..\\common_lib.h(136): Notify: Saving Parameter "outboundFlight_4 = 343;359;10/14/2022".	[MsgId: MMSG-13798]
..\\common_lib.h(136): Notify: Saving Parameter "outboundFlight_count = 4".	[MsgId: MMSG-13798]
..\\common_lib.h(136): web_submit_data("reservations.pl") was successful, 2356 body bytes, 253 header bytes  	[MsgId: MMSG-26386]
..\\common_lib.h(160): lr_think_time: 5,00 seconds.	[MsgId: MMSG-15948]
..\\common_lib.h(161): Notify: Parameter Substitution: parameter "outboundFlight_count" =  "4"	[MsgId: MMSG-13992]
..\\common_lib.h(161): Notify: Parameter Substitution: parameter "outboundFlight_2" =  "341;391;10/14/2022"	[MsgId: MMSG-13992]
..\\common_lib.h(161): Notify: Saving Parameter "outboundFlight = 341;391;10/14/2022".	[MsgId: MMSG-13798]
..\\common_lib.h(163): Notify: Transaction "findFlight" ended with a "Pass" status (Duration: 9,2363 Think Time: 9,0175 Wasted Time: 0,0007).	[MsgId: MMSG-16870]
..\\common_lib.h(168): Notify: Transaction "choose_flight" started.	[MsgId: MMSG-16999]
..\\common_lib.h(170): web_submit_data("reservations.pl_2") started  	[MsgId: MMSG-26355]
..\\common_lib.h(170): Notify: Parameter Substitution: parameter "outboundFlight" =  "341;391;10/14/2022"	[MsgId: MMSG-13992]
..\\common_lib.h(170): Notify: Parameter Substitution: parameter "seatType" =  "Coach"	[MsgId: MMSG-13992]
..\\common_lib.h(170): Notify: Parameter Substitution: parameter "seatPref" =  ""	[MsgId: MMSG-13992]
..\\common_lib.h(170): Resource "http://localhost:8090/WebTours/images/button_next.gif" is in the cache already and will not be downloaded again  	[MsgId: MMSG-26655]
..\\common_lib.h(170): web_submit_data("reservations.pl_2") was successful, 2706 body bytes, 253 header bytes  	[MsgId: MMSG-26386]
..\\common_lib.h(188): Notify: Transaction "choose_flight" ended with a "Pass" status (Duration: 0,2072).	[MsgId: MMSG-16873]
..\\common_lib.h(195): Notify: Transaction "paymentDetails" started.	[MsgId: MMSG-16999]
..\\common_lib.h(197): web_remove_auto_header("Origin") started  	[MsgId: MMSG-26355]
..\\common_lib.h(197): Previous automatically added web header for "Origin" removed  	[MsgId: MMSG-26587]
..\\common_lib.h(197): web_remove/revert_auto_header("Origin") was successful  	[MsgId: MMSG-26392]
..\\common_lib.h(199): web_remove_auto_header("Upgrade-Insecure-Requests") started  	[MsgId: MMSG-26355]
..\\common_lib.h(199): Previous automatically added web header for "Upgrade-Insecure-Requests" removed  	[MsgId: MMSG-26587]
..\\common_lib.h(199): web_remove/revert_auto_header("Upgrade-Insecure-Requests") was successful  	[MsgId: MMSG-26392]
..\\common_lib.h(201): web_reg_find started  	[MsgId: MMSG-26355]
..\\common_lib.h(201): Registering web_reg_find was successful  	[MsgId: MMSG-26390]
..\\common_lib.h(204): web_add_header("Origin") started  	[MsgId: MMSG-26355]
..\\common_lib.h(204): web_add_header("Origin") was successful  	[MsgId: MMSG-26392]
..\\common_lib.h(207): lr_think_time: 41,00 seconds.	[MsgId: MMSG-15948]
..\\common_lib.h(209): web_submit_data("reservations.pl_3") started  	[MsgId: MMSG-26355]
..\\common_lib.h(209): Notify: Next row for parameter firstName = 2 [table  = firstName].	[MsgId: MMSG-13876]
..\\common_lib.h(209): Notify: Parameter Substitution: parameter "firstName" =  "hnppderv"	[MsgId: MMSG-13992]
..\\common_lib.h(209): Notify: Next row for parameter lastName = 2 [table  = lastName].	[MsgId: MMSG-13876]
..\\common_lib.h(209): Notify: Parameter Substitution: parameter "lastName" =  "ceJNXbQE"	[MsgId: MMSG-13992]
..\\common_lib.h(209): Notify: Next row for parameter streetAdress = 2 [table  = streetAdress].	[MsgId: MMSG-13876]
..\\common_lib.h(209): Notify: Parameter Substitution: parameter "streetAdress" =  "qlmhdNol"	[MsgId: MMSG-13992]
..\\common_lib.h(209): Notify: Parameter Substitution: parameter "cityAdress" =  "qlmhdNol"	[MsgId: MMSG-13992]
..\\common_lib.h(209): Notify: Next row for parameter firstName = 2 [table  = firstName].	[MsgId: MMSG-13876]
..\\common_lib.h(209): Notify: Parameter Substitution: parameter "firstName" =  "hnppderv"	[MsgId: MMSG-13992]
..\\common_lib.h(209): Notify: Next row for parameter lastName = 2 [table  = lastName].	[MsgId: MMSG-13876]
..\\common_lib.h(209): Notify: Parameter Substitution: parameter "lastName" =  "ceJNXbQE"	[MsgId: MMSG-13992]
..\\common_lib.h(209): Notify: Parameter Substitution: parameter "creditCard" =  "1365465645"	[MsgId: MMSG-13992]
..\\common_lib.h(209): Notify: Parameter Substitution: parameter "expDate" =  "06/29"	[MsgId: MMSG-13992]
..\\common_lib.h(209): Notify: Parameter Substitution: parameter "seatType" =  "Coach"	[MsgId: MMSG-13992]
..\\common_lib.h(209): Notify: Parameter Substitution: parameter "seatPref" =  ""	[MsgId: MMSG-13992]
..\\common_lib.h(209): Notify: Parameter Substitution: parameter "outboundFlight" =  "341;391;10/14/2022"	[MsgId: MMSG-13992]
..\\common_lib.h(209): Found resource "http://localhost:8090/WebTours/images/bookanother.gif" in HTML "http://localhost:8090/WebTours/reservations.pl"  	[MsgId: MMSG-26659]
..\\common_lib.h(209): Registered web_reg_find successful for "Text=<small><B>Thank you for booking through Web Tours.</B></small>" (count=1)  	[MsgId: MMSG-26364]
..\\common_lib.h(209): web_submit_data("reservations.pl_3") was successful, 3232 body bytes, 552 header bytes  	[MsgId: MMSG-26386]
..\\common_lib.h(238): Notify: Transaction "paymentDetails" ended with a "Pass" status (Duration: 41,2234 Think Time: 41,0108 Wasted Time: 0,0000).	[MsgId: MMSG-16870]
..\\common_lib.h(41): Notify: Transaction "logout" started.	[MsgId: MMSG-16999]
..\\common_lib.h(43): web_add_header("Upgrade-Insecure-Requests") started  	[MsgId: MMSG-26355]
..\\common_lib.h(43): web_add_header("Upgrade-Insecure-Requests") was successful  	[MsgId: MMSG-26392]
..\\common_lib.h(46): lr_think_time: 14,00 seconds.	[MsgId: MMSG-15948]
..\\common_lib.h(48): web_url("SignOff Button") started  	[MsgId: MMSG-26355]
..\\common_lib.h(48): Detected non-resource "http://localhost:8090/WebTours/nav.pl?in=home" in "http://localhost:8090/WebTours/welcome.pl?signOff=1"  	[MsgId: MMSG-26574]
..\\common_lib.h(48): Detected non-resource "http://localhost:8090/WebTours/home.html" in "http://localhost:8090/WebTours/welcome.pl?signOff=1"  	[MsgId: MMSG-26574]
..\\common_lib.h(48): Retrieving data from cache for "http://localhost:8090/WebTours/home.html"  	[MsgId: MMSG-26558]
..\\common_lib.h(48): Resource "http://localhost:8090/WebTours/images/fonJM.png" is in the cache already and will not be downloaded again  	[MsgId: MMSG-26655]
..\\common_lib.h(48): Resource "http://localhost:8090/WebTours/images/mer_login.gif" is in the cache already and will not be downloaded again  	[MsgId: MMSG-26655]
..\\common_lib.h(48): web_url("SignOff Button") was successful, 3387 body bytes, 639 header bytes  	[MsgId: MMSG-26386]
..\\common_lib.h(58): Notify: Transaction "logout" ended with a "Pass" status (Duration: 14,4357 Think Time: 14,0118).	[MsgId: MMSG-16872]
Action.c(14): Notify: Transaction "UC_1_BuyTicket" ended with a "Pass" status (Duration: 96,6398 Think Time: 94,0493 Wasted Time: 0,0011).	[MsgId: MMSG-16870]
Ending action Action.	[MsgId: MMSG-15918]
Action was aborted.	[MsgId: MMSG-10694]
Ending Vuser...	[MsgId: MMSG-15966]
Starting action vuser_end.	[MsgId: MMSG-15919]
Ending action vuser_end.	[MsgId: MMSG-15918]
Vuser Terminated.	[MsgId: MMSG-15963]
Vuser 2 (thread 12732), ended OK."	[MsgId: MMSG-10695]
