Virtual User Script started at: 14.10.2022 22:59:22	[MsgId: MMSG-15967]
Starting action vuser_init.	[MsgId: MMSG-15919]
Web Turbo Replay of LoadRunner 2020.0.0 for Windows 10; build 793 (ноя 27 2019 19:51:20)  	[MsgId: MMSG-26983]
Run mode: HTML  	[MsgId: MMSG-26993]
Replay user agent: Mozilla/5.0 (Windows NT 10.0; Win64; x64; rv:105.0) Gecko/20100101 Firefox/105.0  	[MsgId: MMSG-26988]
Runtime Settings file: "C:\Users\Nikitka\AppData\Local\Temp\lr5tmpdirIsU.862\lrcfgHGd.863\cfg9PC.868"  	[MsgId: MMSG-27141]
Ending action vuser_init.	[MsgId: MMSG-15918]
Running Vuser...	[MsgId: MMSG-15964]
Starting iteration 1.	[MsgId: MMSG-15968]
Maximum number of concurrent connections per server: 6  	[MsgId: MMSG-26989]
Starting action Action.	[MsgId: MMSG-15919]
Action.c(4): Notify: Transaction "UC_1_BuyTicket" started.	[MsgId: MMSG-16999]
..\\common_lib.h(64): Notify: Transaction "homePage" started.	[MsgId: MMSG-16999]
..\\common_lib.h(66): web_add_auto_header("Upgrade-Insecure-Requests") started  	[MsgId: MMSG-26355]
..\\common_lib.h(66): web_add_auto_header("Upgrade-Insecure-Requests") was successful  	[MsgId: MMSG-26392]
..\\common_lib.h(70): web_reg_save_param_regexp started  	[MsgId: MMSG-26355]
..\\common_lib.h(70): Registering web_reg_save_param_regexp was successful  	[MsgId: MMSG-26390]
..\\common_lib.h(79): web_url("WebTours") started  	[MsgId: MMSG-26355]
..\\common_lib.h(79): Detected non-resource "http://localhost:8090/WebTours/header.html" in "http://localhost:8090/WebTours/"  	[MsgId: MMSG-26574]
..\\common_lib.h(79): Detected non-resource "http://localhost:8090/WebTours/welcome.pl?signOff=true" in "http://localhost:8090/WebTours/"  	[MsgId: MMSG-26574]
..\\common_lib.h(79): Found resource "http://localhost:8090/WebTours/images/jmeter_logo.png" in HTML "http://localhost:8090/WebTours/header.html"  	[MsgId: MMSG-26659]
..\\common_lib.h(79): Found resource "http://localhost:8090/WebTours/images/webtours.png" in HTML "http://localhost:8090/WebTours/header.html"  	[MsgId: MMSG-26659]
..\\common_lib.h(79): Found resource "http://localhost:8090/WebTours/images/in_home.gif" in HTML "http://localhost:8090/WebTours/header.html"  	[MsgId: MMSG-26659]
..\\common_lib.h(79): Detected non-resource "http://localhost:8090/WebTours/nav.pl?in=home" in "http://localhost:8090/WebTours/welcome.pl?signOff=true"  	[MsgId: MMSG-26574]
..\\common_lib.h(79): Detected non-resource "http://localhost:8090/WebTours/home.html" in "http://localhost:8090/WebTours/welcome.pl?signOff=true"  	[MsgId: MMSG-26574]
..\\common_lib.h(79): Found resource "http://localhost:8090/WebTours/images/fonJM.png" in HTML "http://localhost:8090/WebTours/nav.pl?in=home"  	[MsgId: MMSG-26659]
..\\common_lib.h(79): Found resource "http://localhost:8090/WebTours/images/mer_login.gif" in HTML "http://localhost:8090/WebTours/nav.pl?in=home"  	[MsgId: MMSG-26659]
..\\common_lib.h(79): Notify: Saving Parameter "userSession = 134934.820737141zQtAHAQpitVzzzzHtVzttpcfQAf".	[MsgId: MMSG-13798]
..\\common_lib.h(79): web_url("WebTours") was successful, 40142 body bytes, 1955 header bytes  	[MsgId: MMSG-26386]
..\\common_lib.h(89): Notify: Transaction "homePage" ended with a "Pass" status (Duration: 0,4919 Wasted Time: 0,0006).	[MsgId: MMSG-16871]
..\\common_lib.h(3): Notify: Transaction "login" started.	[MsgId: MMSG-16999]
..\\common_lib.h(5): web_set_sockets_option started  	[MsgId: MMSG-26355]
..\\common_lib.h(5): web_set_sockets_option was successful  	[MsgId: MMSG-26392]
..\\common_lib.h(7): web_remove_auto_header("Upgrade-Insecure-Requests") started  	[MsgId: MMSG-26355]
..\\common_lib.h(7): Previous automatically added web header for "Upgrade-Insecure-Requests" removed  	[MsgId: MMSG-26587]
..\\common_lib.h(7): web_remove/revert_auto_header("Upgrade-Insecure-Requests") was successful  	[MsgId: MMSG-26392]
..\\common_lib.h(9): web_add_header("Origin") started  	[MsgId: MMSG-26355]
..\\common_lib.h(9): web_add_header("Origin") was successful  	[MsgId: MMSG-26392]
..\\common_lib.h(12): lr_think_time: 7,00 seconds.	[MsgId: MMSG-15948]
Virtual User Script started at: 14.10.2022 22:59:24	[MsgId: MMSG-15967]
Starting action vuser_init.	[MsgId: MMSG-15919]
Web Turbo Replay of LoadRunner 2020.0.0 for Windows 10; build 793 (ноя 27 2019 19:51:20)  	[MsgId: MMSG-26983]
Run mode: HTML  	[MsgId: MMSG-26993]
Replay user agent: Mozilla/5.0 (Windows NT 10.0; Win64; x64; rv:105.0) Gecko/20100101 Firefox/105.0  	[MsgId: MMSG-26988]
Runtime Settings file: "C:\Users\Nikitka\AppData\Local\Temp\lr5tmpdirIsU.862\lrcfgHGd.863\cfg9PC.868"  	[MsgId: MMSG-27141]
Ending action vuser_init.	[MsgId: MMSG-15918]
Running Vuser...	[MsgId: MMSG-15964]
Starting iteration 1.	[MsgId: MMSG-15968]
Maximum number of concurrent connections per server: 6  	[MsgId: MMSG-26989]
Starting action Action.	[MsgId: MMSG-15919]
Action.c(4): Notify: Transaction "UC_1_BuyTicket" started.	[MsgId: MMSG-16999]
..\\common_lib.h(64): Notify: Transaction "homePage" started.	[MsgId: MMSG-16999]
..\\common_lib.h(66): web_add_auto_header("Upgrade-Insecure-Requests") started  	[MsgId: MMSG-26355]
..\\common_lib.h(66): web_add_auto_header("Upgrade-Insecure-Requests") was successful  	[MsgId: MMSG-26392]
..\\common_lib.h(70): web_reg_save_param_regexp started  	[MsgId: MMSG-26355]
..\\common_lib.h(70): Registering web_reg_save_param_regexp was successful  	[MsgId: MMSG-26390]
..\\common_lib.h(79): web_url("WebTours") started  	[MsgId: MMSG-26355]
..\\common_lib.h(79): Detected non-resource "http://localhost:8090/WebTours/header.html" in "http://localhost:8090/WebTours/"  	[MsgId: MMSG-26574]
..\\common_lib.h(79): Detected non-resource "http://localhost:8090/WebTours/welcome.pl?signOff=true" in "http://localhost:8090/WebTours/"  	[MsgId: MMSG-26574]
..\\common_lib.h(79): Found resource "http://localhost:8090/WebTours/images/jmeter_logo.png" in HTML "http://localhost:8090/WebTours/header.html"  	[MsgId: MMSG-26659]
..\\common_lib.h(79): Found resource "http://localhost:8090/WebTours/images/webtours.png" in HTML "http://localhost:8090/WebTours/header.html"  	[MsgId: MMSG-26659]
..\\common_lib.h(79): Found resource "http://localhost:8090/WebTours/images/in_home.gif" in HTML "http://localhost:8090/WebTours/header.html"  	[MsgId: MMSG-26659]
..\\common_lib.h(79): Detected non-resource "http://localhost:8090/WebTours/nav.pl?in=home" in "http://localhost:8090/WebTours/welcome.pl?signOff=true"  	[MsgId: MMSG-26574]
..\\common_lib.h(79): Detected non-resource "http://localhost:8090/WebTours/home.html" in "http://localhost:8090/WebTours/welcome.pl?signOff=true"  	[MsgId: MMSG-26574]
..\\common_lib.h(79): Found resource "http://localhost:8090/WebTours/images/fonJM.png" in HTML "http://localhost:8090/WebTours/nav.pl?in=home"  	[MsgId: MMSG-26659]
..\\common_lib.h(79): Found resource "http://localhost:8090/WebTours/images/mer_login.gif" in HTML "http://localhost:8090/WebTours/nav.pl?in=home"  	[MsgId: MMSG-26659]
..\\common_lib.h(79): Notify: Saving Parameter "userSession = 134934.820899149zQtAHAQpiftVzttpcfQV".	[MsgId: MMSG-13798]
..\\common_lib.h(79): web_url("WebTours") was successful, 40121 body bytes, 1955 header bytes  	[MsgId: MMSG-26386]
..\\common_lib.h(89): Notify: Transaction "homePage" ended with a "Pass" status (Duration: 0,6475 Wasted Time: 0,0004).	[MsgId: MMSG-16871]
..\\common_lib.h(3): Notify: Transaction "login" started.	[MsgId: MMSG-16999]
..\\common_lib.h(5): web_set_sockets_option started  	[MsgId: MMSG-26355]
..\\common_lib.h(5): web_set_sockets_option was successful  	[MsgId: MMSG-26392]
..\\common_lib.h(7): web_remove_auto_header("Upgrade-Insecure-Requests") started  	[MsgId: MMSG-26355]
..\\common_lib.h(7): Previous automatically added web header for "Upgrade-Insecure-Requests" removed  	[MsgId: MMSG-26587]
..\\common_lib.h(7): web_remove/revert_auto_header("Upgrade-Insecure-Requests") was successful  	[MsgId: MMSG-26392]
..\\common_lib.h(9): web_add_header("Origin") started  	[MsgId: MMSG-26355]
..\\common_lib.h(9): web_add_header("Origin") was successful  	[MsgId: MMSG-26392]
..\\common_lib.h(12): lr_think_time: 7,00 seconds.	[MsgId: MMSG-15948]
Virtual User Script started at: 14.10.2022 22:59:28	[MsgId: MMSG-15967]
Starting action vuser_init.	[MsgId: MMSG-15919]
Web Turbo Replay of LoadRunner 2020.0.0 for Windows 10; build 793 (ноя 27 2019 19:51:20)  	[MsgId: MMSG-26983]
Run mode: HTML  	[MsgId: MMSG-26993]
Replay user agent: Mozilla/5.0 (Windows NT 10.0; Win64; x64; rv:105.0) Gecko/20100101 Firefox/105.0  	[MsgId: MMSG-26988]
Runtime Settings file: "C:\Users\Nikitka\AppData\Local\Temp\lr5tmpdirIsU.862\lrcfgHGd.863\cfg9PC.868"  	[MsgId: MMSG-27141]
Ending action vuser_init.	[MsgId: MMSG-15918]
Running Vuser...	[MsgId: MMSG-15964]
Starting iteration 1.	[MsgId: MMSG-15968]
Maximum number of concurrent connections per server: 6  	[MsgId: MMSG-26989]
Starting action Action.	[MsgId: MMSG-15919]
Action.c(4): Notify: Transaction "UC_1_BuyTicket" started.	[MsgId: MMSG-16999]
..\\common_lib.h(64): Notify: Transaction "homePage" started.	[MsgId: MMSG-16999]
..\\common_lib.h(66): web_add_auto_header("Upgrade-Insecure-Requests") started  	[MsgId: MMSG-26355]
..\\common_lib.h(66): web_add_auto_header("Upgrade-Insecure-Requests") was successful  	[MsgId: MMSG-26392]
..\\common_lib.h(70): web_reg_save_param_regexp started  	[MsgId: MMSG-26355]
..\\common_lib.h(70): Registering web_reg_save_param_regexp was successful  	[MsgId: MMSG-26390]
..\\common_lib.h(79): web_url("WebTours") started  	[MsgId: MMSG-26355]
..\\common_lib.h(79): Detected non-resource "http://localhost:8090/WebTours/header.html" in "http://localhost:8090/WebTours/"  	[MsgId: MMSG-26574]
..\\common_lib.h(79): Detected non-resource "http://localhost:8090/WebTours/welcome.pl?signOff=true" in "http://localhost:8090/WebTours/"  	[MsgId: MMSG-26574]
..\\common_lib.h(79): Found resource "http://localhost:8090/WebTours/images/jmeter_logo.png" in HTML "http://localhost:8090/WebTours/header.html"  	[MsgId: MMSG-26659]
..\\common_lib.h(79): Found resource "http://localhost:8090/WebTours/images/webtours.png" in HTML "http://localhost:8090/WebTours/header.html"  	[MsgId: MMSG-26659]
..\\common_lib.h(79): Found resource "http://localhost:8090/WebTours/images/in_home.gif" in HTML "http://localhost:8090/WebTours/header.html"  	[MsgId: MMSG-26659]
..\\common_lib.h(79): Detected non-resource "http://localhost:8090/WebTours/nav.pl?in=home" in "http://localhost:8090/WebTours/welcome.pl?signOff=true"  	[MsgId: MMSG-26574]
..\\common_lib.h(79): Detected non-resource "http://localhost:8090/WebTours/home.html" in "http://localhost:8090/WebTours/welcome.pl?signOff=true"  	[MsgId: MMSG-26574]
..\\common_lib.h(79): Found resource "http://localhost:8090/WebTours/images/fonJM.png" in HTML "http://localhost:8090/WebTours/nav.pl?in=home"  	[MsgId: MMSG-26659]
..\\common_lib.h(79): Found resource "http://localhost:8090/WebTours/images/mer_login.gif" in HTML "http://localhost:8090/WebTours/nav.pl?in=home"  	[MsgId: MMSG-26659]
..\\common_lib.h(79): Notify: Saving Parameter "userSession = 134934.821223167zQtAHAQpizzzzzzHtVzttpcfQc".	[MsgId: MMSG-13798]
..\\common_lib.h(79): web_url("WebTours") was successful, 40139 body bytes, 1955 header bytes  	[MsgId: MMSG-26386]
..\\common_lib.h(89): Notify: Transaction "homePage" ended with a "Pass" status (Duration: 0,4500 Wasted Time: 0,0004).	[MsgId: MMSG-16871]
..\\common_lib.h(3): Notify: Transaction "login" started.	[MsgId: MMSG-16999]
..\\common_lib.h(5): web_set_sockets_option started  	[MsgId: MMSG-26355]
..\\common_lib.h(5): web_set_sockets_option was successful  	[MsgId: MMSG-26392]
..\\common_lib.h(7): web_remove_auto_header("Upgrade-Insecure-Requests") started  	[MsgId: MMSG-26355]
..\\common_lib.h(7): Previous automatically added web header for "Upgrade-Insecure-Requests" removed  	[MsgId: MMSG-26587]
..\\common_lib.h(7): web_remove/revert_auto_header("Upgrade-Insecure-Requests") was successful  	[MsgId: MMSG-26392]
..\\common_lib.h(9): web_add_header("Origin") started  	[MsgId: MMSG-26355]
..\\common_lib.h(9): web_add_header("Origin") was successful  	[MsgId: MMSG-26392]
..\\common_lib.h(12): lr_think_time: 7,00 seconds.	[MsgId: MMSG-15948]
..\\common_lib.h(14): web_reg_find started  	[MsgId: MMSG-26355]
..\\common_lib.h(14): Notify: Parameter Substitution: parameter "userLogin" =  "Nikita"	[MsgId: MMSG-13992]
..\\common_lib.h(14): Registering web_reg_find was successful  	[MsgId: MMSG-26390]
..\\common_lib.h(17): web_submit_data("login.pl") started  	[MsgId: MMSG-26355]
..\\common_lib.h(17): Notify: Parameter Substitution: parameter "userSession" =  "134934.820737141zQtAHAQpitVzzzzHtVzttpcfQAf"	[MsgId: MMSG-13992]
..\\common_lib.h(17): Notify: Parameter Substitution: parameter "userLogin" =  "Nikita"	[MsgId: MMSG-13992]
..\\common_lib.h(17): Notify: Next row for parameter userPassword = 1 [table  = userPassword].	[MsgId: MMSG-13876]
..\\common_lib.h(17): Notify: Parameter Substitution: parameter "userPassword" =  "nikita"	[MsgId: MMSG-13992]
..\\common_lib.h(17): Detected non-resource "http://localhost:8090/WebTours/nav.pl?page=menu&in=home" in "http://localhost:8090/WebTours/login.pl"  	[MsgId: MMSG-26574]
..\\common_lib.h(17): Detected non-resource "http://localhost:8090/WebTours/login.pl?intro=true" in "http://localhost:8090/WebTours/login.pl"  	[MsgId: MMSG-26574]
..\\common_lib.h(17): Resource "http://localhost:8090/WebTours/images/fonJM.png" is in the cache already and will not be downloaded again  	[MsgId: MMSG-26655]
..\\common_lib.h(17): Found resource "http://localhost:8090/WebTours/images/flights.gif" in HTML "http://localhost:8090/WebTours/nav.pl?page=menu&in=home"  	[MsgId: MMSG-26659]
..\\common_lib.h(17): Found resource "http://localhost:8090/WebTours/images/itinerary.gif" in HTML "http://localhost:8090/WebTours/nav.pl?page=menu&in=home"  	[MsgId: MMSG-26659]
..\\common_lib.h(17): Resource "http://localhost:8090/WebTours/images/in_home.gif" is in the cache already and will not be downloaded again  	[MsgId: MMSG-26655]
..\\common_lib.h(17): Found resource "http://localhost:8090/WebTours/images/signoff.gif" in HTML "http://localhost:8090/WebTours/nav.pl?page=menu&in=home"  	[MsgId: MMSG-26659]
..\\common_lib.h(17): Registered web_reg_find successful for "Text=Welcome, <b>Nikita</b>" (count=1)  	[MsgId: MMSG-26364]
..\\common_lib.h(17): web_submit_data("login.pl") was successful, 5037 body bytes, 1343 header bytes  	[MsgId: MMSG-26386]
..\\common_lib.h(35): Notify: Transaction "login" ended with a "Pass" status (Duration: 7,5105 Think Time: 7,0092 Wasted Time: 0,0000).	[MsgId: MMSG-16870]
..\\common_lib.h(96): Notify: Transaction "goToFlight" started.	[MsgId: MMSG-16999]
..\\common_lib.h(98): web_add_auto_header("Upgrade-Insecure-Requests") started  	[MsgId: MMSG-26355]
..\\common_lib.h(98): web_add_auto_header("Upgrade-Insecure-Requests") was successful  	[MsgId: MMSG-26392]
..\\common_lib.h(100): lr_think_time: 23,00 seconds.	[MsgId: MMSG-15948]
..\\common_lib.h(14): web_reg_find started  	[MsgId: MMSG-26355]
..\\common_lib.h(14): Notify: Parameter Substitution: parameter "userLogin" =  "Nikita"	[MsgId: MMSG-13992]
..\\common_lib.h(14): Registering web_reg_find was successful  	[MsgId: MMSG-26390]
..\\common_lib.h(17): web_submit_data("login.pl") started  	[MsgId: MMSG-26355]
..\\common_lib.h(17): Notify: Parameter Substitution: parameter "userSession" =  "134934.820899149zQtAHAQpiftVzttpcfQV"	[MsgId: MMSG-13992]
..\\common_lib.h(17): Notify: Parameter Substitution: parameter "userLogin" =  "Nikita"	[MsgId: MMSG-13992]
..\\common_lib.h(17): Notify: Next row for parameter userPassword = 1 [table  = userPassword].	[MsgId: MMSG-13876]
..\\common_lib.h(17): Notify: Parameter Substitution: parameter "userPassword" =  "nikita"	[MsgId: MMSG-13992]
..\\common_lib.h(17): Detected non-resource "http://localhost:8090/WebTours/nav.pl?page=menu&in=home" in "http://localhost:8090/WebTours/login.pl"  	[MsgId: MMSG-26574]
..\\common_lib.h(17): Detected non-resource "http://localhost:8090/WebTours/login.pl?intro=true" in "http://localhost:8090/WebTours/login.pl"  	[MsgId: MMSG-26574]
..\\common_lib.h(17): Resource "http://localhost:8090/WebTours/images/fonJM.png" is in the cache already and will not be downloaded again  	[MsgId: MMSG-26655]
..\\common_lib.h(17): Found resource "http://localhost:8090/WebTours/images/flights.gif" in HTML "http://localhost:8090/WebTours/nav.pl?page=menu&in=home"  	[MsgId: MMSG-26659]
..\\common_lib.h(17): Found resource "http://localhost:8090/WebTours/images/itinerary.gif" in HTML "http://localhost:8090/WebTours/nav.pl?page=menu&in=home"  	[MsgId: MMSG-26659]
..\\common_lib.h(17): Resource "http://localhost:8090/WebTours/images/in_home.gif" is in the cache already and will not be downloaded again  	[MsgId: MMSG-26655]
..\\common_lib.h(17): Found resource "http://localhost:8090/WebTours/images/signoff.gif" in HTML "http://localhost:8090/WebTours/nav.pl?page=menu&in=home"  	[MsgId: MMSG-26659]
..\\common_lib.h(17): Registered web_reg_find successful for "Text=Welcome, <b>Nikita</b>" (count=1)  	[MsgId: MMSG-26364]
..\\common_lib.h(17): web_submit_data("login.pl") was successful, 5037 body bytes, 1343 header bytes  	[MsgId: MMSG-26386]
..\\common_lib.h(35): Notify: Transaction "login" ended with a "Pass" status (Duration: 7,6648 Think Time: 7,0085 Wasted Time: 0,0000).	[MsgId: MMSG-16870]
..\\common_lib.h(96): Notify: Transaction "goToFlight" started.	[MsgId: MMSG-16999]
..\\common_lib.h(98): web_add_auto_header("Upgrade-Insecure-Requests") started  	[MsgId: MMSG-26355]
..\\common_lib.h(98): web_add_auto_header("Upgrade-Insecure-Requests") was successful  	[MsgId: MMSG-26392]
..\\common_lib.h(100): lr_think_time: 23,00 seconds.	[MsgId: MMSG-15948]
..\\common_lib.h(14): web_reg_find started  	[MsgId: MMSG-26355]
..\\common_lib.h(14): Notify: Parameter Substitution: parameter "userLogin" =  "Nikita"	[MsgId: MMSG-13992]
..\\common_lib.h(14): Registering web_reg_find was successful  	[MsgId: MMSG-26390]
..\\common_lib.h(17): web_submit_data("login.pl") started  	[MsgId: MMSG-26355]
..\\common_lib.h(17): Notify: Parameter Substitution: parameter "userSession" =  "134934.821223167zQtAHAQpizzzzzzHtVzttpcfQc"	[MsgId: MMSG-13992]
..\\common_lib.h(17): Notify: Parameter Substitution: parameter "userLogin" =  "Nikita"	[MsgId: MMSG-13992]
..\\common_lib.h(17): Notify: Next row for parameter userPassword = 1 [table  = userPassword].	[MsgId: MMSG-13876]
..\\common_lib.h(17): Notify: Parameter Substitution: parameter "userPassword" =  "nikita"	[MsgId: MMSG-13992]
..\\common_lib.h(17): Detected non-resource "http://localhost:8090/WebTours/nav.pl?page=menu&in=home" in "http://localhost:8090/WebTours/login.pl"  	[MsgId: MMSG-26574]
..\\common_lib.h(17): Detected non-resource "http://localhost:8090/WebTours/login.pl?intro=true" in "http://localhost:8090/WebTours/login.pl"  	[MsgId: MMSG-26574]
..\\common_lib.h(17): Resource "http://localhost:8090/WebTours/images/fonJM.png" is in the cache already and will not be downloaded again  	[MsgId: MMSG-26655]
..\\common_lib.h(17): Found resource "http://localhost:8090/WebTours/images/flights.gif" in HTML "http://localhost:8090/WebTours/nav.pl?page=menu&in=home"  	[MsgId: MMSG-26659]
..\\common_lib.h(17): Found resource "http://localhost:8090/WebTours/images/itinerary.gif" in HTML "http://localhost:8090/WebTours/nav.pl?page=menu&in=home"  	[MsgId: MMSG-26659]
..\\common_lib.h(17): Resource "http://localhost:8090/WebTours/images/in_home.gif" is in the cache already and will not be downloaded again  	[MsgId: MMSG-26655]
..\\common_lib.h(17): Found resource "http://localhost:8090/WebTours/images/signoff.gif" in HTML "http://localhost:8090/WebTours/nav.pl?page=menu&in=home"  	[MsgId: MMSG-26659]
..\\common_lib.h(17): Registered web_reg_find successful for "Text=Welcome, <b>Nikita</b>" (count=1)  	[MsgId: MMSG-26364]
..\\common_lib.h(17): web_submit_data("login.pl") was successful, 5037 body bytes, 1343 header bytes  	[MsgId: MMSG-26386]
..\\common_lib.h(35): Notify: Transaction "login" ended with a "Pass" status (Duration: 7,6321 Think Time: 7,0008 Wasted Time: 0,0000).	[MsgId: MMSG-16870]
..\\common_lib.h(96): Notify: Transaction "goToFlight" started.	[MsgId: MMSG-16999]
..\\common_lib.h(98): web_add_auto_header("Upgrade-Insecure-Requests") started  	[MsgId: MMSG-26355]
..\\common_lib.h(98): web_add_auto_header("Upgrade-Insecure-Requests") was successful  	[MsgId: MMSG-26392]
..\\common_lib.h(100): lr_think_time: 23,00 seconds.	[MsgId: MMSG-15948]
..\\common_lib.h(102): web_url("Search Flights Button") started  	[MsgId: MMSG-26355]
..\\common_lib.h(102): Detected non-resource "http://localhost:8090/WebTours/nav.pl?page=menu&in=flights" in "http://localhost:8090/WebTours/welcome.pl?page=search"  	[MsgId: MMSG-26574]
..\\common_lib.h(102): Detected non-resource "http://localhost:8090/WebTours/reservations.pl?page=welcome" in "http://localhost:8090/WebTours/welcome.pl?page=search"  	[MsgId: MMSG-26574]
..\\common_lib.h(102): Found resource "http://localhost:8090/WebTours/images/button_next.gif" in HTML "http://localhost:8090/WebTours/reservations.pl?page=welcome"  	[MsgId: MMSG-26659]
..\\common_lib.h(102): Resource "http://localhost:8090/WebTours/images/fonJM.png" is in the cache already and will not be downloaded again  	[MsgId: MMSG-26655]
..\\common_lib.h(102): Found resource "http://localhost:8090/WebTours/images/in_flights.gif" in HTML "http://localhost:8090/WebTours/nav.pl?page=menu&in=flights"  	[MsgId: MMSG-26659]
..\\common_lib.h(102): Resource "http://localhost:8090/WebTours/images/itinerary.gif" is in the cache already and will not be downloaded again  	[MsgId: MMSG-26655]
..\\common_lib.h(102): Found resource "http://localhost:8090/WebTours/images/home.gif" in HTML "http://localhost:8090/WebTours/nav.pl?page=menu&in=flights"  	[MsgId: MMSG-26659]
..\\common_lib.h(102): Resource "http://localhost:8090/WebTours/images/signoff.gif" is in the cache already and will not be downloaded again  	[MsgId: MMSG-26655]
..\\common_lib.h(102): web_url("Search Flights Button") was successful, 8390 body bytes, 1173 header bytes  	[MsgId: MMSG-26386]
..\\common_lib.h(112): Notify: Transaction "goToFlight" ended with a "Pass" status (Duration: 23,6583 Think Time: 23,0023).	[MsgId: MMSG-16872]
..\\common_lib.h(118): Notify: Transaction "findFlight" started.	[MsgId: MMSG-16999]
..\\common_lib.h(120): web_add_auto_header("Origin") started  	[MsgId: MMSG-26355]
..\\common_lib.h(120): web_add_auto_header("Origin") was successful  	[MsgId: MMSG-26392]
..\\common_lib.h(123): lr_think_time: 4,00 seconds.	[MsgId: MMSG-15948]
..\\common_lib.h(102): web_url("Search Flights Button") started  	[MsgId: MMSG-26355]
..\\common_lib.h(102): Detected non-resource "http://localhost:8090/WebTours/nav.pl?page=menu&in=flights" in "http://localhost:8090/WebTours/welcome.pl?page=search"  	[MsgId: MMSG-26574]
..\\common_lib.h(102): Detected non-resource "http://localhost:8090/WebTours/reservations.pl?page=welcome" in "http://localhost:8090/WebTours/welcome.pl?page=search"  	[MsgId: MMSG-26574]
..\\common_lib.h(102): Found resource "http://localhost:8090/WebTours/images/button_next.gif" in HTML "http://localhost:8090/WebTours/reservations.pl?page=welcome"  	[MsgId: MMSG-26659]
..\\common_lib.h(102): Resource "http://localhost:8090/WebTours/images/fonJM.png" is in the cache already and will not be downloaded again  	[MsgId: MMSG-26655]
..\\common_lib.h(102): Found resource "http://localhost:8090/WebTours/images/in_flights.gif" in HTML "http://localhost:8090/WebTours/nav.pl?page=menu&in=flights"  	[MsgId: MMSG-26659]
..\\common_lib.h(102): Resource "http://localhost:8090/WebTours/images/itinerary.gif" is in the cache already and will not be downloaded again  	[MsgId: MMSG-26655]
..\\common_lib.h(102): Found resource "http://localhost:8090/WebTours/images/home.gif" in HTML "http://localhost:8090/WebTours/nav.pl?page=menu&in=flights"  	[MsgId: MMSG-26659]
..\\common_lib.h(102): Resource "http://localhost:8090/WebTours/images/signoff.gif" is in the cache already and will not be downloaded again  	[MsgId: MMSG-26655]
..\\common_lib.h(102): web_url("Search Flights Button") was successful, 8390 body bytes, 1173 header bytes  	[MsgId: MMSG-26386]
..\\common_lib.h(112): Notify: Transaction "goToFlight" ended with a "Pass" status (Duration: 23,7860 Think Time: 23,0143).	[MsgId: MMSG-16872]
..\\common_lib.h(118): Notify: Transaction "findFlight" started.	[MsgId: MMSG-16999]
..\\common_lib.h(120): web_add_auto_header("Origin") started  	[MsgId: MMSG-26355]
..\\common_lib.h(120): web_add_auto_header("Origin") was successful  	[MsgId: MMSG-26392]
..\\common_lib.h(123): lr_think_time: 4,00 seconds.	[MsgId: MMSG-15948]
..\\common_lib.h(125): web_reg_save_param_attrib started  	[MsgId: MMSG-26355]
..\\common_lib.h(125): Registering web_reg_save_param_attrib was successful  	[MsgId: MMSG-26390]
..\\common_lib.h(136): web_submit_data("reservations.pl") started  	[MsgId: MMSG-26355]
..\\common_lib.h(136): Notify: Getting new value for parameter 'city': table = '..\DataPool\city.dat' column = '0' row = '1'.	[MsgId: MMSG-13877]
..\\common_lib.h(136): Notify: Parameter Substitution: parameter "city" =  "Frankfurt"	[MsgId: MMSG-13992]
..\\common_lib.h(136): Notify: Parameter Substitution: parameter "departDate" =  "10/14/2022"	[MsgId: MMSG-13992]
..\\common_lib.h(136): Notify: Next row for parameter city = 2 [table  = city].	[MsgId: MMSG-13876]
..\\common_lib.h(136): Notify: Getting new value for parameter 'city': table = '..\DataPool\city.dat' column = '0' row = '2'.	[MsgId: MMSG-13877]
..\\common_lib.h(136): Notify: Parameter Substitution: parameter "city" =  "London"	[MsgId: MMSG-13992]
..\\common_lib.h(136): Notify: Parameter Substitution: parameter "returnDate" =  "10/17/2022"	[MsgId: MMSG-13992]
..\\common_lib.h(136): Notify: Parameter Substitution: parameter "seatPref" =  "Aisle"	[MsgId: MMSG-13992]
..\\common_lib.h(136): Notify: Parameter Substitution: parameter "seatType" =  "First"	[MsgId: MMSG-13992]
..\\common_lib.h(136): Resource "http://localhost:8090/WebTours/images/button_next.gif" is in the cache already and will not be downloaded again  	[MsgId: MMSG-26655]
..\\common_lib.h(136): Notify: Saving Parameter "outboundFlight_1 = 120;499;10/14/2022".	[MsgId: MMSG-13798]
..\\common_lib.h(136): Notify: Saving Parameter "outboundFlight_2 = 121;444;10/14/2022".	[MsgId: MMSG-13798]
..\\common_lib.h(136): Notify: Saving Parameter "outboundFlight_3 = 122;471;10/14/2022".	[MsgId: MMSG-13798]
..\\common_lib.h(136): Notify: Saving Parameter "outboundFlight_4 = 123;408;10/14/2022".	[MsgId: MMSG-13798]
..\\common_lib.h(136): Notify: Saving Parameter "outboundFlight_count = 4".	[MsgId: MMSG-13798]
..\\common_lib.h(136): web_submit_data("reservations.pl") was successful, 2359 body bytes, 253 header bytes  	[MsgId: MMSG-26386]
..\\common_lib.h(160): lr_think_time: 5,00 seconds.	[MsgId: MMSG-15948]
..\\common_lib.h(102): web_url("Search Flights Button") started  	[MsgId: MMSG-26355]
..\\common_lib.h(102): Detected non-resource "http://localhost:8090/WebTours/nav.pl?page=menu&in=flights" in "http://localhost:8090/WebTours/welcome.pl?page=search"  	[MsgId: MMSG-26574]
..\\common_lib.h(102): Detected non-resource "http://localhost:8090/WebTours/reservations.pl?page=welcome" in "http://localhost:8090/WebTours/welcome.pl?page=search"  	[MsgId: MMSG-26574]
..\\common_lib.h(102): Found resource "http://localhost:8090/WebTours/images/button_next.gif" in HTML "http://localhost:8090/WebTours/reservations.pl?page=welcome"  	[MsgId: MMSG-26659]
..\\common_lib.h(102): Resource "http://localhost:8090/WebTours/images/fonJM.png" is in the cache already and will not be downloaded again  	[MsgId: MMSG-26655]
..\\common_lib.h(102): Found resource "http://localhost:8090/WebTours/images/in_flights.gif" in HTML "http://localhost:8090/WebTours/nav.pl?page=menu&in=flights"  	[MsgId: MMSG-26659]
..\\common_lib.h(102): Resource "http://localhost:8090/WebTours/images/itinerary.gif" is in the cache already and will not be downloaded again  	[MsgId: MMSG-26655]
..\\common_lib.h(102): Found resource "http://localhost:8090/WebTours/images/home.gif" in HTML "http://localhost:8090/WebTours/nav.pl?page=menu&in=flights"  	[MsgId: MMSG-26659]
..\\common_lib.h(102): Resource "http://localhost:8090/WebTours/images/signoff.gif" is in the cache already and will not be downloaded again  	[MsgId: MMSG-26655]
..\\common_lib.h(102): web_url("Search Flights Button") was successful, 8390 body bytes, 1173 header bytes  	[MsgId: MMSG-26386]
..\\common_lib.h(112): Notify: Transaction "goToFlight" ended with a "Pass" status (Duration: 23,4617 Think Time: 23,0112).	[MsgId: MMSG-16872]
..\\common_lib.h(118): Notify: Transaction "findFlight" started.	[MsgId: MMSG-16999]
..\\common_lib.h(120): web_add_auto_header("Origin") started  	[MsgId: MMSG-26355]
..\\common_lib.h(120): web_add_auto_header("Origin") was successful  	[MsgId: MMSG-26392]
..\\common_lib.h(123): lr_think_time: 4,00 seconds.	[MsgId: MMSG-15948]
..\\common_lib.h(125): web_reg_save_param_attrib started  	[MsgId: MMSG-26355]
..\\common_lib.h(125): Registering web_reg_save_param_attrib was successful  	[MsgId: MMSG-26390]
..\\common_lib.h(136): web_submit_data("reservations.pl") started  	[MsgId: MMSG-26355]
..\\common_lib.h(136): Notify: Getting new value for parameter 'city': table = '..\DataPool\city.dat' column = '0' row = '1'.	[MsgId: MMSG-13877]
..\\common_lib.h(136): Notify: Parameter Substitution: parameter "city" =  "Frankfurt"	[MsgId: MMSG-13992]
..\\common_lib.h(136): Notify: Parameter Substitution: parameter "departDate" =  "10/14/2022"	[MsgId: MMSG-13992]
..\\common_lib.h(136): Notify: Next row for parameter city = 2 [table  = city].	[MsgId: MMSG-13876]
..\\common_lib.h(136): Notify: Getting new value for parameter 'city': table = '..\DataPool\city.dat' column = '0' row = '2'.	[MsgId: MMSG-13877]
..\\common_lib.h(136): Notify: Parameter Substitution: parameter "city" =  "London"	[MsgId: MMSG-13992]
..\\common_lib.h(136): Notify: Parameter Substitution: parameter "returnDate" =  "10/17/2022"	[MsgId: MMSG-13992]
..\\common_lib.h(136): Notify: Parameter Substitution: parameter "seatPref" =  ""	[MsgId: MMSG-13992]
..\\common_lib.h(136): Notify: Parameter Substitution: parameter "seatType" =  "Business"	[MsgId: MMSG-13992]
..\\common_lib.h(136): Resource "http://localhost:8090/WebTours/images/button_next.gif" is in the cache already and will not be downloaded again  	[MsgId: MMSG-26655]
..\\common_lib.h(136): Notify: Saving Parameter "outboundFlight_1 = 120;385;10/14/2022".	[MsgId: MMSG-13798]
..\\common_lib.h(136): Notify: Saving Parameter "outboundFlight_2 = 121;343;10/14/2022".	[MsgId: MMSG-13798]
..\\common_lib.h(136): Notify: Saving Parameter "outboundFlight_3 = 122;364;10/14/2022".	[MsgId: MMSG-13798]
..\\common_lib.h(136): Notify: Saving Parameter "outboundFlight_4 = 123;315;10/14/2022".	[MsgId: MMSG-13798]
..\\common_lib.h(136): Notify: Saving Parameter "outboundFlight_count = 4".	[MsgId: MMSG-13798]
..\\common_lib.h(136): web_submit_data("reservations.pl") was successful, 2357 body bytes, 253 header bytes  	[MsgId: MMSG-26386]
..\\common_lib.h(160): lr_think_time: 5,00 seconds.	[MsgId: MMSG-15948]
..\\common_lib.h(161): Notify: Parameter Substitution: parameter "outboundFlight_count" =  "4"	[MsgId: MMSG-13992]
..\\common_lib.h(161): Notify: Parameter Substitution: parameter "outboundFlight_1" =  "120;499;10/14/2022"	[MsgId: MMSG-13992]
..\\common_lib.h(161): Notify: Saving Parameter "outboundFlight = 120;499;10/14/2022".	[MsgId: MMSG-13798]
..\\common_lib.h(163): Notify: Transaction "findFlight" ended with a "Pass" status (Duration: 9,2652 Think Time: 9,0153 Wasted Time: 0,0163).	[MsgId: MMSG-16870]
..\\common_lib.h(168): Notify: Transaction "choose_flight" started.	[MsgId: MMSG-16999]
..\\common_lib.h(170): web_submit_data("reservations.pl_2") started  	[MsgId: MMSG-26355]
..\\common_lib.h(170): Notify: Parameter Substitution: parameter "outboundFlight" =  "120;499;10/14/2022"	[MsgId: MMSG-13992]
..\\common_lib.h(170): Notify: Parameter Substitution: parameter "seatType" =  "First"	[MsgId: MMSG-13992]
..\\common_lib.h(170): Notify: Parameter Substitution: parameter "seatPref" =  "Aisle"	[MsgId: MMSG-13992]
..\\common_lib.h(170): Resource "http://localhost:8090/WebTours/images/button_next.gif" is in the cache already and will not be downloaded again  	[MsgId: MMSG-26655]
..\\common_lib.h(170): web_submit_data("reservations.pl_2") was successful, 2698 body bytes, 253 header bytes  	[MsgId: MMSG-26386]
..\\common_lib.h(188): Notify: Transaction "choose_flight" ended with a "Pass" status (Duration: 0,2593).	[MsgId: MMSG-16873]
..\\common_lib.h(195): Notify: Transaction "paymentDetails" started.	[MsgId: MMSG-16999]
..\\common_lib.h(197): web_remove_auto_header("Origin") started  	[MsgId: MMSG-26355]
..\\common_lib.h(197): Previous automatically added web header for "Origin" removed  	[MsgId: MMSG-26587]
..\\common_lib.h(197): web_remove/revert_auto_header("Origin") was successful  	[MsgId: MMSG-26392]
..\\common_lib.h(199): web_remove_auto_header("Upgrade-Insecure-Requests") started  	[MsgId: MMSG-26355]
..\\common_lib.h(199): Previous automatically added web header for "Upgrade-Insecure-Requests" removed  	[MsgId: MMSG-26587]
..\\common_lib.h(199): web_remove/revert_auto_header("Upgrade-Insecure-Requests") was successful  	[MsgId: MMSG-26392]
..\\common_lib.h(201): web_reg_find started  	[MsgId: MMSG-26355]
..\\common_lib.h(201): Registering web_reg_find was successful  	[MsgId: MMSG-26390]
..\\common_lib.h(204): web_add_header("Origin") started  	[MsgId: MMSG-26355]
..\\common_lib.h(204): web_add_header("Origin") was successful  	[MsgId: MMSG-26392]
..\\common_lib.h(207): lr_think_time: 41,00 seconds.	[MsgId: MMSG-15948]
..\\common_lib.h(125): web_reg_save_param_attrib started  	[MsgId: MMSG-26355]
..\\common_lib.h(125): Registering web_reg_save_param_attrib was successful  	[MsgId: MMSG-26390]
..\\common_lib.h(136): web_submit_data("reservations.pl") started  	[MsgId: MMSG-26355]
..\\common_lib.h(136): Notify: Getting new value for parameter 'city': table = '..\DataPool\city.dat' column = '0' row = '1'.	[MsgId: MMSG-13877]
..\\common_lib.h(136): Notify: Parameter Substitution: parameter "city" =  "Frankfurt"	[MsgId: MMSG-13992]
..\\common_lib.h(136): Notify: Parameter Substitution: parameter "departDate" =  "10/14/2022"	[MsgId: MMSG-13992]
..\\common_lib.h(136): Notify: Next row for parameter city = 2 [table  = city].	[MsgId: MMSG-13876]
..\\common_lib.h(136): Notify: Getting new value for parameter 'city': table = '..\DataPool\city.dat' column = '0' row = '2'.	[MsgId: MMSG-13877]
..\\common_lib.h(136): Notify: Parameter Substitution: parameter "city" =  "London"	[MsgId: MMSG-13992]
..\\common_lib.h(136): Notify: Parameter Substitution: parameter "returnDate" =  "10/17/2022"	[MsgId: MMSG-13992]
..\\common_lib.h(136): Notify: Parameter Substitution: parameter "seatPref" =  "None"	[MsgId: MMSG-13992]
..\\common_lib.h(136): Notify: Parameter Substitution: parameter "seatType" =  "Coach"	[MsgId: MMSG-13992]
..\\common_lib.h(136): Resource "http://localhost:8090/WebTours/images/button_next.gif" is in the cache already and will not be downloaded again  	[MsgId: MMSG-26655]
..\\common_lib.h(136): Notify: Saving Parameter "outboundFlight_1 = 120;266;10/14/2022".	[MsgId: MMSG-13798]
..\\common_lib.h(136): Notify: Saving Parameter "outboundFlight_2 = 121;237;10/14/2022".	[MsgId: MMSG-13798]
..\\common_lib.h(136): Notify: Saving Parameter "outboundFlight_3 = 122;251;10/14/2022".	[MsgId: MMSG-13798]
..\\common_lib.h(136): Notify: Saving Parameter "outboundFlight_4 = 123;217;10/14/2022".	[MsgId: MMSG-13798]
..\\common_lib.h(136): Notify: Saving Parameter "outboundFlight_count = 4".	[MsgId: MMSG-13798]
..\\common_lib.h(136): web_submit_data("reservations.pl") was successful, 2358 body bytes, 253 header bytes  	[MsgId: MMSG-26386]
..\\common_lib.h(160): lr_think_time: 5,00 seconds.	[MsgId: MMSG-15948]
..\\common_lib.h(161): Notify: Parameter Substitution: parameter "outboundFlight_count" =  "4"	[MsgId: MMSG-13992]
..\\common_lib.h(161): Notify: Parameter Substitution: parameter "outboundFlight_3" =  "122;364;10/14/2022"	[MsgId: MMSG-13992]
..\\common_lib.h(161): Notify: Saving Parameter "outboundFlight = 122;364;10/14/2022".	[MsgId: MMSG-13798]
..\\common_lib.h(163): Notify: Transaction "findFlight" ended with a "Pass" status (Duration: 9,2531 Think Time: 9,0229 Wasted Time: 0,0007).	[MsgId: MMSG-16870]
..\\common_lib.h(168): Notify: Transaction "choose_flight" started.	[MsgId: MMSG-16999]
..\\common_lib.h(170): web_submit_data("reservations.pl_2") started  	[MsgId: MMSG-26355]
..\\common_lib.h(170): Notify: Parameter Substitution: parameter "outboundFlight" =  "122;364;10/14/2022"	[MsgId: MMSG-13992]
..\\common_lib.h(170): Notify: Parameter Substitution: parameter "seatType" =  "Business"	[MsgId: MMSG-13992]
..\\common_lib.h(170): Notify: Parameter Substitution: parameter "seatPref" =  ""	[MsgId: MMSG-13992]
..\\common_lib.h(170): Resource "http://localhost:8090/WebTours/images/button_next.gif" is in the cache already and will not be downloaded again  	[MsgId: MMSG-26655]
..\\common_lib.h(170): web_submit_data("reservations.pl_2") was successful, 2696 body bytes, 253 header bytes  	[MsgId: MMSG-26386]
..\\common_lib.h(188): Notify: Transaction "choose_flight" ended with a "Pass" status (Duration: 0,2457).	[MsgId: MMSG-16873]
..\\common_lib.h(195): Notify: Transaction "paymentDetails" started.	[MsgId: MMSG-16999]
..\\common_lib.h(197): web_remove_auto_header("Origin") started  	[MsgId: MMSG-26355]
..\\common_lib.h(197): Previous automatically added web header for "Origin" removed  	[MsgId: MMSG-26587]
..\\common_lib.h(197): web_remove/revert_auto_header("Origin") was successful  	[MsgId: MMSG-26392]
..\\common_lib.h(199): web_remove_auto_header("Upgrade-Insecure-Requests") started  	[MsgId: MMSG-26355]
..\\common_lib.h(199): Previous automatically added web header for "Upgrade-Insecure-Requests" removed  	[MsgId: MMSG-26587]
..\\common_lib.h(199): web_remove/revert_auto_header("Upgrade-Insecure-Requests") was successful  	[MsgId: MMSG-26392]
..\\common_lib.h(201): web_reg_find started  	[MsgId: MMSG-26355]
..\\common_lib.h(201): Registering web_reg_find was successful  	[MsgId: MMSG-26390]
..\\common_lib.h(204): web_add_header("Origin") started  	[MsgId: MMSG-26355]
..\\common_lib.h(204): web_add_header("Origin") was successful  	[MsgId: MMSG-26392]
..\\common_lib.h(207): lr_think_time: 41,00 seconds.	[MsgId: MMSG-15948]
..\\common_lib.h(161): Notify: Parameter Substitution: parameter "outboundFlight_count" =  "4"	[MsgId: MMSG-13992]
..\\common_lib.h(161): Notify: Parameter Substitution: parameter "outboundFlight_1" =  "120;266;10/14/2022"	[MsgId: MMSG-13992]
..\\common_lib.h(161): Notify: Saving Parameter "outboundFlight = 120;266;10/14/2022".	[MsgId: MMSG-13798]
..\\common_lib.h(163): Notify: Transaction "findFlight" ended with a "Pass" status (Duration: 9,2541 Think Time: 9,0227 Wasted Time: 0,0007).	[MsgId: MMSG-16870]
..\\common_lib.h(168): Notify: Transaction "choose_flight" started.	[MsgId: MMSG-16999]
..\\common_lib.h(170): web_submit_data("reservations.pl_2") started  	[MsgId: MMSG-26355]
..\\common_lib.h(170): Notify: Parameter Substitution: parameter "outboundFlight" =  "120;266;10/14/2022"	[MsgId: MMSG-13992]
..\\common_lib.h(170): Notify: Parameter Substitution: parameter "seatType" =  "Coach"	[MsgId: MMSG-13992]
..\\common_lib.h(170): Notify: Parameter Substitution: parameter "seatPref" =  "None"	[MsgId: MMSG-13992]
..\\common_lib.h(170): Resource "http://localhost:8090/WebTours/images/button_next.gif" is in the cache already and will not be downloaded again  	[MsgId: MMSG-26655]
..\\common_lib.h(170): web_submit_data("reservations.pl_2") was successful, 2697 body bytes, 253 header bytes  	[MsgId: MMSG-26386]
..\\common_lib.h(188): Notify: Transaction "choose_flight" ended with a "Pass" status (Duration: 0,2916).	[MsgId: MMSG-16873]
..\\common_lib.h(195): Notify: Transaction "paymentDetails" started.	[MsgId: MMSG-16999]
..\\common_lib.h(197): web_remove_auto_header("Origin") started  	[MsgId: MMSG-26355]
..\\common_lib.h(197): Previous automatically added web header for "Origin" removed  	[MsgId: MMSG-26587]
..\\common_lib.h(197): web_remove/revert_auto_header("Origin") was successful  	[MsgId: MMSG-26392]
..\\common_lib.h(199): web_remove_auto_header("Upgrade-Insecure-Requests") started  	[MsgId: MMSG-26355]
..\\common_lib.h(199): Previous automatically added web header for "Upgrade-Insecure-Requests" removed  	[MsgId: MMSG-26587]
..\\common_lib.h(199): web_remove/revert_auto_header("Upgrade-Insecure-Requests") was successful  	[MsgId: MMSG-26392]
..\\common_lib.h(201): web_reg_find started  	[MsgId: MMSG-26355]
..\\common_lib.h(201): Registering web_reg_find was successful  	[MsgId: MMSG-26390]
..\\common_lib.h(204): web_add_header("Origin") started  	[MsgId: MMSG-26355]
..\\common_lib.h(204): web_add_header("Origin") was successful  	[MsgId: MMSG-26392]
..\\common_lib.h(207): lr_think_time: 41,00 seconds.	[MsgId: MMSG-15948]
..\\common_lib.h(209): web_submit_data("reservations.pl_3") started  	[MsgId: MMSG-26355]
..\\common_lib.h(209): Notify: Next row for parameter firstName = 1 [table  = firstName].	[MsgId: MMSG-13876]
..\\common_lib.h(209): Notify: Parameter Substitution: parameter "firstName" =  "Nick"	[MsgId: MMSG-13992]
..\\common_lib.h(209): Notify: Next row for parameter lastName = 1 [table  = lastName].	[MsgId: MMSG-13876]
..\\common_lib.h(209): Notify: Parameter Substitution: parameter "lastName" =  "Veselkov"	[MsgId: MMSG-13992]
..\\common_lib.h(209): Notify: Next row for parameter streetAdress = 1 [table  = streetAdress].	[MsgId: MMSG-13876]
..\\common_lib.h(209): Notify: Parameter Substitution: parameter "streetAdress" =  "Mira"	[MsgId: MMSG-13992]
..\\common_lib.h(209): Notify: Parameter Substitution: parameter "cityAdress" =  "Berezniki"	[MsgId: MMSG-13992]
..\\common_lib.h(209): Notify: Next row for parameter firstName = 1 [table  = firstName].	[MsgId: MMSG-13876]
..\\common_lib.h(209): Notify: Parameter Substitution: parameter "firstName" =  "Nick"	[MsgId: MMSG-13992]
..\\common_lib.h(209): Notify: Next row for parameter lastName = 1 [table  = lastName].	[MsgId: MMSG-13876]
..\\common_lib.h(209): Notify: Parameter Substitution: parameter "lastName" =  "Veselkov"	[MsgId: MMSG-13992]
..\\common_lib.h(209): Notify: Parameter Substitution: parameter "creditCard" =  "1315467984325"	[MsgId: MMSG-13992]
..\\common_lib.h(209): Notify: Parameter Substitution: parameter "expDate" =  "07/26"	[MsgId: MMSG-13992]
..\\common_lib.h(209): Notify: Parameter Substitution: parameter "seatType" =  "First"	[MsgId: MMSG-13992]
..\\common_lib.h(209): Notify: Parameter Substitution: parameter "seatPref" =  "Aisle"	[MsgId: MMSG-13992]
..\\common_lib.h(209): Notify: Parameter Substitution: parameter "outboundFlight" =  "120;499;10/14/2022"	[MsgId: MMSG-13992]
..\\common_lib.h(209): Found resource "http://localhost:8090/WebTours/images/bookanother.gif" in HTML "http://localhost:8090/WebTours/reservations.pl"  	[MsgId: MMSG-26659]
..\\common_lib.h(209): Registered web_reg_find successful for "Text=<small><B>Thank you for booking through Web Tours.</B></small>" (count=1)  	[MsgId: MMSG-26364]
..\\common_lib.h(209): web_submit_data("reservations.pl_3") was successful, 3229 body bytes, 541 header bytes  	[MsgId: MMSG-26386]
..\\common_lib.h(238): Notify: Transaction "paymentDetails" ended with a "Pass" status (Duration: 41,2405 Think Time: 41,0148 Wasted Time: 0,0000).	[MsgId: MMSG-16870]
..\\common_lib.h(41): Notify: Transaction "logout" started.	[MsgId: MMSG-16999]
..\\common_lib.h(43): web_add_header("Upgrade-Insecure-Requests") started  	[MsgId: MMSG-26355]
..\\common_lib.h(43): web_add_header("Upgrade-Insecure-Requests") was successful  	[MsgId: MMSG-26392]
..\\common_lib.h(46): lr_think_time: 14,00 seconds.	[MsgId: MMSG-15948]
..\\common_lib.h(209): web_submit_data("reservations.pl_3") started  	[MsgId: MMSG-26355]
..\\common_lib.h(209): Notify: Next row for parameter firstName = 1 [table  = firstName].	[MsgId: MMSG-13876]
..\\common_lib.h(209): Notify: Parameter Substitution: parameter "firstName" =  "Nick"	[MsgId: MMSG-13992]
..\\common_lib.h(209): Notify: Next row for parameter lastName = 1 [table  = lastName].	[MsgId: MMSG-13876]
..\\common_lib.h(209): Notify: Parameter Substitution: parameter "lastName" =  "Veselkov"	[MsgId: MMSG-13992]
..\\common_lib.h(209): Notify: Next row for parameter streetAdress = 1 [table  = streetAdress].	[MsgId: MMSG-13876]
..\\common_lib.h(209): Notify: Parameter Substitution: parameter "streetAdress" =  "Mira"	[MsgId: MMSG-13992]
..\\common_lib.h(209): Notify: Parameter Substitution: parameter "cityAdress" =  "Berezniki"	[MsgId: MMSG-13992]
..\\common_lib.h(209): Notify: Next row for parameter firstName = 1 [table  = firstName].	[MsgId: MMSG-13876]
..\\common_lib.h(209): Notify: Parameter Substitution: parameter "firstName" =  "Nick"	[MsgId: MMSG-13992]
..\\common_lib.h(209): Notify: Next row for parameter lastName = 1 [table  = lastName].	[MsgId: MMSG-13876]
..\\common_lib.h(209): Notify: Parameter Substitution: parameter "lastName" =  "Veselkov"	[MsgId: MMSG-13992]
..\\common_lib.h(209): Notify: Parameter Substitution: parameter "creditCard" =  "1315467984325"	[MsgId: MMSG-13992]
..\\common_lib.h(209): Notify: Parameter Substitution: parameter "expDate" =  "07/26"	[MsgId: MMSG-13992]
..\\common_lib.h(209): Notify: Parameter Substitution: parameter "seatType" =  "Business"	[MsgId: MMSG-13992]
..\\common_lib.h(209): Notify: Parameter Substitution: parameter "seatPref" =  ""	[MsgId: MMSG-13992]
..\\common_lib.h(209): Notify: Parameter Substitution: parameter "outboundFlight" =  "122;364;10/14/2022"	[MsgId: MMSG-13992]
..\\common_lib.h(209): Found resource "http://localhost:8090/WebTours/images/bookanother.gif" in HTML "http://localhost:8090/WebTours/reservations.pl"  	[MsgId: MMSG-26659]
..\\common_lib.h(209): Registered web_reg_find successful for "Text=<small><B>Thank you for booking through Web Tours.</B></small>" (count=1)  	[MsgId: MMSG-26364]
..\\common_lib.h(209): web_submit_data("reservations.pl_3") was successful, 3232 body bytes, 541 header bytes  	[MsgId: MMSG-26386]
..\\common_lib.h(238): Notify: Transaction "paymentDetails" ended with a "Pass" status (Duration: 41,2355 Think Time: 41,0086 Wasted Time: 0,0000).	[MsgId: MMSG-16870]
..\\common_lib.h(41): Notify: Transaction "logout" started.	[MsgId: MMSG-16999]
..\\common_lib.h(43): web_add_header("Upgrade-Insecure-Requests") started  	[MsgId: MMSG-26355]
..\\common_lib.h(43): web_add_header("Upgrade-Insecure-Requests") was successful  	[MsgId: MMSG-26392]
..\\common_lib.h(46): lr_think_time: 14,00 seconds.	[MsgId: MMSG-15948]
..\\common_lib.h(209): web_submit_data("reservations.pl_3") started  	[MsgId: MMSG-26355]
..\\common_lib.h(209): Notify: Next row for parameter firstName = 1 [table  = firstName].	[MsgId: MMSG-13876]
..\\common_lib.h(209): Notify: Parameter Substitution: parameter "firstName" =  "Nick"	[MsgId: MMSG-13992]
..\\common_lib.h(209): Notify: Next row for parameter lastName = 1 [table  = lastName].	[MsgId: MMSG-13876]
..\\common_lib.h(209): Notify: Parameter Substitution: parameter "lastName" =  "Veselkov"	[MsgId: MMSG-13992]
..\\common_lib.h(209): Notify: Next row for parameter streetAdress = 1 [table  = streetAdress].	[MsgId: MMSG-13876]
..\\common_lib.h(209): Notify: Parameter Substitution: parameter "streetAdress" =  "Mira"	[MsgId: MMSG-13992]
..\\common_lib.h(209): Notify: Parameter Substitution: parameter "cityAdress" =  "Berezniki"	[MsgId: MMSG-13992]
..\\common_lib.h(209): Notify: Next row for parameter firstName = 1 [table  = firstName].	[MsgId: MMSG-13876]
..\\common_lib.h(209): Notify: Parameter Substitution: parameter "firstName" =  "Nick"	[MsgId: MMSG-13992]
..\\common_lib.h(209): Notify: Next row for parameter lastName = 1 [table  = lastName].	[MsgId: MMSG-13876]
..\\common_lib.h(209): Notify: Parameter Substitution: parameter "lastName" =  "Veselkov"	[MsgId: MMSG-13992]
..\\common_lib.h(209): Notify: Parameter Substitution: parameter "creditCard" =  "1315467984325"	[MsgId: MMSG-13992]
..\\common_lib.h(209): Notify: Parameter Substitution: parameter "expDate" =  "07/26"	[MsgId: MMSG-13992]
..\\common_lib.h(209): Notify: Parameter Substitution: parameter "seatType" =  "Coach"	[MsgId: MMSG-13992]
..\\common_lib.h(209): Notify: Parameter Substitution: parameter "seatPref" =  "None"	[MsgId: MMSG-13992]
..\\common_lib.h(209): Notify: Parameter Substitution: parameter "outboundFlight" =  "120;266;10/14/2022"	[MsgId: MMSG-13992]
..\\common_lib.h(209): Found resource "http://localhost:8090/WebTours/images/bookanother.gif" in HTML "http://localhost:8090/WebTours/reservations.pl"  	[MsgId: MMSG-26659]
..\\common_lib.h(209): Registered web_reg_find successful for "Text=<small><B>Thank you for booking through Web Tours.</B></small>" (count=1)  	[MsgId: MMSG-26364]
..\\common_lib.h(209): web_submit_data("reservations.pl_3") was successful, 3229 body bytes, 541 header bytes  	[MsgId: MMSG-26386]
..\\common_lib.h(238): Notify: Transaction "paymentDetails" ended with a "Pass" status (Duration: 41,2314 Think Time: 41,0016 Wasted Time: 0,0000).	[MsgId: MMSG-16870]
..\\common_lib.h(41): Notify: Transaction "logout" started.	[MsgId: MMSG-16999]
..\\common_lib.h(43): web_add_header("Upgrade-Insecure-Requests") started  	[MsgId: MMSG-26355]
..\\common_lib.h(43): web_add_header("Upgrade-Insecure-Requests") was successful  	[MsgId: MMSG-26392]
..\\common_lib.h(46): lr_think_time: 14,00 seconds.	[MsgId: MMSG-15948]
..\\common_lib.h(48): web_url("SignOff Button") started  	[MsgId: MMSG-26355]
..\\common_lib.h(48): Detected non-resource "http://localhost:8090/WebTours/nav.pl?in=home" in "http://localhost:8090/WebTours/welcome.pl?signOff=1"  	[MsgId: MMSG-26574]
..\\common_lib.h(48): Detected non-resource "http://localhost:8090/WebTours/home.html" in "http://localhost:8090/WebTours/welcome.pl?signOff=1"  	[MsgId: MMSG-26574]
..\\common_lib.h(48): Retrieving data from cache for "http://localhost:8090/WebTours/home.html"  	[MsgId: MMSG-26558]
..\\common_lib.h(48): Resource "http://localhost:8090/WebTours/images/fonJM.png" is in the cache already and will not be downloaded again  	[MsgId: MMSG-26655]
..\\common_lib.h(48): Resource "http://localhost:8090/WebTours/images/mer_login.gif" is in the cache already and will not be downloaded again  	[MsgId: MMSG-26655]
..\\common_lib.h(48): web_url("SignOff Button") was successful, 3387 body bytes, 639 header bytes  	[MsgId: MMSG-26386]
..\\common_lib.h(58): Notify: Transaction "logout" ended with a "Pass" status (Duration: 14,6390 Think Time: 14,0029).	[MsgId: MMSG-16872]
Action.c(14): Notify: Transaction "UC_1_BuyTicket" ended with a "Pass" status (Duration: 97,0654 Think Time: 94,0444 Wasted Time: 0,0170).	[MsgId: MMSG-16870]
Ending action Action.	[MsgId: MMSG-15918]
Action was aborted.	[MsgId: MMSG-10694]
Ending Vuser...	[MsgId: MMSG-15966]
Starting action vuser_end.	[MsgId: MMSG-15919]
Ending action vuser_end.	[MsgId: MMSG-15918]
Vuser Terminated.	[MsgId: MMSG-15963]
Vuser 0 (thread 17980), ended OK."	[MsgId: MMSG-10695]
..\\common_lib.h(48): web_url("SignOff Button") started  	[MsgId: MMSG-26355]
..\\common_lib.h(48): Detected non-resource "http://localhost:8090/WebTours/nav.pl?in=home" in "http://localhost:8090/WebTours/welcome.pl?signOff=1"  	[MsgId: MMSG-26574]
..\\common_lib.h(48): Detected non-resource "http://localhost:8090/WebTours/home.html" in "http://localhost:8090/WebTours/welcome.pl?signOff=1"  	[MsgId: MMSG-26574]
..\\common_lib.h(48): Retrieving data from cache for "http://localhost:8090/WebTours/home.html"  	[MsgId: MMSG-26558]
..\\common_lib.h(48): Resource "http://localhost:8090/WebTours/images/fonJM.png" is in the cache already and will not be downloaded again  	[MsgId: MMSG-26655]
..\\common_lib.h(48): Resource "http://localhost:8090/WebTours/images/mer_login.gif" is in the cache already and will not be downloaded again  	[MsgId: MMSG-26655]
..\\common_lib.h(48): web_url("SignOff Button") was successful, 3390 body bytes, 639 header bytes  	[MsgId: MMSG-26386]
..\\common_lib.h(58): Notify: Transaction "logout" ended with a "Pass" status (Duration: 14,4610 Think Time: 14,0138).	[MsgId: MMSG-16872]
Action.c(14): Notify: Transaction "UC_1_BuyTicket" ended with a "Pass" status (Duration: 97,2944 Think Time: 94,0681 Wasted Time: 0,0011).	[MsgId: MMSG-16870]
Ending action Action.	[MsgId: MMSG-15918]
Action was aborted.	[MsgId: MMSG-10694]
Ending Vuser...	[MsgId: MMSG-15966]
Starting action vuser_end.	[MsgId: MMSG-15919]
Ending action vuser_end.	[MsgId: MMSG-15918]
Vuser Terminated.	[MsgId: MMSG-15963]
Vuser 1 (thread 2168), ended OK."	[MsgId: MMSG-10695]
..\\common_lib.h(48): web_url("SignOff Button") started  	[MsgId: MMSG-26355]
..\\common_lib.h(48): Detected non-resource "http://localhost:8090/WebTours/nav.pl?in=home" in "http://localhost:8090/WebTours/welcome.pl?signOff=1"  	[MsgId: MMSG-26574]
..\\common_lib.h(48): Detected non-resource "http://localhost:8090/WebTours/home.html" in "http://localhost:8090/WebTours/welcome.pl?signOff=1"  	[MsgId: MMSG-26574]
..\\common_lib.h(48): Retrieving data from cache for "http://localhost:8090/WebTours/home.html"  	[MsgId: MMSG-26558]
..\\common_lib.h(48): Resource "http://localhost:8090/WebTours/images/fonJM.png" is in the cache already and will not be downloaded again  	[MsgId: MMSG-26655]
..\\common_lib.h(48): Resource "http://localhost:8090/WebTours/images/mer_login.gif" is in the cache already and will not be downloaded again  	[MsgId: MMSG-26655]
..\\common_lib.h(48): web_url("SignOff Button") was successful, 3384 body bytes, 639 header bytes  	[MsgId: MMSG-26386]
..\\common_lib.h(58): Notify: Transaction "logout" ended with a "Pass" status (Duration: 14,4449 Think Time: 14,0027).	[MsgId: MMSG-16872]
Action.c(14): Notify: Transaction "UC_1_BuyTicket" ended with a "Pass" status (Duration: 96,7665 Think Time: 94,0390 Wasted Time: 0,0012).	[MsgId: MMSG-16870]
Ending action Action.	[MsgId: MMSG-15918]
Action was aborted.	[MsgId: MMSG-10694]
Ending Vuser...	[MsgId: MMSG-15966]
Starting action vuser_end.	[MsgId: MMSG-15919]
Ending action vuser_end.	[MsgId: MMSG-15918]
Vuser Terminated.	[MsgId: MMSG-15963]
Vuser 2 (thread 1248), ended OK."	[MsgId: MMSG-10695]
