Virtual User Script started at: 28.10.2022 9:29:35	[MsgId: MMSG-15967]
Starting action vuser_init.	[MsgId: MMSG-15919]
Web Turbo Replay of LoadRunner 2020.0.0 for Windows 10; build 793 (ноя 27 2019 19:51:20)  	[MsgId: MMSG-26983]
Run mode: HTML  	[MsgId: MMSG-26993]
Replay user agent: Mozilla/5.0 (Windows NT 10.0; Win64; x64; rv:105.0) Gecko/20100101 Firefox/105.0  	[MsgId: MMSG-26988]
Runtime Settings file: "C:\Users\Nikitka\AppData\Local\Temp\lr5tmpdirD9P.12\lrcfgTjZ.13\cfgE2a.16"  	[MsgId: MMSG-27141]
Ending action vuser_init.	[MsgId: MMSG-15918]
Running Vuser...	[MsgId: MMSG-15964]
Starting iteration 1.	[MsgId: MMSG-15968]
Maximum number of concurrent connections per server: 6  	[MsgId: MMSG-26989]
Starting action Action.	[MsgId: MMSG-15919]
Action.c(4): Notify: Transaction "UC_1_BuyTicket" started.	[MsgId: MMSG-16999]
..\\common_lib.h(64): Notify: Transaction "homePage" started.	[MsgId: MMSG-16999]
..\\common_lib.h(66): web_add_auto_header("Upgrade-Insecure-Requests") started  	[MsgId: MMSG-26355]
..\\common_lib.h(66): web_add_auto_header("Upgrade-Insecure-Requests") was successful  	[MsgId: MMSG-26392]
..\\common_lib.h(70): web_reg_save_param_regexp started  	[MsgId: MMSG-26355]
..\\common_lib.h(70): Registering web_reg_save_param_regexp was successful  	[MsgId: MMSG-26390]
..\\common_lib.h(79): web_url("WebTours") started  	[MsgId: MMSG-26355]
..\\common_lib.h(79): Detected non-resource "http://localhost:8090/WebTours/header.html" in "http://localhost:8090/WebTours/"  	[MsgId: MMSG-26574]
..\\common_lib.h(79): Detected non-resource "http://localhost:8090/WebTours/welcome.pl?signOff=true" in "http://localhost:8090/WebTours/"  	[MsgId: MMSG-26574]
..\\common_lib.h(79): Found resource "http://localhost:8090/WebTours/images/jmeter_logo.png" in HTML "http://localhost:8090/WebTours/header.html"  	[MsgId: MMSG-26659]
..\\common_lib.h(79): Found resource "http://localhost:8090/WebTours/images/webtours.png" in HTML "http://localhost:8090/WebTours/header.html"  	[MsgId: MMSG-26659]
..\\common_lib.h(79): Found resource "http://localhost:8090/WebTours/images/in_home.gif" in HTML "http://localhost:8090/WebTours/header.html"  	[MsgId: MMSG-26659]
..\\common_lib.h(79): Detected non-resource "http://localhost:8090/WebTours/nav.pl?in=home" in "http://localhost:8090/WebTours/welcome.pl?signOff=true"  	[MsgId: MMSG-26574]
..\\common_lib.h(79): Detected non-resource "http://localhost:8090/WebTours/home.html" in "http://localhost:8090/WebTours/welcome.pl?signOff=true"  	[MsgId: MMSG-26574]
..\\common_lib.h(79): Found resource "http://localhost:8090/WebTours/images/fonJM.png" in HTML "http://localhost:8090/WebTours/nav.pl?in=home"  	[MsgId: MMSG-26659]
..\\common_lib.h(79): Found resource "http://localhost:8090/WebTours/images/mer_login.gif" in HTML "http://localhost:8090/WebTours/nav.pl?in=home"  	[MsgId: MMSG-26659]
..\\common_lib.h(79): Notify: Saving Parameter "userSession = 135028.868043742zQtfftHpttVzHDpcitt".	[MsgId: MMSG-13798]
..\\common_lib.h(79): web_url("WebTours") was successful, 40118 body bytes, 1955 header bytes  	[MsgId: MMSG-26386]
..\\common_lib.h(89): Notify: Transaction "homePage" ended with a "Pass" status (Duration: 0,9561 Wasted Time: 0,0005).	[MsgId: MMSG-16871]
..\\common_lib.h(3): Notify: Transaction "login" started.	[MsgId: MMSG-16999]
..\\common_lib.h(5): web_set_sockets_option started  	[MsgId: MMSG-26355]
..\\common_lib.h(5): web_set_sockets_option was successful  	[MsgId: MMSG-26392]
..\\common_lib.h(7): web_remove_auto_header("Upgrade-Insecure-Requests") started  	[MsgId: MMSG-26355]
..\\common_lib.h(7): Previous automatically added web header for "Upgrade-Insecure-Requests" removed  	[MsgId: MMSG-26587]
..\\common_lib.h(7): web_remove/revert_auto_header("Upgrade-Insecure-Requests") was successful  	[MsgId: MMSG-26392]
..\\common_lib.h(9): web_add_header("Origin") started  	[MsgId: MMSG-26355]
..\\common_lib.h(9): web_add_header("Origin") was successful  	[MsgId: MMSG-26392]
..\\common_lib.h(12): Think time - Waiting 5,00 seconds (according to limit).	[MsgId: MMSG-15946]
..\\common_lib.h(12): lr_think_time: 5,00 seconds (recorded think time was 7,00 seconds).	[MsgId: MMSG-15947]
..\\common_lib.h(14): web_reg_find started  	[MsgId: MMSG-26355]
..\\common_lib.h(14): Notify: Parameter Substitution: parameter "userLogin" =  "Nikita"	[MsgId: MMSG-13992]
..\\common_lib.h(14): Registering web_reg_find was successful  	[MsgId: MMSG-26390]
..\\common_lib.h(17): web_submit_data("login.pl") started  	[MsgId: MMSG-26355]
..\\common_lib.h(17): Notify: Parameter Substitution: parameter "userSession" =  "135028.868043742zQtfftHpttVzHDpcitt"	[MsgId: MMSG-13992]
..\\common_lib.h(17): Notify: Parameter Substitution: parameter "userLogin" =  "Nikita"	[MsgId: MMSG-13992]
..\\common_lib.h(17): Notify: Next row for parameter userPassword = 1 [table  = userPassword].	[MsgId: MMSG-13876]
..\\common_lib.h(17): Notify: Parameter Substitution: parameter "userPassword" =  "nikita"	[MsgId: MMSG-13992]
..\\common_lib.h(17): Detected non-resource "http://localhost:8090/WebTours/nav.pl?page=menu&in=home" in "http://localhost:8090/WebTours/login.pl"  	[MsgId: MMSG-26574]
..\\common_lib.h(17): Detected non-resource "http://localhost:8090/WebTours/login.pl?intro=true" in "http://localhost:8090/WebTours/login.pl"  	[MsgId: MMSG-26574]
..\\common_lib.h(17): Resource "http://localhost:8090/WebTours/images/fonJM.png" is in the cache already and will not be downloaded again  	[MsgId: MMSG-26655]
..\\common_lib.h(17): Found resource "http://localhost:8090/WebTours/images/flights.gif" in HTML "http://localhost:8090/WebTours/nav.pl?page=menu&in=home"  	[MsgId: MMSG-26659]
..\\common_lib.h(17): Found resource "http://localhost:8090/WebTours/images/itinerary.gif" in HTML "http://localhost:8090/WebTours/nav.pl?page=menu&in=home"  	[MsgId: MMSG-26659]
..\\common_lib.h(17): Resource "http://localhost:8090/WebTours/images/in_home.gif" is in the cache already and will not be downloaded again  	[MsgId: MMSG-26655]
..\\common_lib.h(17): Found resource "http://localhost:8090/WebTours/images/signoff.gif" in HTML "http://localhost:8090/WebTours/nav.pl?page=menu&in=home"  	[MsgId: MMSG-26659]
..\\common_lib.h(17): Registered web_reg_find successful for "Text=Welcome, <b>Nikita</b>" (count=1)  	[MsgId: MMSG-26364]
..\\common_lib.h(17): web_submit_data("login.pl") was successful, 5037 body bytes, 1343 header bytes  	[MsgId: MMSG-26386]
..\\common_lib.h(35): Notify: Transaction "login" ended with a "Pass" status (Duration: 5,7321 Think Time: 5,0018 Wasted Time: 0,0485).	[MsgId: MMSG-16870]
..\\common_lib.h(96): Notify: Transaction "goToFlight" started.	[MsgId: MMSG-16999]
..\\common_lib.h(98): web_add_auto_header("Upgrade-Insecure-Requests") started  	[MsgId: MMSG-26355]
..\\common_lib.h(98): web_add_auto_header("Upgrade-Insecure-Requests") was successful  	[MsgId: MMSG-26392]
..\\common_lib.h(100): Think time - Waiting 5,00 seconds (according to limit).	[MsgId: MMSG-15946]
..\\common_lib.h(100): lr_think_time: 5,00 seconds (recorded think time was 23,00 seconds).	[MsgId: MMSG-15947]
..\\common_lib.h(100): Notify: Transaction "goToFlight" ended with a "Stop" status (Duration: 1,2831).	[MsgId: MMSG-16873]
..\\common_lib.h(100): Notify: Transaction "UC_1_BuyTicket" ended with a "Stop" status (Duration: 7,9716 Think Time: 5,0018 Wasted Time: 0,0490).	[MsgId: MMSG-16870]
Abort was called from an action.	[MsgId: MMSG-10447]
Ending Vuser...	[MsgId: MMSG-15966]
Starting action vuser_end.	[MsgId: MMSG-15919]
Ending action vuser_end.	[MsgId: MMSG-15918]
Vuser Terminated.	[MsgId: MMSG-15963]
Vuser 0 (thread 24964), ended OK."	[MsgId: MMSG-10695]
