Virtual User Script started at: 11.10.2022 22:51:53
Starting action vuser_init.
Web Turbo Replay of LoadRunner 2020.0.0 for Windows 10; build 793 (ноя 27 2019 19:51:20)  	[MsgId: MMSG-26983]
Run mode: HTML  	[MsgId: MMSG-26993]
Replay user agent: Mozilla/5.0 (Windows NT 10.0; Win64; x64; rv:105.0) Gecko/20100101 Firefox/105.0  	[MsgId: MMSG-26988]
Runtime Settings file: "C:\Users\Nikitka\Documents\VuGen\Scripts\UC_1_BuyTicket\\default.cfg"  	[MsgId: MMSG-27141]
Ending action vuser_init.
Running Vuser...
Starting iteration 1.
Maximum number of concurrent connections per server: 6  	[MsgId: MMSG-26989]
Starting action Action.
Action.c(4): Notify: Transaction "UC_1_BuyTicket" started.
..\\common_lib.h(64): Notify: Transaction "homePage" started.
..\\common_lib.h(66): web_add_auto_header("Upgrade-Insecure-Requests") started  	[MsgId: MMSG-26355]
..\\common_lib.h(66): web_add_auto_header("Upgrade-Insecure-Requests") was successful  	[MsgId: MMSG-26392]
..\\common_lib.h(70): web_reg_save_param_regexp started  	[MsgId: MMSG-26355]
..\\common_lib.h(70): Registering web_reg_save_param_regexp was successful  	[MsgId: MMSG-26390]
..\\common_lib.h(79): web_url("WebTours") started  	[MsgId: MMSG-26355]
..\\common_lib.h(79): Detected non-resource "http://localhost:8090/WebTours/header.html" in "http://localhost:8090/WebTours/"  	[MsgId: MMSG-26574]
..\\common_lib.h(79): Detected non-resource "http://localhost:8090/WebTours/welcome.pl?signOff=true" in "http://localhost:8090/WebTours/"  	[MsgId: MMSG-26574]
..\\common_lib.h(79): Found resource "http://localhost:8090/WebTours/images/jmeter_logo.png" in HTML "http://localhost:8090/WebTours/header.html"  	[MsgId: MMSG-26659]
..\\common_lib.h(79): Found resource "http://localhost:8090/WebTours/images/webtours.png" in HTML "http://localhost:8090/WebTours/header.html"  	[MsgId: MMSG-26659]
..\\common_lib.h(79): Found resource "http://localhost:8090/WebTours/images/in_home.gif" in HTML "http://localhost:8090/WebTours/header.html"  	[MsgId: MMSG-26659]
..\\common_lib.h(79): Detected non-resource "http://localhost:8090/WebTours/nav.pl?in=home" in "http://localhost:8090/WebTours/welcome.pl?signOff=true"  	[MsgId: MMSG-26574]
..\\common_lib.h(79): Detected non-resource "http://localhost:8090/WebTours/home.html" in "http://localhost:8090/WebTours/welcome.pl?signOff=true"  	[MsgId: MMSG-26574]
..\\common_lib.h(79): Found resource "http://localhost:8090/WebTours/images/fonJM.png" in HTML "http://localhost:8090/WebTours/nav.pl?in=home"  	[MsgId: MMSG-26659]
..\\common_lib.h(79): Found resource "http://localhost:8090/WebTours/images/mer_login.gif" in HTML "http://localhost:8090/WebTours/nav.pl?in=home"  	[MsgId: MMSG-26659]
..\\common_lib.h(79): Notify: Saving Parameter "userSession = 134913.788092345zQDQzcHpQHftVzDHpHzHif".
..\\common_lib.h(79): web_url("WebTours") was successful, 40127 body bytes, 1955 header bytes  	[MsgId: MMSG-26386]
..\\common_lib.h(89): Notify: Transaction "homePage" ended with a "Pass" status (Duration: 0,6179 Wasted Time: 0,0985).
..\\common_lib.h(3): Notify: Transaction "login" started.
..\\common_lib.h(5): web_set_sockets_option started  	[MsgId: MMSG-26355]
..\\common_lib.h(5): web_set_sockets_option was successful  	[MsgId: MMSG-26392]
..\\common_lib.h(7): web_remove_auto_header("Upgrade-Insecure-Requests") started  	[MsgId: MMSG-26355]
..\\common_lib.h(7): Previous automatically added web header for "Upgrade-Insecure-Requests" removed  	[MsgId: MMSG-26587]
..\\common_lib.h(7): web_remove/revert_auto_header("Upgrade-Insecure-Requests") was successful  	[MsgId: MMSG-26392]
..\\common_lib.h(9): web_add_header("Origin") started  	[MsgId: MMSG-26355]
..\\common_lib.h(9): web_add_header("Origin") was successful  	[MsgId: MMSG-26392]
..\\common_lib.h(14): web_reg_find started  	[MsgId: MMSG-26355]
..\\common_lib.h(14): Notify: Parameter Substitution: parameter "userLogin" =  "Nikita"
..\\common_lib.h(14): Registering web_reg_find was successful  	[MsgId: MMSG-26390]
..\\common_lib.h(17): web_submit_data("login.pl") started  	[MsgId: MMSG-26355]
..\\common_lib.h(17): Notify: Parameter Substitution: parameter "userSession" =  "134913.788092345zQDQzcHpQHftVzDHpHzHif"
..\\common_lib.h(17): Notify: Parameter Substitution: parameter "userLogin" =  "Nikita"
..\\common_lib.h(17): Notify: Next row for parameter userPassword = 1 [table  = userPassword].
..\\common_lib.h(17): Notify: Parameter Substitution: parameter "userPassword" =  "nikita"
..\\common_lib.h(17): Detected non-resource "http://localhost:8090/WebTours/nav.pl?page=menu&in=home" in "http://localhost:8090/WebTours/login.pl"  	[MsgId: MMSG-26574]
..\\common_lib.h(17): Detected non-resource "http://localhost:8090/WebTours/login.pl?intro=true" in "http://localhost:8090/WebTours/login.pl"  	[MsgId: MMSG-26574]
..\\common_lib.h(17): Resource "http://localhost:8090/WebTours/images/fonJM.png" is in the cache already and will not be downloaded again  	[MsgId: MMSG-26655]
..\\common_lib.h(17): Found resource "http://localhost:8090/WebTours/images/flights.gif" in HTML "http://localhost:8090/WebTours/nav.pl?page=menu&in=home"  	[MsgId: MMSG-26659]
..\\common_lib.h(17): Found resource "http://localhost:8090/WebTours/images/itinerary.gif" in HTML "http://localhost:8090/WebTours/nav.pl?page=menu&in=home"  	[MsgId: MMSG-26659]
..\\common_lib.h(17): Resource "http://localhost:8090/WebTours/images/in_home.gif" is in the cache already and will not be downloaded again  	[MsgId: MMSG-26655]
..\\common_lib.h(17): Found resource "http://localhost:8090/WebTours/images/signoff.gif" in HTML "http://localhost:8090/WebTours/nav.pl?page=menu&in=home"  	[MsgId: MMSG-26659]
..\\common_lib.h(17): Registered web_reg_find successful for "Text=Welcome, <b>Nikita</b>" (count=1)  	[MsgId: MMSG-26364]
..\\common_lib.h(17): web_submit_data("login.pl") was successful, 5037 body bytes, 1343 header bytes  	[MsgId: MMSG-26386]
..\\common_lib.h(35): Notify: Transaction "login" ended with a "Pass" status (Duration: 0.4906 Wasted Time: 0.0052).
..\\common_lib.h(96): Notify: Transaction "goToFlight" started.
..\\common_lib.h(98): web_add_auto_header("Upgrade-Insecure-Requests") started  	[MsgId: MMSG-26355]
..\\common_lib.h(98): web_add_auto_header("Upgrade-Insecure-Requests") was successful  	[MsgId: MMSG-26392]
..\\common_lib.h(102): web_url("Search Flights Button") started  	[MsgId: MMSG-26355]
..\\common_lib.h(102): Detected non-resource "http://localhost:8090/WebTours/nav.pl?page=menu&in=flights" in "http://localhost:8090/WebTours/welcome.pl?page=search"  	[MsgId: MMSG-26574]
..\\common_lib.h(102): Detected non-resource "http://localhost:8090/WebTours/reservations.pl?page=welcome" in "http://localhost:8090/WebTours/welcome.pl?page=search"  	[MsgId: MMSG-26574]
..\\common_lib.h(102): Found resource "http://localhost:8090/WebTours/images/button_next.gif" in HTML "http://localhost:8090/WebTours/reservations.pl?page=welcome"  	[MsgId: MMSG-26659]
..\\common_lib.h(102): Resource "http://localhost:8090/WebTours/images/fonJM.png" is in the cache already and will not be downloaded again  	[MsgId: MMSG-26655]
..\\common_lib.h(102): Found resource "http://localhost:8090/WebTours/images/in_flights.gif" in HTML "http://localhost:8090/WebTours/nav.pl?page=menu&in=flights"  	[MsgId: MMSG-26659]
..\\common_lib.h(102): Resource "http://localhost:8090/WebTours/images/itinerary.gif" is in the cache already and will not be downloaded again  	[MsgId: MMSG-26655]
..\\common_lib.h(102): Found resource "http://localhost:8090/WebTours/images/home.gif" in HTML "http://localhost:8090/WebTours/nav.pl?page=menu&in=flights"  	[MsgId: MMSG-26659]
..\\common_lib.h(102): Resource "http://localhost:8090/WebTours/images/signoff.gif" is in the cache already and will not be downloaded again  	[MsgId: MMSG-26655]
..\\common_lib.h(102): web_url("Search Flights Button") was successful, 8390 body bytes, 1173 header bytes  	[MsgId: MMSG-26386]
..\\common_lib.h(112): Notify: Transaction "goToFlight" ended with a "Pass" status (Duration: 0.4756 Wasted Time: 0.0054).
..\\common_lib.h(118): Notify: Transaction "findFlight" started.
..\\common_lib.h(120): web_add_auto_header("Origin") started  	[MsgId: MMSG-26355]
..\\common_lib.h(120): web_add_auto_header("Origin") was successful  	[MsgId: MMSG-26392]
..\\common_lib.h(125): web_reg_save_param_attrib started  	[MsgId: MMSG-26355]
..\\common_lib.h(125): Registering web_reg_save_param_attrib was successful  	[MsgId: MMSG-26390]
..\\common_lib.h(136): web_submit_data("reservations.pl") started  	[MsgId: MMSG-26355]
..\\common_lib.h(136): Notify: Getting new value for parameter 'city': table = '..\DataPool\city.dat' column = '0' row = '1'.
..\\common_lib.h(136): Notify: Parameter Substitution: parameter "city" =  "Frankfurt"
..\\common_lib.h(136): Notify: Parameter Substitution: parameter "departDate" =  "10/11/2022"
..\\common_lib.h(136): Notify: Next row for parameter city = 2 [table  = city].
..\\common_lib.h(136): Notify: Getting new value for parameter 'city': table = '..\DataPool\city.dat' column = '0' row = '2'.
..\\common_lib.h(136): Notify: Parameter Substitution: parameter "city" =  "London"
..\\common_lib.h(136): Notify: Parameter Substitution: parameter "returnDate" =  "10/14/2022"
..\\common_lib.h(136): Notify: Parameter Substitution: parameter "seatPref" =  "Aisle"
..\\common_lib.h(136): Notify: Parameter Substitution: parameter "seatType" =  "Business"
..\\common_lib.h(136): Resource "http://localhost:8090/WebTours/images/button_next.gif" is in the cache already and will not be downloaded again  	[MsgId: MMSG-26655]
..\\common_lib.h(136): Notify: Saving Parameter "outboundFlight_1 = 120;385;10/11/2022".
..\\common_lib.h(136): Notify: Saving Parameter "outboundFlight_2 = 121;343;10/11/2022".
..\\common_lib.h(136): Notify: Saving Parameter "outboundFlight_3 = 122;364;10/11/2022".
..\\common_lib.h(136): Notify: Saving Parameter "outboundFlight_4 = 123;315;10/11/2022".
..\\common_lib.h(136): Notify: Saving Parameter "outboundFlight_count = 4".
..\\common_lib.h(136): web_submit_data("reservations.pl") was successful, 2362 body bytes, 253 header bytes  	[MsgId: MMSG-26386]
..\\common_lib.h(161): Notify: Parameter Substitution: parameter "outboundFlight_count" =  "4"
..\\common_lib.h(161): Notify: Parameter Substitution: parameter "outboundFlight_4" =  "123;315;10/11/2022"
..\\common_lib.h(161): Notify: Saving Parameter "outboundFlight = 123;315;10/11/2022".
..\\common_lib.h(163): Notify: Transaction "findFlight" ended with a "Pass" status (Duration: 0,4544 Wasted Time: 0,0057).
..\\common_lib.h(168): Notify: Transaction "choose_flight" started.
..\\common_lib.h(170): web_submit_data("reservations.pl_2") started  	[MsgId: MMSG-26355]
..\\common_lib.h(170): Notify: Parameter Substitution: parameter "outboundFlight" =  "123;315;10/11/2022"
..\\common_lib.h(170): Notify: Parameter Substitution: parameter "seatType" =  "Business"
..\\common_lib.h(170): Notify: Parameter Substitution: parameter "seatPref" =  "Aisle"
..\\common_lib.h(170): Resource "http://localhost:8090/WebTours/images/button_next.gif" is in the cache already and will not be downloaded again  	[MsgId: MMSG-26655]
..\\common_lib.h(170): web_submit_data("reservations.pl_2") was successful, 2701 body bytes, 253 header bytes  	[MsgId: MMSG-26386]
..\\common_lib.h(188): Notify: Transaction "choose_flight" ended with a "Pass" status (Duration: 0,4511 Wasted Time: 0,0035).
..\\common_lib.h(195): Notify: Transaction "paymentDetails" started.
..\\common_lib.h(197): web_remove_auto_header("Origin") started  	[MsgId: MMSG-26355]
..\\common_lib.h(197): Previous automatically added web header for "Origin" removed  	[MsgId: MMSG-26587]
..\\common_lib.h(197): web_remove/revert_auto_header("Origin") was successful  	[MsgId: MMSG-26392]
..\\common_lib.h(199): web_remove_auto_header("Upgrade-Insecure-Requests") started  	[MsgId: MMSG-26355]
..\\common_lib.h(199): Previous automatically added web header for "Upgrade-Insecure-Requests" removed  	[MsgId: MMSG-26587]
..\\common_lib.h(199): web_remove/revert_auto_header("Upgrade-Insecure-Requests") was successful  	[MsgId: MMSG-26392]
..\\common_lib.h(201): web_reg_find started  	[MsgId: MMSG-26355]
..\\common_lib.h(201): Registering web_reg_find was successful  	[MsgId: MMSG-26390]
..\\common_lib.h(204): web_add_header("Origin") started  	[MsgId: MMSG-26355]
..\\common_lib.h(204): web_add_header("Origin") was successful  	[MsgId: MMSG-26392]
..\\common_lib.h(209): web_submit_data("reservations.pl_3") started  	[MsgId: MMSG-26355]
..\\common_lib.h(209): Notify: Next row for parameter firstName = 1 [table  = firstName].
..\\common_lib.h(209): Notify: Parameter Substitution: parameter "firstName" =  "Nick"
..\\common_lib.h(209): Notify: Next row for parameter lastName = 1 [table  = lastName].
..\\common_lib.h(209): Notify: Parameter Substitution: parameter "lastName" =  "Veselkov"
..\\common_lib.h(209): Notify: Next row for parameter streetAdress = 1 [table  = streetAdress].
..\\common_lib.h(209): Notify: Parameter Substitution: parameter "streetAdress" =  "Mira"
..\\common_lib.h(209): Notify: Parameter Substitution: parameter "cityAdress" =  "Berezniki"
..\\common_lib.h(209): Notify: Next row for parameter firstName = 1 [table  = firstName].
..\\common_lib.h(209): Notify: Parameter Substitution: parameter "firstName" =  "Nick"
..\\common_lib.h(209): Notify: Next row for parameter lastName = 1 [table  = lastName].
..\\common_lib.h(209): Notify: Parameter Substitution: parameter "lastName" =  "Veselkov"
..\\common_lib.h(209): Notify: Parameter Substitution: parameter "creditCard" =  "1315467984325"
..\\common_lib.h(209): Notify: Parameter Substitution: parameter "expDate" =  "07/26"
..\\common_lib.h(209): Notify: Parameter Substitution: parameter "seatType" =  "Business"
..\\common_lib.h(209): Notify: Parameter Substitution: parameter "seatPref" =  "Aisle"
..\\common_lib.h(209): Notify: Parameter Substitution: parameter "outboundFlight" =  "123;315;10/11/2022"
..\\common_lib.h(209): Found resource "http://localhost:8090/WebTours/images/bookanother.gif" in HTML "http://localhost:8090/WebTours/reservations.pl"  	[MsgId: MMSG-26659]
..\\common_lib.h(209): Registered web_reg_find successful for "Text=<small><B>Thank you for booking through Web Tours.</B></small>" (count=1)  	[MsgId: MMSG-26364]
..\\common_lib.h(209): web_submit_data("reservations.pl_3") was successful, 3233 body bytes, 541 header bytes  	[MsgId: MMSG-26386]
..\\common_lib.h(238): Notify: Transaction "paymentDetails" ended with a "Pass" status (Duration: 0,3720 Wasted Time: 0,0108).
..\\common_lib.h(41): Notify: Transaction "logout" started.
..\\common_lib.h(43): web_add_header("Upgrade-Insecure-Requests") started  	[MsgId: MMSG-26355]
..\\common_lib.h(43): web_add_header("Upgrade-Insecure-Requests") was successful  	[MsgId: MMSG-26392]
..\\common_lib.h(48): web_url("SignOff Button") started  	[MsgId: MMSG-26355]
..\\common_lib.h(48): Detected non-resource "http://localhost:8090/WebTours/nav.pl?in=home" in "http://localhost:8090/WebTours/welcome.pl?signOff=1"  	[MsgId: MMSG-26574]
..\\common_lib.h(48): Detected non-resource "http://localhost:8090/WebTours/home.html" in "http://localhost:8090/WebTours/welcome.pl?signOff=1"  	[MsgId: MMSG-26574]
..\\common_lib.h(48): Retrieving data from cache for "http://localhost:8090/WebTours/home.html"  	[MsgId: MMSG-26558]
..\\common_lib.h(48): Resource "http://localhost:8090/WebTours/images/fonJM.png" is in the cache already and will not be downloaded again  	[MsgId: MMSG-26655]
..\\common_lib.h(48): Resource "http://localhost:8090/WebTours/images/mer_login.gif" is in the cache already and will not be downloaded again  	[MsgId: MMSG-26655]
..\\common_lib.h(48): web_url("SignOff Button") was successful, 3384 body bytes, 639 header bytes  	[MsgId: MMSG-26386]
..\\common_lib.h(58): Notify: Transaction "logout" ended with a "Pass" status (Duration: 0.4590 Wasted Time: 0.0034).
Action.c(14): Notify: Transaction "UC_1_BuyTicket" ended with a "Pass" status (Duration: 3.4190 Wasted Time: 0.1323).
Ending action Action.
Ending iteration 1.
Ending Vuser...
Starting action vuser_end.
Ending action vuser_end.
Vuser Terminated.
Vuser 0 (thread 13272), ended OK."
