Start auto log messages stack - Iteration 255.	[MsgId: MMSG-10545]
..\\common_lib.h(79): Detected non-resource "http://localhost:8090/WebTours/nav.pl?in=home" in "http://localhost:8090/WebTours/welcome.pl?signOff=true"  	[MsgId: MMSG-26574]
..\\common_lib.h(79): Detected non-resource "http://localhost:8090/WebTours/home.html" in "http://localhost:8090/WebTours/welcome.pl?signOff=true"  	[MsgId: MMSG-26574]
..\\common_lib.h(79): Found resource "http://localhost:8090/WebTours/images/fonJM.png" in HTML "http://localhost:8090/WebTours/nav.pl?in=home"  	[MsgId: MMSG-26659]
..\\common_lib.h(79): Found resource "http://localhost:8090/WebTours/images/mer_login.gif" in HTML "http://localhost:8090/WebTours/nav.pl?in=home"  	[MsgId: MMSG-26659]
..\\common_lib.h(79): Error -27792: Failed to connect to server "localhost:8090": [10061] Connection refused  	[MsgId: MERR-27792]
End auto log messages stack.	[MsgId: MMSG-10544]


Start auto log messages stack - Iteration 306.	[MsgId: MMSG-10545]
Starting action Action.	[MsgId: MMSG-15919]
Action.c(3): Notify: Transaction "UC_4_Login_Logout" started.	[MsgId: MMSG-16999]
..\\common_lib.h(64): Notify: Transaction "homePage" started.	[MsgId: MMSG-16999]
..\\common_lib.h(66): web_add_auto_header("Upgrade-Insecure-Requests") started  	[MsgId: MMSG-26355]
..\\common_lib.h(66): web_add_auto_header("Upgrade-Insecure-Requests") was successful  	[MsgId: MMSG-26392]
..\\common_lib.h(70): web_reg_save_param_regexp started  	[MsgId: MMSG-26355]
..\\common_lib.h(70): Registering web_reg_save_param_regexp was successful  	[MsgId: MMSG-26390]
..\\common_lib.h(79): web_url("WebTours") started  	[MsgId: MMSG-26355]
..\\common_lib.h(79): Error -27792: Failed to connect to server "localhost:8090": [10061] Connection refused  	[MsgId: MERR-27792]
..\\common_lib.h(79): Error -35049: No match found for the requested parameter "userSession". Check whether the requested regular expression exists in the response data  	[MsgId: MERR-35049]
End auto log messages stack.	[MsgId: MMSG-10544]


Start auto log messages stack - Iteration 298.	[MsgId: MMSG-10545]
Starting action Action.	[MsgId: MMSG-15919]
Action.c(3): Notify: Transaction "UC_4_Login_Logout" started.	[MsgId: MMSG-16999]
..\\common_lib.h(64): Notify: Transaction "homePage" started.	[MsgId: MMSG-16999]
..\\common_lib.h(66): web_add_auto_header("Upgrade-Insecure-Requests") started  	[MsgId: MMSG-26355]
..\\common_lib.h(66): web_add_auto_header("Upgrade-Insecure-Requests") was successful  	[MsgId: MMSG-26392]
..\\common_lib.h(70): web_reg_save_param_regexp started  	[MsgId: MMSG-26355]
..\\common_lib.h(70): Registering web_reg_save_param_regexp was successful  	[MsgId: MMSG-26390]
..\\common_lib.h(79): web_url("WebTours") started  	[MsgId: MMSG-26355]
..\\common_lib.h(79): Error -27792: Failed to connect to server "localhost:8090": [10061] Connection refused  	[MsgId: MERR-27792]
..\\common_lib.h(79): Error -35049: No match found for the requested parameter "userSession". Check whether the requested regular expression exists in the response data  	[MsgId: MERR-35049]
End auto log messages stack.	[MsgId: MMSG-10544]


Start auto log messages stack - Iteration 299.	[MsgId: MMSG-10545]
Starting action Action.	[MsgId: MMSG-15919]
Action.c(3): Notify: Transaction "UC_4_Login_Logout" started.	[MsgId: MMSG-16999]
..\\common_lib.h(64): Notify: Transaction "homePage" started.	[MsgId: MMSG-16999]
..\\common_lib.h(66): web_add_auto_header("Upgrade-Insecure-Requests") started  	[MsgId: MMSG-26355]
..\\common_lib.h(66): web_add_auto_header("Upgrade-Insecure-Requests") was successful  	[MsgId: MMSG-26392]
..\\common_lib.h(70): web_reg_save_param_regexp started  	[MsgId: MMSG-26355]
..\\common_lib.h(70): Registering web_reg_save_param_regexp was successful  	[MsgId: MMSG-26390]
..\\common_lib.h(79): web_url("WebTours") started  	[MsgId: MMSG-26355]
..\\common_lib.h(79): Error -27792: Failed to connect to server "localhost:8090": [10061] Connection refused  	[MsgId: MERR-27792]
..\\common_lib.h(79): Error -35049: No match found for the requested parameter "userSession". Check whether the requested regular expression exists in the response data  	[MsgId: MERR-35049]
End auto log messages stack.	[MsgId: MMSG-10544]


Start auto log messages stack - Iteration 322.	[MsgId: MMSG-10545]
..\\common_lib.h(79): Detected non-resource "http://localhost:8090/WebTours/header.html" in "http://localhost:8090/WebTours/"  	[MsgId: MMSG-26574]
..\\common_lib.h(79): Detected non-resource "http://localhost:8090/WebTours/welcome.pl?signOff=true" in "http://localhost:8090/WebTours/"  	[MsgId: MMSG-26574]
..\\common_lib.h(79): Found resource "http://localhost:8090/WebTours/images/jmeter_logo.png" in HTML "http://localhost:8090/WebTours/header.html"  	[MsgId: MMSG-26659]
..\\common_lib.h(79): Found resource "http://localhost:8090/WebTours/images/webtours.png" in HTML "http://localhost:8090/WebTours/header.html"  	[MsgId: MMSG-26659]
..\\common_lib.h(79): Found resource "http://localhost:8090/WebTours/images/in_home.gif" in HTML "http://localhost:8090/WebTours/header.html"  	[MsgId: MMSG-26659]
..\\common_lib.h(79): Error -27792: Failed to connect to server "localhost:8090": [10061] Connection refused  	[MsgId: MERR-27792]
End auto log messages stack.	[MsgId: MMSG-10544]


Start auto log messages stack - Iteration 322.	[MsgId: MMSG-10545]
..\\common_lib.h(79): Warning -27792: Failed to connect to server "localhost:8090": [10061] Connection refused  	[MsgId: MWAR-27792]
..\\common_lib.h(79): Error -35049: No match found for the requested parameter "userSession". Check whether the requested regular expression exists in the response data  	[MsgId: MERR-35049]
End auto log messages stack.	[MsgId: MMSG-10544]


Start auto log messages stack - Iteration 286.	[MsgId: MMSG-10545]
..\\common_lib.h(79): Detected non-resource "http://localhost:8090/WebTours/header.html" in "http://localhost:8090/WebTours/"  	[MsgId: MMSG-26574]
..\\common_lib.h(79): Detected non-resource "http://localhost:8090/WebTours/welcome.pl?signOff=true" in "http://localhost:8090/WebTours/"  	[MsgId: MMSG-26574]
..\\common_lib.h(79): Found resource "http://localhost:8090/WebTours/images/jmeter_logo.png" in HTML "http://localhost:8090/WebTours/header.html"  	[MsgId: MMSG-26659]
..\\common_lib.h(79): Found resource "http://localhost:8090/WebTours/images/webtours.png" in HTML "http://localhost:8090/WebTours/header.html"  	[MsgId: MMSG-26659]
..\\common_lib.h(79): Found resource "http://localhost:8090/WebTours/images/in_home.gif" in HTML "http://localhost:8090/WebTours/header.html"  	[MsgId: MMSG-26659]
..\\common_lib.h(79): Error -27792: Failed to connect to server "localhost:8090": [10061] Connection refused  	[MsgId: MERR-27792]
..\\common_lib.h(79): Error -35049: No match found for the requested parameter "userSession". Check whether the requested regular expression exists in the response data  	[MsgId: MERR-35049]
End auto log messages stack.	[MsgId: MMSG-10544]


